Error found by parser in `L1_read_ctrl_rev3'.
"/net/bull/root/Desktop/Cadence/ATSim/L1_write_ctrl_rev3/spiceText/spice.spc", line 8: Error: Instance `I0': Unexpected value `nand_1x' - all required positional parameters have already been specified.
"/net/bull/root/Desktop/Cadence/ATSim/L1_write_ctrl_rev3/spiceText/spice.spc", line 9: Error: Instance `I1': Unexpected value `Y2_n1' - all required positional parameters have already been specified.
"/net/bull/root/Desktop/Cadence/ATSim/L1_write_ctrl_rev3/spiceText/spice.spc", line 9: Error: Instance `I1': Unexpected value `nand3_1x' - all required positional parameters have already been specified.
"/net/bull/root/Desktop/Cadence/ATSim/L1_write_ctrl_rev3/spiceText/spice.spc", line 11: Error: Instance `I3': Unexpected value `nand_1x' - all required positional parameters have already been specified.
"/net/bull/root/Desktop/Cadence/ATSim/L1_write_ctrl_rev3/spiceText/spice.spc", line 13: Error: Instance `I5': Unexpected value `nand_1x' - all required positional parameters have already been specified.
"/net/bull/root/Desktop/Cadence/ATSim/L1_write_ctrl_rev3/spiceText/spice.spc", line 14: Error: Instance `I6': Unexpected value `Y2_n1' - all required positional parameters have already been specified.
"/net/bull/root/Desktop/Cadence/ATSim/L1_write_ctrl_rev3/spiceText/spice.spc", line 14: Error: Instance `I6': Unexpected value `nand_3x' - all required positional parameters have already been specified.
"/net/bull/root/Desktop/Cadence/ATSim/L1_write_ctrl_rev3/spiceText/spice.spc", line 16: Error: Instance `I8': Unexpected value `Y2_n1' - all required positional parameters have already been specified.
"/net/bull/root/Desktop/Cadence/ATSim/L1_write_ctrl_rev3/spiceText/spice.spc", line 16: Error: Instance `I8': Unexpected value `nand3_1x' - all required positional parameters have already been specified.
"/net/bull/root/Desktop/Cadence/ATSim/L1_write_ctrl_rev3/spiceText/spice.spc", line 17: Error: Instance `I9': Unexpected value `Y0_n1' - all required positional parameters have already been specified.
"/net/bull/root/Desktop/Cadence/ATSim/L1_write_ctrl_rev3/spiceText/spice.spc", line 17: Error: Instance `I9': Unexpected value `nand3_1x' - all required positional parameters have already been specified.
"/net/bull/root/Desktop/Cadence/ATSim/L1_write_ctrl_rev3/spiceText/spice.spc", line 19: Error: Instance `I11': Unexpected value `nand_1x' - all required positional parameters have already been specified.
"/net/bull/root/Desktop/Cadence/ATSim/L1_write_ctrl_rev3/spiceText/spice.spc", line 20: Error: Instance `I12': Unexpected value `y0' - all required positional parameters have already been specified.
"/net/bull/root/Desktop/Cadence/ATSim/L1_write_ctrl_rev3/spiceText/spice.spc", line 20: Error: Instance `I12': Unexpected value `nand3_1x' - all required positional parameters have already been specified.
"/net/bull/root/Desktop/Cadence/ATSim/L1_write_ctrl_rev3/spiceText/spice.spc", line 22: Error: Instance `I14': Unexpected value `nand_1x' - all required positional parameters have already been specified.
"/net/bull/root/Desktop/Cadence/ATSim/L1_write_ctrl_rev3/spiceText/spice.spc", line 23: Error: Instance `I15': Unexpected value `TagWrRegAck_n1' - all required positional parameters have already been specified.
"/net/bull/root/Desktop/Cadence/ATSim/L1_write_ctrl_rev3/spiceText/spice.spc", line 23: Error: Instance `I15': Unexpected value `nand_1x' - all required positional parameters have already been specified.
"/net/bull/root/Desktop/Cadence/ATSim/L1_write_ctrl_rev3/spiceText/spice.spc", line 25: Error: Instance `I17': Unexpected value `nand_1x' - all required positional parameters have already been specified.
"/net/bull/root/Desktop/Cadence/ATSim/L1_write_ctrl_rev3/spiceText/spice.spc", line 26: Error: Instance `I18': Unexpected value `y2' - all required positional parameters have already been specified.
"/net/bull/root/Desktop/Cadence/ATSim/L1_write_ctrl_rev3/spiceText/spice.spc", line 26: Error: Instance `I18': Unexpected value `nand3_1x' - all required positional parameters have already been specified.
"/net/bull/root/Desktop/Cadence/ATSim/L1_write_ctrl_rev3/spiceText/spice.spc", line 27: Error: Instance `I19': Unexpected value `p12' - all required positional parameters have already been specified.
"/net/bull/root/Desktop/Cadence/ATSim/L1_write_ctrl_rev3/spiceText/spice.spc", line 27: Error: Instance `I19': Unexpected value `nand3_1x' - all required positional parameters have already been specified.
"/net/bull/root/Desktop/Cadence/ATSim/L1_write_ctrl_rev3/spiceText/spice.spc", line 28: Error: Instance `I20': Unexpected value `p6' - all required positional parameters have already been specified.
"/net/bull/root/Desktop/Cadence/ATSim/L1_write_ctrl_rev3/spiceText/spice.spc", line 28: Error: Instance `I20': Unexpected value `p7' - all required positional parameters have already been specified.
"/net/bull/root/Desktop/Cadence/ATSim/L1_write_ctrl_rev3/spiceText/spice.spc", line 28: Error: Instance `I20': Unexpected value `p8' - all required positional parameters have already been specified.
"/net/bull/root/Desktop/Cadence/ATSim/L1_write_ctrl_rev3/spiceText/spice.spc", line 28: Error: Instance `I20': Unexpected value `nand5_1x' - all required positional parameters have already been specified.
"/net/bull/root/Desktop/Cadence/ATSim/L1_write_ctrl_rev3/spiceText/spice.spc", line 29: Error: Instance `I21': Unexpected value `p11' - all required positional parameters have already been specified.
"/net/bull/root/Desktop/Cadence/ATSim/L1_write_ctrl_rev3/spiceText/spice.spc", line 29: Error: Instance `I21': Unexpected value `p13' - all required positional parameters have already been specified.
"/net/bull/root/Desktop/Cadence/ATSim/L1_write_ctrl_rev3/spiceText/spice.spc", line 29: Error: Instance `I21': Unexpected value `nand4_1x' - all required positional parameters have already been specified.
"/net/bull/root/Desktop/Cadence/ATSim/L1_write_ctrl_rev3/spiceText/spice.spc", line 30: Error: Instance `I22': Unexpected value `p6' - all required positional parameters have already been specified.
"/net/bull/root/Desktop/Cadence/ATSim/L1_write_ctrl_rev3/spiceText/spice.spc", line 30: Error: Instance `I22': Unexpected value `nand3_1x' - all required positional parameters have already been specified.
"/net/bull/root/Desktop/Cadence/ATSim/L1_write_ctrl_rev3/spiceText/spice.spc", line 31: Error: Instance `I23': Unexpected value `nand_1x' - all required positional parameters have already been specified.
"/net/bull/root/Desktop/Cadence/ATSim/L1_write_ctrl_rev3/spiceText/spice.spc", line 32: Error: Instance `I24': Unexpected value `p5' - all required positional parameters have already been specified.
"/net/bull/root/Desktop/Cadence/ATSim/L1_write_ctrl_rev3/spiceText/spice.spc", line 32: Error: Instance `I24': Unexpected value `nand3_1x' - all required positional parameters have already been specified.
"/net/bull/root/Desktop/Cadence/ATSim/L1_write_ctrl_rev3/spiceText/spice.spc", line 33: Error: Instance `I25': Unexpected value `nand2_1x' - all required positional parameters have already been specified.
"/net/bull/root/Desktop/Cadence/ATSim/L1_write_ctrl_rev3/spiceText/spice.spc", line 34: Error: Instance `I26': Unexpected value `p4' - all required positional parameters have already been specified.
"/net/bull/root/Desktop/Cadence/ATSim/L1_write_ctrl_rev3/spiceText/spice.spc", line 34: Error: Instance `I26': Unexpected value `p6' - all required positional parameters have already been specified.
"/net/bull/root/Desktop/Cadence/ATSim/L1_write_ctrl_rev3/spiceText/spice.spc", line 34: Error: Instance `I26': Unexpected value `nand4_1x' - all required positional parameters have already been specified.
