\# Program start time UTC 2015.04.30 06:26:13.803
\# Local time Wednesday 29 April 2015, 11:26 pm
\o Program:		@(#)$CDS: virtuoso version 6.1.6 01/19/2015 20:41 (sjfnl169) $
\o Hierarchy:		/apps/cadence/IC616/tools.lnx86/dfII/
\o Sub version:		sub-version  IC6.1.6.500.10  (32-bit addresses)
\# Command line:	/apps/cadence/IC616/tools.lnx86/dfII/bin/32bit/virtuoso -noautostart -mpssession virtuoso6635 -mpshost bull -davinciService DaVinciService_6635_1430373948 -log /root/Desktop/Cadence/logs_root/logs0/Job1.log -licenseLockFileName /root/Desktop/Cadence/.tmp_root/.bull_6635 -nograph -nostdin -axlChildIdFlag 1
\# Host name (type):	bull (x86_64)
\# Operating system:	Linux 2.6.32-504.16.2.el6.x86_64 #1 SMP Tue Mar 10 17:01:00 EDT 2015
\# Linux /etc/issue:	Red Hat Enterprise Linux Client release 6.6 (Santiago)
\# Linux /etc/issue:	Kernel \r on an \m
\# X display name (WxH):	bull:80 (1024x868)
\# Available geometry:			TL(0:0) BR(1023:867)
\# X server:			RealVNC Ltd (VNC nograph server, PID 8652)
\# Depth of Visual (Root):	16 (16)
\# Number of Planes Used:	16
\# X version:		11.0 (vendor release 3370)
\# X resource pool:	base 0x800000, mask 0x3fffff (4194303), shift 0
\# 			current id 0x0, current max 0x3ffffa (4194298)
\# Max data seg size:	     unlimited
\# Max process size:	     unlimited
\# Initial sbrk value:	        434 MB
\# Available memory:	     46,996 MB
\# System memory:	     48,512 MB
\# Maximum memory size:	      3,715 MB
\# Max mem available:	      3,715 MB
\# Initial memory used:	         53 MB
\#        process size:	        455 MB
\# Qt version:		4.7.2
\# Window Manager:	other
\# User Name:		root
\o Working Directory:	bull:/root/Desktop/Cadence
\# Process Id:		8654
\o 
\o COPYRIGHT © 1992-2014  CADENCE DESIGN SYSTEMS INC.  ALL RIGHTS RESERVED.
\o           © 1992-2014  UNIX SYSTEMS Laboratories INC.,
\o                          Reproduced with permission.
\o 
\o This Cadence Design Systems program and online documentation are
\o proprietary/confidential information and may be disclosed/used only
\o as authorized in a license agreement controlling such use and disclosure.
\o 
\o           RESTRICTED RIGHTS NOTICE (SHORT FORM)
\o Use/reproduction/disclosure is subject to restriction
\o set forth at FAR 1252.227-19 or its equivalent.
\o Loading geView.cxt 
\o Loading menuBuilder.cxt 
\o Loading schView.cxt 
\o Loading selectSv.cxt 
\o Loading LVS.cxt 
\o Loading layerProc.cxt 
\o Loading pte2.cxt 
\o Loading xlUI.cxt 
\o Loading auCore.cxt 
\o Loading vhdl.cxt 
\o Loading seismic.cxt 
\o Loading ci.cxt 
\o Loading ams.cxt 
\o Loading oasis.cxt 
\o Loading analog.cxt 
\o Loading asimenv.cxt 
\o Loading par.cxt 
\o Loading socket.cxt 
\o Loading alvs.cxt 
\o Loading awv.cxt 
\o Loading adexl.cxt 
\o *Info*    Exporting services from client ... 
\o 
\o 
\o ---------------------------------------------------------------------------
\o Welcome to the FreePDK 45nm Free, Open-Source Process Design Kit
\o ---------------------------------------------------------------------------
\o 
\o loading vars from .cdsenv for tool ddserv
\o loading vars from .cdsenv for tool license
\o loading vars from .cdsenv for tool asimenv
\o loading vars from ./.cdsenv for tool ddserv
\o loading vars from ./.cdsenv for tool license
\o loading vars from ./.cdsenv for tool asimenv
\o Loading spectrei.cxt 
\# Memory report: using         165 MB, process size 599 MB at UTC 2015.04.30 06:26:16.106
\o Loading devCheck.cxt 
\o Loading relXpert.cxt 
\o Loading mmsimenv.cxt 
\o Loading spectreMixi.cxt 
\o *Info*    Client has finished starting ... 
\o 
\p > 
\o 
\o 
\o *Info*    Configuring the session ...
\o 
\o 	Library      = 16nm_Tests
\o 	Cell         = MCsetup_Test
\o 	View         = schematic
\o 	Simulator    = spectre
\o 	State Path   = $AXL_SETUPDB_DIR/test_states
\o 	State Name   = 16nm_Tests:MCsetup_Test:1_state1_MonteCarlo.0
\o 	Results DB   = /net/bull/root/Desktop/Cadence/16nm_Tests/MCsetup_Test/adexl/results/data/MonteCarlo.0.rdb
\o 	Results Dir  = /net/kafka/nfs/rstdenis/Cadence/simulation/16nm_Tests/MCsetup_Test/adexl/results/data/MonteCarlo.0/1/16nm_Tests:MCsetup_Test:1
\o 	Results Loc  = /net/kafka/nfs/rstdenis/Cadence/simulation/16nm_Tests/MCsetup_Test/adexl/results/data
\o 	Project Dir  = /net/kafka/nfs/rstdenis/Cadence/simulation
\o 	Setup DB loc = /net/bull/root/Desktop/Cadence/16nm_Tests/MCsetup_Test/adexl
\o 	File Encoding = 0
\o 
\o 
\o Loading simui.cxt 
\o Loading viva.cxt 
\o *Info*    Spectre controlMode is set "batch".
\o 
\o Loading hspiceD.cxt 
\o Loading spectreinl.cxt 
\o Loading msgHandler.cxt 
\o Loading UltraSim.cxt 
\o Loading AMSOSS.cxt 
\o Loading AMS.cxt 
\o 
\o 
\o 
\o 
\o 
\o *Info*    Run start for Point ID (0 1) on testbench [
\o           16nm_Tests:MCsetup_Test:1 ].
\o 
\w *WARNING* (TECH-2000203): Technology library 'NCSU_TechLib_FreePDK15' is attached to technology library 'cdsDefTechLib'.
\w  The local techDB takes precedence over property attachment in the new OA attachment policy.
\o Resetting statistical vars
\o 
\o *Info*    Setting parameter values ...
\o 
\o Lib = 16nm 	 Cell = inv_1x 	 View = estimated 
\o Inst = M0 	 Name = dvtshift 	 Val = "0"
\o Setting device parameter 16nm/inv_1x/estimated/M0.dvtshift = "0"
\o Lib = 16nm 	 Cell = inv_1x 	 View = estimated 
\o Inst = M1 	 Name = dvtshift 	 Val = "0"
\o Setting device parameter 16nm/inv_1x/estimated/M1.dvtshift = "0"
\o Loading monte.cxt 
\o Setting temp(T) = 27
\o Setting var time2 = "5n"
\o Setting var vdd = ".500"
\o 
\o *Info*    Netlist Directory =
\o           /net/kafka/nfs/rstdenis/Cadence/simulation/16nm_Tests/MCsetup_Test/adexl/results/data/MonteCarlo.0/1/16nm_Tests:MCsetup_Test:1/groupRunDataDir/netlist
\o 
\o 
\o *Info*    Data Directory    =
\o           /net/kafka/nfs/rstdenis/Cadence/simulation/16nm_Tests/MCsetup_Test/adexl/results/data/MonteCarlo.0/1/16nm_Tests:MCsetup_Test:1/groupRunDataDir
\o 
\o 
\o *Info*    Creating Netlist for Point ID (0 1)
\o 
\o generate netlist...
\o Loading seCore.cxt 
\o Begin Incremental Netlisting Apr 29 23:26:18 2015
\o WARNING (OSSHNL-226): There are more design variables used in the current netlisting session as
\o compared to the last session in the current run directory. The netlist(s)
\o generated in the last netlisting session cannot be reused for incremental
\o netlisting. Therefore re-netlisting the design.
\o 
\o End netlisting Apr 29 23:26:18 2015
\o 
\o Netlisting Statistics:
\o 	Number of components:    5
\o 
\o 	Elapsed time:          1.0s (5.00/s)
\o Errors: 0	Warnings: 0
\o       ...successful.
\o compose simulator input file...
\o       ...successful.
\o 
\o *Info*    Running simulation on testbench [ 16nm_Tests:MCsetup_Test:1
\o           ] for Point ID (0 1).
\o 
\o *Info*    Spectre controlMode is set "batch" due to monte carlo run.
\o 
\o Delete psf data in /net/kafka/nfs/rstdenis/Cadence/simulation/16nm_Tests/MCsetup_Test/adexl/results/data/MonteCarlo.0/1/16nm_Tests:MCsetup_Test:1/groupRunDataDir/psf.
\o generate netlist...
\o Begin Incremental Netlisting Apr 29 23:26:19 2015
\o End netlisting Apr 29 23:26:19 2015
\o 
\o Netlisting Statistics:
\o 	Number of components:    2
\o 
\o 	Elapsed time:          0.0s
\o Errors: 0	Warnings: 0
\o       ...successful.
\o compose simulator input file...
\o       ...successful.
\o start simulator if needed...
\o       ...successful.
\o simulate...
\o To view the simulator output, right-click on the test name, result 
\o name, or any value in the "Results" tab of the Outputs section and 
\o choose "Output Log" menu option.
\o Loading paraplot.cxt 
\# Available memory:         46,616 MB at UTC 2015.04.30 06:26:24.081
\o INFO (ADE-3067): Errors encountered during simulation. For more information, right-click
\o         on a test name in the 'Results' tab of the Outputs pane and choose 'Output Log'
\o         to view the simulation run log.
\o *Info*    Monte Carlo Simulation unsuccessful...
\o *Info*    See simulation output log for more information.
\o 
\o *Error*   Error ID  = 5052
\o *Error*   Error Msg = 
\o Nominal simulation might have failed. Either
\o           fix the problem in the test setup or disable the test and
\o           re-run.
\o 
\o To view the simulator output, right-click on the
\o           test name, result name, or any corner column in the
\o           "Detail" view 
\o of the "Results" tab and choose "Output Log"
\o           menu option.
\o 
\o 
\o 
\o 
\o 
\o *Error*   Error ID  = 5011
\o *Error*   Error Msg = Simulator failed to complete the simulation.
\o 
\o           Error found by spectre during hierarchy flattening.
\o Error
\o           found by spectre during hierarchy flattening.
\o ERROR
\o           (SFE-11): Unknown parameter `dvtshift' specified in process
\o           vary statement.
\o ERROR (SFE-12): Unknown parameter
\o           `dvtshift' specified in mismatch vary statement.
\o 
\o 
\o 
\o 
\o 
\o INFO (ADE-3072): Simulation is stopped by user. Simulation results may not be complete.
\o Simulation design variables differ from those on the cellView,
\o they have been saved in the file "/tmp/saved-design-variables".
\o To save future changes, copy variables to cellView before exiting.
\o 
\o 
\o *Info*    Configuring the session ...
\o 
\o 	Library      = 16nm_Tests
\o 	Cell         = MCsetup_Test
\o 	View         = schematic
\o 	Simulator    = spectre
\o 	State Path   = $AXL_SETUPDB_DIR/test_states
\o 	State Name   = 16nm_Tests:MCsetup_Test:1_state1_MonteCarlo.1
\o 	Results DB   = /net/bull/root/Desktop/Cadence/16nm_Tests/MCsetup_Test/adexl/results/data/MonteCarlo.1.rdb
\o 	Results Dir  = /net/kafka/nfs/rstdenis/Cadence/simulation/16nm_Tests/MCsetup_Test/adexl/results/data/MonteCarlo.1/1/16nm_Tests:MCsetup_Test:1
\o 	Results Loc  = /net/kafka/nfs/rstdenis/Cadence/simulation/16nm_Tests/MCsetup_Test/adexl/results/data
\o 	Project Dir  = /net/kafka/nfs/rstdenis/Cadence/simulation
\o 	Setup DB loc = /net/bull/root/Desktop/Cadence/16nm_Tests/MCsetup_Test/adexl
\o 	File Encoding = 0
\o 
\o 
\o *Info*    Spectre controlMode is set "batch".
\o 
\o 
\o 
\o 
\o 
\o 
\o *Info*    Run start for Point ID (1 1) on testbench [
\o           16nm_Tests:MCsetup_Test:1 ].
\o 
\o Resetting statistical vars
\o 
\o *Info*    Setting parameter values ...
\o 
\o Lib = 16nm 	 Cell = inv_1x 	 View = estimated 
\o Inst = M0 	 Name = dvtshift 	 Val = "0"
\o Setting device parameter 16nm/inv_1x/estimated/M0.dvtshift = "0"
\o Lib = 16nm 	 Cell = inv_1x 	 View = estimated 
\o Inst = M1 	 Name = dvtshift 	 Val = "0"
\o Setting device parameter 16nm/inv_1x/estimated/M1.dvtshift = "0"
\o Setting temp(T) = 27
\o Setting var time2 = "5n"
\o Setting var vdd = ".500"
\o 
\o *Info*    Netlist Directory =
\o           /net/kafka/nfs/rstdenis/Cadence/simulation/16nm_Tests/MCsetup_Test/adexl/results/data/MonteCarlo.1/1/16nm_Tests:MCsetup_Test:1/groupRunDataDir/netlist
\o 
\o 
\o *Info*    Data Directory    =
\o           /net/kafka/nfs/rstdenis/Cadence/simulation/16nm_Tests/MCsetup_Test/adexl/results/data/MonteCarlo.1/1/16nm_Tests:MCsetup_Test:1/groupRunDataDir
\o 
\o 
\o *Info*    Creating Netlist for Point ID (1 1)
\o 
\o generate netlist...
\o Begin Incremental Netlisting Apr 29 23:27:47 2015
\o End netlisting Apr 29 23:27:48 2015
\o 
\o Netlisting Statistics:
\o 	Number of components:    2
\o 
\o 	Elapsed time:          1.0s (2.00/s)
\o Errors: 0	Warnings: 0
\o       ...successful.
\o compose simulator input file...
\o       ...successful.
\o 
\o *Info*    Running simulation on testbench [ 16nm_Tests:MCsetup_Test:1
\o           ] for Point ID (1 1).
\o 
\o *Info*    Spectre controlMode is set "batch" due to monte carlo run.
\o 
\o Delete psf data in /net/kafka/nfs/rstdenis/Cadence/simulation/16nm_Tests/MCsetup_Test/adexl/results/data/MonteCarlo.1/1/16nm_Tests:MCsetup_Test:1/groupRunDataDir/psf.
\o generate netlist...
\o Begin Incremental Netlisting Apr 29 23:27:49 2015
\o End netlisting Apr 29 23:27:49 2015
\o 
\o Netlisting Statistics:
\o 	Number of components:    2
\o 
\o 	Elapsed time:          0.0s
\o Errors: 0	Warnings: 0
\o       ...successful.
\o compose simulator input file...
\o       ...successful.
\o start simulator if needed...
\o       ...successful.
\o simulate...
\o To view the simulator output, right-click on the test name, result 
\o name, or any value in the "Results" tab of the Outputs section and 
\o choose "Output Log" menu option.
\o INFO (ADE-3067): Errors encountered during simulation. For more information, right-click
\o         on a test name in the 'Results' tab of the Outputs pane and choose 'Output Log'
\o         to view the simulation run log.
\o *Info*    Monte Carlo Simulation unsuccessful...
\o *Info*    See simulation output log for more information.
\o 
\o *Error*   Error ID  = 5052
\o *Error*   Error Msg = 
\o Nominal simulation might have failed. Either
\o           fix the problem in the test setup or disable the test and
\o           re-run.
\o 
\o To view the simulator output, right-click on the
\o           test name, result name, or any corner column in the
\o           "Detail" view 
\o of the "Results" tab and choose "Output Log"
\o           menu option.
\o 
\o 
\o 
\o 
\o 
\o *Error*   Error ID  = 5011
\o *Error*   Error Msg = Simulator failed to complete the simulation.
\o 
\o           Error found by spectre during hierarchy flattening.
\o Error
\o           found by spectre during hierarchy flattening.
\o ERROR
\o           (SFE-11): Unknown parameter `dvtshift' specified in process
\o           vary statement.
\o ERROR (SFE-12): Unknown parameter
\o           `dvtshift' specified in mismatch vary statement.
\o 
\o 
\o 
\o 
\o 
\o INFO (ADE-3072): Simulation is stopped by user. Simulation results may not be complete.
\o Simulation design variables differ from those on the cellView,
\o they have been saved in the file "/tmp/saved-design-variables".
\o To save future changes, copy variables to cellView before exiting.
\o Loading lce.cxt 
\o 
\o *Info*    Received signal SIGTERM.
\o 
\o 
