\# Program start time UTC 2015.04.30 09:10:19.614
\# Local time Thursday 30 April 2015, 2:10 am
\o Program:		@(#)$CDS: virtuoso version 6.1.6 01/19/2015 20:41 (sjfnl169) $
\o Hierarchy:		/apps/cadence/IC616/tools.lnx86/dfII/
\o Sub version:		sub-version  IC6.1.6.500.10  (32-bit addresses)
\# Command line:	/apps/cadence/IC616/tools.lnx86/dfII/bin/32bit/virtuoso -noautostart -mpssession virtuoso6635 -mpshost bull -davinciService DaVinciService_6635_1430373948 -log /root/Desktop/Cadence/logs_root/logs0/Job6.log -licenseLockFileName /root/Desktop/Cadence/.tmp_root/.bull_6635 -nograph -nostdin -axlChildIdFlag 6
\# Host name (type):	bull (x86_64)
\# Operating system:	Linux 2.6.32-504.16.2.el6.x86_64 #1 SMP Tue Mar 10 17:01:00 EDT 2015
\# Linux /etc/issue:	Red Hat Enterprise Linux Client release 6.6 (Santiago)
\# Linux /etc/issue:	Kernel \r on an \m
\# X display name (WxH):	bull:80 (1024x868)
\# Available geometry:			TL(0:0) BR(1023:867)
\# X server:			RealVNC Ltd (VNC nograph server, PID 28617)
\# Depth of Visual (Root):	16 (16)
\# Number of Planes Used:	16
\# X version:		11.0 (vendor release 3370)
\# X resource pool:	base 0x800000, mask 0x3fffff (4194303), shift 0
\# 			current id 0x0, current max 0x3ffffa (4194298)
\# Max data seg size:	     unlimited
\# Max process size:	     unlimited
\# Initial sbrk value:	        424 MB
\# Available memory:	     44,673 MB
\# System memory:	     48,512 MB
\# Maximum memory size:	      3,726 MB
\# Max mem available:	      3,726 MB
\# Initial memory used:	         53 MB
\#        process size:	        455 MB
\# Qt version:		4.7.2
\# Window Manager:	other
\# User Name:		root
\o Working Directory:	bull:/root/Desktop/Cadence
\# Process Id:		28618
\o 
\o COPYRIGHT © 1992-2014  CADENCE DESIGN SYSTEMS INC.  ALL RIGHTS RESERVED.
\o           © 1992-2014  UNIX SYSTEMS Laboratories INC.,
\o                          Reproduced with permission.
\o 
\o This Cadence Design Systems program and online documentation are
\o proprietary/confidential information and may be disclosed/used only
\o as authorized in a license agreement controlling such use and disclosure.
\o 
\o           RESTRICTED RIGHTS NOTICE (SHORT FORM)
\o Use/reproduction/disclosure is subject to restriction
\o set forth at FAR 1252.227-19 or its equivalent.
\o Loading geView.cxt 
\o Loading menuBuilder.cxt 
\o Loading schView.cxt 
\o Loading selectSv.cxt 
\o Loading LVS.cxt 
\o Loading layerProc.cxt 
\o Loading pte2.cxt 
\o Loading xlUI.cxt 
\o Loading auCore.cxt 
\o Loading vhdl.cxt 
\o Loading seismic.cxt 
\o Loading ci.cxt 
\o Loading ams.cxt 
\o Loading oasis.cxt 
\o Loading analog.cxt 
\o Loading asimenv.cxt 
\o Loading par.cxt 
\o Loading socket.cxt 
\o Loading alvs.cxt 
\o Loading awv.cxt 
\o Loading adexl.cxt 
\o *Info*    Exporting services from client ... 
\o 
\o 
\o ---------------------------------------------------------------------------
\o Welcome to the FreePDK 45nm Free, Open-Source Process Design Kit
\o ---------------------------------------------------------------------------
\o 
\o loading vars from .cdsenv for tool ddserv
\o loading vars from .cdsenv for tool license
\o loading vars from .cdsenv for tool asimenv
\o loading vars from ./.cdsenv for tool ddserv
\o loading vars from ./.cdsenv for tool license
\o loading vars from ./.cdsenv for tool asimenv
\o Loading spectrei.cxt 
\o Loading devCheck.cxt 
\o Loading relXpert.cxt 
\o Loading mmsimenv.cxt 
\o Loading spectreMixi.cxt 
\# Memory report: using         171 MB, process size 604 MB at UTC 2015.04.30 09:10:22.035
\o *Info*    Client has finished starting ... 
\o 
\p > 
\o 
\o 
\o *Info*    Configuring the session ...
\o 
\o 	Library      = 16nm_Tests
\o 	Cell         = MCsetup_Test
\o 	View         = schematic
\o 	Simulator    = spectre
\o 	State Path   = $AXL_SETUPDB_DIR/test_states
\o 	State Name   = 16nm_Tests:MCsetup_Test:1_state1_MonteCarlo.1
\o 	Results DB   = /net/bull/root/Desktop/Cadence/16nm_Tests/MCsetup_Test/adexl/results/data/MonteCarlo.1.rdb
\o 	Results Dir  = /net/kafka/nfs/rstdenis/Cadence/simulation/16nm_Tests/MCsetup_Test/adexl/results/data/MonteCarlo.1/1/16nm_Tests:MCsetup_Test:1
\o 	Results Loc  = /net/kafka/nfs/rstdenis/Cadence/simulation/16nm_Tests/MCsetup_Test/adexl/results/data
\o 	Project Dir  = /net/kafka/nfs/rstdenis/Cadence/simulation
\o 	Setup DB loc = /net/bull/root/Desktop/Cadence/16nm_Tests/MCsetup_Test/adexl
\o 	File Encoding = 0
\o 
\o 
\o Loading simui.cxt 
\o Loading viva.cxt 
\o *Info*    Spectre controlMode is set "batch".
\o 
\o Loading hspiceD.cxt 
\o Loading spectreinl.cxt 
\o Loading msgHandler.cxt 
\o Loading UltraSim.cxt 
\o Loading AMSOSS.cxt 
\o Loading AMS.cxt 
\o 
\o 
\o 
\o 
\o 
\o *Info*    Run start for Point ID (10 1) on testbench [
\o           16nm_Tests:MCsetup_Test:1 ].
\o 
\o Resetting statistical vars
\o 
\o *Info*    Setting parameter values ...
\o 
\o Loading monte.cxt 
\o Setting temp(T) = 27
\o Setting var time2 = "5n"
\o Setting var vdd = ".500"
\o 
\o *Info*    Netlist Directory =
\o           /net/kafka/nfs/rstdenis/Cadence/simulation/16nm_Tests/MCsetup_Test/adexl/results/data/MonteCarlo.1/1/16nm_Tests:MCsetup_Test:1/groupRunDataDir/netlist
\o 
\o 
\o *Info*    Data Directory    =
\o           /net/kafka/nfs/rstdenis/Cadence/simulation/16nm_Tests/MCsetup_Test/adexl/results/data/MonteCarlo.1/1/16nm_Tests:MCsetup_Test:1/groupRunDataDir
\o 
\o 
\o *Info*    Creating Netlist for Point ID (10 1)
\o 
\o generate netlist...
\o Loading seCore.cxt 
\o Begin Incremental Netlisting Apr 30 02:10:23 2015
\o End netlisting Apr 30 02:10:23 2015
\o 
\o 	The netlist is up to date.
\o 	Time taken to compare the design with netlist:   0.0s
\o       ...successful.
\o compose simulator input file...
\o       ...successful.
\o 
\o *Info*    Running simulation on testbench [ 16nm_Tests:MCsetup_Test:1
\o           ] for Point ID (10 1).
\o 
\o *Info*    Spectre controlMode is set "batch" due to monte carlo run.
\o 
\o Delete psf data in /net/kafka/nfs/rstdenis/Cadence/simulation/16nm_Tests/MCsetup_Test/adexl/results/data/MonteCarlo.1/1/16nm_Tests:MCsetup_Test:1/groupRunDataDir/psf.
\o generate netlist...
\o Begin Incremental Netlisting Apr 30 02:10:24 2015
\o End netlisting Apr 30 02:10:24 2015
\o 
\o 	The netlist is up to date.
\o 	Time taken to compare the design with netlist:   0.0s
\o       ...successful.
\o compose simulator input file...
\o       ...successful.
\o start simulator if needed...
\o       ...successful.
\o simulate...
\o To view the simulator output, right-click on the test name, result 
\o name, or any value in the "Results" tab of the Outputs section and 
\o choose "Output Log" menu option.
\o Loading paraplot.cxt 
\o *Info*    Client has finished evaluating ... 
\o 
\o 
\o *Info*    Run complete for Point ID (10 1) on testbench [
\o           16nm_Tests:MCsetup_Test:1 ].
\o 
\o 
\o 
\o 
\o 
\o *Info*    Client has finished evaluating ... 
\o 
\o 
\o *Info*    Run complete for Point ID (10 2) on testbench [
\o           16nm_Tests:MCsetup_Test:1 ].
\o 
\o 
\o 
\o 
\o 
\o *Info*    Client has finished evaluating ... 
\o 
\o 
\o *Info*    Run complete for Point ID (10 3) on testbench [
\o           16nm_Tests:MCsetup_Test:1 ].
\o 
\o 
\o 
\o 
\o 
\o *Info*    Client has finished evaluating ... 
\o 
\o 
\o *Info*    Run complete for Point ID (10 4) on testbench [
\o           16nm_Tests:MCsetup_Test:1 ].
\o 
\o 
\o 
\o 
\o 
\# Available memory:         44,500 MB at UTC 2015.04.30 09:10:29.320
\o *Info*    Client has finished evaluating ... 
\o 
\o 
\o *Info*    Run complete for Point ID (10 5) on testbench [
\o           16nm_Tests:MCsetup_Test:1 ].
\o 
\o 
\o 
\o 
\o 
\o *Info*    Client has finished evaluating ... 
\o 
\o 
\o *Info*    Run complete for Point ID (10 6) on testbench [
\o           16nm_Tests:MCsetup_Test:1 ].
\o 
\o 
\o 
\o 
\o 
\o *Info*    Client has finished evaluating ... 
\o 
\o 
\o *Info*    Run complete for Point ID (10 7) on testbench [
\o           16nm_Tests:MCsetup_Test:1 ].
\o 
\o 
\o 
\o 
\o 
\o *Info*    Client has finished evaluating ... 
\o 
\o 
\o *Info*    Run complete for Point ID (10 8) on testbench [
\o           16nm_Tests:MCsetup_Test:1 ].
\o 
\o 
\o 
\o 
\o 
\o *Info*    Client has finished evaluating ... 
\o 
\o 
\o *Info*    Run complete for Point ID (10 9) on testbench [
\o           16nm_Tests:MCsetup_Test:1 ].
\o 
\o 
\o 
\o 
\o 
\o *Info*    Client has finished evaluating ... 
\o 
\o 
\o *Info*    Run complete for Point ID (10 10) on testbench [
\o           16nm_Tests:MCsetup_Test:1 ].
\o 
\o 
\o 
\o 
\o 
\o *Info*    Client has finished evaluating ... 
\o 
\o 
\o *Info*    Run complete for Point ID (10 11) on testbench [
\o           16nm_Tests:MCsetup_Test:1 ].
\o 
\o 
\o 
\o 
\o 
\o *Info*    Client has finished evaluating ... 
\o 
\o 
\o *Info*    Run complete for Point ID (10 12) on testbench [
\o           16nm_Tests:MCsetup_Test:1 ].
\o 
\o 
\o 
\o 
\o 
\o *Info*    Client has finished evaluating ... 
\o 
\o 
\o *Info*    Run complete for Point ID (10 13) on testbench [
\o           16nm_Tests:MCsetup_Test:1 ].
\o 
\o 
\o 
\o 
\o 
\o *Info*    Client has finished evaluating ... 
\o 
\o 
\o *Info*    Run complete for Point ID (10 14) on testbench [
\o           16nm_Tests:MCsetup_Test:1 ].
\o 
\o 
\o 
\o 
\o 
\o *Info*    Client has finished evaluating ... 
\o 
\o 
\o *Info*    Run complete for Point ID (10 15) on testbench [
\o           16nm_Tests:MCsetup_Test:1 ].
\o 
\o 
\o 
\o 
\o 
\o *Info*    Client has finished evaluating ... 
\o 
\o 
\o *Info*    Run complete for Point ID (10 16) on testbench [
\o           16nm_Tests:MCsetup_Test:1 ].
\o 
\o 
\o 
\o 
\o 
\o *Info*    Client has finished evaluating ... 
\o 
\o 
\o *Info*    Run complete for Point ID (10 17) on testbench [
\o           16nm_Tests:MCsetup_Test:1 ].
\o 
\o 
\o 
\o 
\o 
\o *Info*    Client has finished evaluating ... 
\o 
\o 
\o *Info*    Run complete for Point ID (10 18) on testbench [
\o           16nm_Tests:MCsetup_Test:1 ].
\o 
\o 
\o 
\o 
\o 
\o *Info*    Client has finished evaluating ... 
\o 
\o 
\o *Info*    Run complete for Point ID (10 19) on testbench [
\o           16nm_Tests:MCsetup_Test:1 ].
\o 
\o 
\o 
\o 
\o 
\o *Info*    Client has finished evaluating ... 
\o 
\o 
\o *Info*    Run complete for Point ID (10 20) on testbench [
\o           16nm_Tests:MCsetup_Test:1 ].
\o 
\o 
\o 
\o 
\o 
\o *Info*    Client has finished evaluating ... 
\o 
\o 
\o *Info*    Run complete for Point ID (10 21) on testbench [
\o           16nm_Tests:MCsetup_Test:1 ].
\o 
\o 
\o 
\o 
\o 
\o *Info*    Client has finished evaluating ... 
\o 
\o 
\o *Info*    Run complete for Point ID (10 22) on testbench [
\o           16nm_Tests:MCsetup_Test:1 ].
\o 
\o 
\o 
\o 
\o 
\o *Info*    Client has finished evaluating ... 
\o 
\o 
\o *Info*    Run complete for Point ID (10 23) on testbench [
\o           16nm_Tests:MCsetup_Test:1 ].
\o 
\o 
\o 
\o 
\o 
\o *Info*    Client has finished evaluating ... 
\o 
\o 
\o *Info*    Run complete for Point ID (10 24) on testbench [
\o           16nm_Tests:MCsetup_Test:1 ].
\o 
\o 
\o 
\o 
\o 
\o *Info*    Client has finished evaluating ... 
\o 
\o 
\o *Info*    Run complete for Point ID (10 25) on testbench [
\o           16nm_Tests:MCsetup_Test:1 ].
\o 
\o 
\o 
\o 
\o 
\o *Info*    Client has finished evaluating ... 
\o 
\o 
\o *Info*    Run complete for Point ID (10 26) on testbench [
\o           16nm_Tests:MCsetup_Test:1 ].
\o 
\o 
\o 
\o 
\o 
\o *Info*    Client has finished evaluating ... 
\o 
\o 
\o *Info*    Run complete for Point ID (10 27) on testbench [
\o           16nm_Tests:MCsetup_Test:1 ].
\o 
\o 
\o 
\o 
\o 
\o *Info*    Client has finished evaluating ... 
\o 
\o 
\o *Info*    Run complete for Point ID (10 28) on testbench [
\o           16nm_Tests:MCsetup_Test:1 ].
\o 
\o 
\o 
\o 
\o 
\o *Info*    Client has finished evaluating ... 
\o 
\o 
\o *Info*    Run complete for Point ID (10 29) on testbench [
\o           16nm_Tests:MCsetup_Test:1 ].
\o 
\o 
\o 
\o 
\o 
\o *Info*    Client has finished evaluating ... 
\o 
\o 
\o *Info*    Run complete for Point ID (10 30) on testbench [
\o           16nm_Tests:MCsetup_Test:1 ].
\o 
\o 
\o 
\o 
\o 
\o *Info*    Client has finished evaluating ... 
\o 
\o 
\o *Info*    Run complete for Point ID (10 31) on testbench [
\o           16nm_Tests:MCsetup_Test:1 ].
\o 
\o 
\o 
\o 
\o 
\o *Info*    Client has finished evaluating ... 
\o 
\o 
\o *Info*    Run complete for Point ID (10 32) on testbench [
\o           16nm_Tests:MCsetup_Test:1 ].
\o 
\o 
\o 
\o 
\o 
\o *Info*    Client has finished evaluating ... 
\o 
\o 
\o *Info*    Run complete for Point ID (10 33) on testbench [
\o           16nm_Tests:MCsetup_Test:1 ].
\o 
\o 
\o 
\o 
\o 
\o *Info*    Client has finished evaluating ... 
\o 
\o 
\o *Info*    Run complete for Point ID (10 34) on testbench [
\o           16nm_Tests:MCsetup_Test:1 ].
\o 
\o 
\o 
\o 
\o 
\o *Info*    Client has finished evaluating ... 
\o 
\o 
\o *Info*    Run complete for Point ID (10 35) on testbench [
\o           16nm_Tests:MCsetup_Test:1 ].
\o 
\o 
\o 
\o 
\o 
\o *Info*    Client has finished evaluating ... 
\o 
\o 
\o *Info*    Run complete for Point ID (10 36) on testbench [
\o           16nm_Tests:MCsetup_Test:1 ].
\o 
\o 
\o 
\o 
\o 
\o *Info*    Client has finished evaluating ... 
\o 
\o 
\o *Info*    Run complete for Point ID (10 37) on testbench [
\o           16nm_Tests:MCsetup_Test:1 ].
\o 
\o 
\o 
\o 
\o 
\o *Info*    Client has finished evaluating ... 
\o 
\o 
\o *Info*    Run complete for Point ID (10 38) on testbench [
\o           16nm_Tests:MCsetup_Test:1 ].
\o 
\o 
\o 
\o 
\o 
\o *Info*    Client has finished evaluating ... 
\o 
\o 
\o *Info*    Run complete for Point ID (10 39) on testbench [
\o           16nm_Tests:MCsetup_Test:1 ].
\o 
\o 
\o 
\o 
\o 
\o *Info*    Client has finished evaluating ... 
\o 
\o 
\o *Info*    Run complete for Point ID (10 40) on testbench [
\o           16nm_Tests:MCsetup_Test:1 ].
\o 
\o 
\o 
\o 
\o 
\o *Info*    Client has finished evaluating ... 
\o 
\o 
\o *Info*    Run complete for Point ID (10 41) on testbench [
\o           16nm_Tests:MCsetup_Test:1 ].
\o 
\o 
\o 
\o 
\o 
\o *Info*    Client has finished evaluating ... 
\o 
\o 
\o *Info*    Run complete for Point ID (10 42) on testbench [
\o           16nm_Tests:MCsetup_Test:1 ].
\o 
\o 
\o 
\o 
\o 
\o *Info*    Client has finished evaluating ... 
\o 
\o 
\o *Info*    Run complete for Point ID (10 43) on testbench [
\o           16nm_Tests:MCsetup_Test:1 ].
\o 
\o 
\o 
\o 
\o 
\o *Info*    Client has finished evaluating ... 
\o 
\o 
\o *Info*    Run complete for Point ID (10 44) on testbench [
\o           16nm_Tests:MCsetup_Test:1 ].
\o 
\o 
\o 
\o 
\o 
\o *Info*    Client has finished evaluating ... 
\o 
\o 
\o *Info*    Run complete for Point ID (10 45) on testbench [
\o           16nm_Tests:MCsetup_Test:1 ].
\o 
\o 
\o 
\o 
\o 
\o *Info*    Client has finished evaluating ... 
\o 
\o 
\o *Info*    Run complete for Point ID (10 46) on testbench [
\o           16nm_Tests:MCsetup_Test:1 ].
\o 
\o 
\o 
\o 
\o 
\o *Info*    Client has finished evaluating ... 
\o 
\o 
\o *Info*    Run complete for Point ID (10 47) on testbench [
\o           16nm_Tests:MCsetup_Test:1 ].
\o 
\o 
\o 
\o 
\o 
\o *Info*    Client has finished evaluating ... 
\o 
\o 
\o *Info*    Run complete for Point ID (10 48) on testbench [
\o           16nm_Tests:MCsetup_Test:1 ].
\o 
\o 
\o 
\o 
\o 
\o *Info*    Client has finished evaluating ... 
\o 
\o 
\o *Info*    Run complete for Point ID (10 49) on testbench [
\o           16nm_Tests:MCsetup_Test:1 ].
\o 
\o 
\o 
\o 
\o 
\o *Info*    Client has finished evaluating ... 
\o 
\o 
\o *Info*    Run complete for Point ID (10 50) on testbench [
\o           16nm_Tests:MCsetup_Test:1 ].
\o 
\o 
\o 
\o 
\o 
\o *Info*    Client has finished evaluating ... 
\o 
\o 
\o *Info*    Run complete for Point ID (10 51) on testbench [
\o           16nm_Tests:MCsetup_Test:1 ].
\o 
\o 
\o 
\o 
\o 
\o *Info*    Client has finished evaluating ... 
\o 
\o 
\o *Info*    Run complete for Point ID (10 52) on testbench [
\o           16nm_Tests:MCsetup_Test:1 ].
\o 
\o 
\o 
\o 
\o 
\o *Info*    Client has finished evaluating ... 
\o 
\o 
\o *Info*    Run complete for Point ID (10 53) on testbench [
\o           16nm_Tests:MCsetup_Test:1 ].
\o 
\o 
\o 
\o 
\o 
\o *Info*    Client has finished evaluating ... 
\o 
\o 
\o *Info*    Run complete for Point ID (10 54) on testbench [
\o           16nm_Tests:MCsetup_Test:1 ].
\o 
\o 
\o 
\o 
\o 
\o *Info*    Client has finished evaluating ... 
\o 
\o 
\o *Info*    Run complete for Point ID (10 55) on testbench [
\o           16nm_Tests:MCsetup_Test:1 ].
\o 
\o 
\o 
\o 
\o 
\o *Info*    Client has finished evaluating ... 
\o 
\o 
\o *Info*    Run complete for Point ID (10 56) on testbench [
\o           16nm_Tests:MCsetup_Test:1 ].
\o 
\o 
\o 
\o 
\o 
\o *Info*    Client has finished evaluating ... 
\o 
\o 
\o *Info*    Run complete for Point ID (10 57) on testbench [
\o           16nm_Tests:MCsetup_Test:1 ].
\o 
\o 
\o 
\o 
\o 
\o *Info*    Client has finished evaluating ... 
\o 
\o 
\o *Info*    Run complete for Point ID (10 58) on testbench [
\o           16nm_Tests:MCsetup_Test:1 ].
\o 
\o 
\o 
\o 
\o 
\o *Info*    Client has finished evaluating ... 
\o 
\o 
\o *Info*    Run complete for Point ID (10 59) on testbench [
\o           16nm_Tests:MCsetup_Test:1 ].
\o 
\o 
\o 
\o 
\o 
\o *Info*    Client has finished evaluating ... 
\o 
\o 
\o *Info*    Run complete for Point ID (10 60) on testbench [
\o           16nm_Tests:MCsetup_Test:1 ].
\o 
\o 
\o 
\o 
\o 
\o *Info*    Client has finished evaluating ... 
\o 
\o 
\o *Info*    Run complete for Point ID (10 61) on testbench [
\o           16nm_Tests:MCsetup_Test:1 ].
\o 
\o 
\o 
\o 
\o 
\o *Info*    Client has finished evaluating ... 
\o 
\o 
\o *Info*    Run complete for Point ID (10 62) on testbench [
\o           16nm_Tests:MCsetup_Test:1 ].
\o 
\o 
\o 
\o 
\o 
\o *Info*    Client has finished evaluating ... 
\o 
\o 
\o *Info*    Run complete for Point ID (10 63) on testbench [
\o           16nm_Tests:MCsetup_Test:1 ].
\o 
\o 
\o 
\o 
\o 
\o *Info*    Client has finished evaluating ... 
\o 
\o 
\o *Info*    Run complete for Point ID (10 64) on testbench [
\o           16nm_Tests:MCsetup_Test:1 ].
\o 
\o 
\o 
\o 
\o 
\o *Info*    Client has finished evaluating ... 
\o 
\o 
\o *Info*    Run complete for Point ID (10 65) on testbench [
\o           16nm_Tests:MCsetup_Test:1 ].
\o 
\o 
\o 
\o 
\o 
\o *Info*    Client has finished evaluating ... 
\o 
\o 
\o *Info*    Run complete for Point ID (10 66) on testbench [
\o           16nm_Tests:MCsetup_Test:1 ].
\o 
\o 
\o 
\o 
\o 
\o *Info*    Client has finished evaluating ... 
\o 
\o 
\o *Info*    Run complete for Point ID (10 67) on testbench [
\o           16nm_Tests:MCsetup_Test:1 ].
\o 
\o 
\o 
\o 
\o 
\o *Info*    Client has finished evaluating ... 
\o 
\o 
\o *Info*    Run complete for Point ID (10 68) on testbench [
\o           16nm_Tests:MCsetup_Test:1 ].
\o 
\o 
\o 
\o 
\o 
\o *Info*    Client has finished evaluating ... 
\o 
\o 
\o *Info*    Run complete for Point ID (10 69) on testbench [
\o           16nm_Tests:MCsetup_Test:1 ].
\o 
\o 
\o 
\o 
\o 
\o *Info*    Client has finished evaluating ... 
\o 
\o 
\o *Info*    Run complete for Point ID (10 70) on testbench [
\o           16nm_Tests:MCsetup_Test:1 ].
\o 
\o 
\o 
\o 
\o 
\o *Info*    Client has finished evaluating ... 
\o 
\o 
\o *Info*    Run complete for Point ID (10 71) on testbench [
\o           16nm_Tests:MCsetup_Test:1 ].
\o 
\o 
\o 
\o 
\o 
\o *Info*    Client has finished evaluating ... 
\o 
\o 
\o *Info*    Run complete for Point ID (10 72) on testbench [
\o           16nm_Tests:MCsetup_Test:1 ].
\o 
\o 
\o 
\o 
\o 
\o *Info*    Client has finished evaluating ... 
\o 
\o 
\o *Info*    Run complete for Point ID (10 73) on testbench [
\o           16nm_Tests:MCsetup_Test:1 ].
\o 
\o 
\o 
\o 
\o 
\o *Info*    Client has finished evaluating ... 
\o 
\o 
\o *Info*    Run complete for Point ID (10 74) on testbench [
\o           16nm_Tests:MCsetup_Test:1 ].
\o 
\o 
\o 
\o 
\o 
\o *Info*    Client has finished evaluating ... 
\o 
\o 
\o *Info*    Run complete for Point ID (10 75) on testbench [
\o           16nm_Tests:MCsetup_Test:1 ].
\o 
\o 
\o 
\o 
\o 
\o *Info*    Client has finished evaluating ... 
\o 
\o 
\o *Info*    Run complete for Point ID (10 76) on testbench [
\o           16nm_Tests:MCsetup_Test:1 ].
\o 
\o 
\o 
\o 
\o 
\o *Info*    Client has finished evaluating ... 
\o 
\o 
\o *Info*    Run complete for Point ID (10 77) on testbench [
\o           16nm_Tests:MCsetup_Test:1 ].
\o 
\o 
\o 
\o 
\o 
\o *Info*    Client has finished evaluating ... 
\o 
\o 
\o *Info*    Run complete for Point ID (10 78) on testbench [
\o           16nm_Tests:MCsetup_Test:1 ].
\o 
\o 
\o 
\o 
\o 
\o *Info*    Client has finished evaluating ... 
\o 
\o 
\o *Info*    Run complete for Point ID (10 79) on testbench [
\o           16nm_Tests:MCsetup_Test:1 ].
\o 
\o 
\o 
\o 
\o 
\o *Info*    Client has finished evaluating ... 
\o 
\o 
\o *Info*    Run complete for Point ID (10 80) on testbench [
\o           16nm_Tests:MCsetup_Test:1 ].
\o 
\o 
\o 
\o 
\o 
\o *Info*    Client has finished evaluating ... 
\o 
\o 
\o *Info*    Run complete for Point ID (10 81) on testbench [
\o           16nm_Tests:MCsetup_Test:1 ].
\o 
\o 
\o 
\o 
\o 
\o *Info*    Client has finished evaluating ... 
\o 
\o 
\o *Info*    Run complete for Point ID (10 82) on testbench [
\o           16nm_Tests:MCsetup_Test:1 ].
\o 
\o 
\o 
\o 
\o 
\o *Info*    Client has finished evaluating ... 
\o 
\o 
\o *Info*    Run complete for Point ID (10 83) on testbench [
\o           16nm_Tests:MCsetup_Test:1 ].
\o 
\o 
\o 
\o 
\o 
\o *Info*    Client has finished evaluating ... 
\o 
\o 
\o *Info*    Run complete for Point ID (10 84) on testbench [
\o           16nm_Tests:MCsetup_Test:1 ].
\o 
\o 
\o 
\o 
\o 
\o *Info*    Client has finished evaluating ... 
\o 
\o 
\o *Info*    Run complete for Point ID (10 85) on testbench [
\o           16nm_Tests:MCsetup_Test:1 ].
\o 
\o 
\o 
\o 
\o 
\o *Info*    Client has finished evaluating ... 
\o 
\o 
\o *Info*    Run complete for Point ID (10 86) on testbench [
\o           16nm_Tests:MCsetup_Test:1 ].
\o 
\o 
\o 
\o 
\o 
\o INFO (ADE-3071): Simulation completed successfully.
\o reading simulation data...
\o       ...successful.
\o *Info*    Client has finished evaluating ... 
\o 
\o 
\o *Info*    Run complete for Point ID (10 87) on testbench [
\o           16nm_Tests:MCsetup_Test:1 ].
\o 
\o 
\o 
\o 
\o 
\o *Info*    Client has finished evaluating ... 
\o 
\o 
\o *Info*    Run complete for Point ID (10 88) on testbench [
\o           16nm_Tests:MCsetup_Test:1 ].
\o 
\o 
\o 
\o 
\o 
\o *Info*    Client has finished evaluating ... 
\o 
\o 
\o *Info*    Run complete for Point ID (10 89) on testbench [
\o           16nm_Tests:MCsetup_Test:1 ].
\o 
\o 
\o 
\o 
\o 
\o *Info*    Client has finished evaluating ... 
\o 
\o 
\o *Info*    Run complete for Point ID (10 90) on testbench [
\o           16nm_Tests:MCsetup_Test:1 ].
\o 
\o 
\o 
\o 
\o 
\o *Info*    Client has finished evaluating ... 
\o 
\o 
\o *Info*    Run complete for Point ID (10 91) on testbench [
\o           16nm_Tests:MCsetup_Test:1 ].
\o 
\o 
\o 
\o 
\o 
\o *Info*    Client has finished evaluating ... 
\o 
\o 
\o *Info*    Run complete for Point ID (10 92) on testbench [
\o           16nm_Tests:MCsetup_Test:1 ].
\o 
\o 
\o 
\o 
\o 
\o *Info*    Client has finished evaluating ... 
\o 
\o 
\o *Info*    Run complete for Point ID (10 93) on testbench [
\o           16nm_Tests:MCsetup_Test:1 ].
\o 
\o 
\o 
\o 
\o 
\o *Info*    Client has finished evaluating ... 
\o 
\o 
\o *Info*    Run complete for Point ID (10 94) on testbench [
\o           16nm_Tests:MCsetup_Test:1 ].
\o 
\o 
\o 
\o 
\o 
\o *Info*    Client has finished evaluating ... 
\o 
\o 
\o *Info*    Run complete for Point ID (10 95) on testbench [
\o           16nm_Tests:MCsetup_Test:1 ].
\o 
\o 
\o 
\o 
\o 
\o *Info*    Client has finished evaluating ... 
\o 
\o 
\o *Info*    Run complete for Point ID (10 96) on testbench [
\o           16nm_Tests:MCsetup_Test:1 ].
\o 
\o 
\o 
\o 
\o 
\o *Info*    Client has finished evaluating ... 
\o 
\o 
\o *Info*    Run complete for Point ID (10 97) on testbench [
\o           16nm_Tests:MCsetup_Test:1 ].
\o 
\o 
\o 
\o 
\o 
\o *Info*    Client has finished evaluating ... 
\o 
\o 
\o *Info*    Run complete for Point ID (10 98) on testbench [
\o           16nm_Tests:MCsetup_Test:1 ].
\o 
\o 
\o 
\o 
\o 
\o *Info*    Client has finished evaluating ... 
\o 
\o 
\o *Info*    Run complete for Point ID (10 99) on testbench [
\o           16nm_Tests:MCsetup_Test:1 ].
\o 
\o 
\o 
\o 
\o 
\o *Info*    Client has finished evaluating ... 
\o 
\o 
\o *Info*    Run complete for Point ID (10 100) on testbench [
\o           16nm_Tests:MCsetup_Test:1 ].
\o 
\o 
\o 
\o 
\o 
\o *Info*    Client has finished evaluating ... 
\o 
\o 
\o *Info*    Run complete for Point ID (10 101) on testbench [
\o           16nm_Tests:MCsetup_Test:1 ].
\o 
\o 
\o 
\o 
\o 
\o *Info*    Client has finished evaluating ... 
\o 
\o 
\o *Info*    Run complete for Point ID (10 102) on testbench [
\o           16nm_Tests:MCsetup_Test:1 ].
\o 
\o 
\o 
\o 
\o 
\o *Info*    Client has finished evaluating ... 
\o 
\o 
\o *Info*    Run complete for Point ID (10 103) on testbench [
\o           16nm_Tests:MCsetup_Test:1 ].
\o 
\o 
\o 
\o 
\o 
\o *Info*    Client has finished evaluating ... 
\o 
\o 
\o *Info*    Run complete for Point ID (10 104) on testbench [
\o           16nm_Tests:MCsetup_Test:1 ].
\o 
\o 
\o 
\o 
\o 
\o *Info*    Client has finished evaluating ... 
\o 
\o 
\o *Info*    Run complete for Point ID (10 105) on testbench [
\o           16nm_Tests:MCsetup_Test:1 ].
\o 
\o 
\o 
\o 
\o 
\o *Info*    Client has finished evaluating ... 
\o 
\o 
\o *Info*    Run complete for Point ID (10 106) on testbench [
\o           16nm_Tests:MCsetup_Test:1 ].
\o 
\o 
\o 
\o 
\o 
\o *Info*    Client has finished evaluating ... 
\o 
\o 
\o *Info*    Run complete for Point ID (10 107) on testbench [
\o           16nm_Tests:MCsetup_Test:1 ].
\o 
\o 
\o 
\o 
\o 
\o *Info*    Client has finished evaluating ... 
\o 
\o 
\o *Info*    Run complete for Point ID (10 108) on testbench [
\o           16nm_Tests:MCsetup_Test:1 ].
\o 
\o 
\o 
\o 
\o 
\o *Info*    Client has finished evaluating ... 
\o 
\o 
\o *Info*    Run complete for Point ID (10 109) on testbench [
\o           16nm_Tests:MCsetup_Test:1 ].
\o 
\o 
\o 
\o 
\o 
\o *Info*    Client has finished evaluating ... 
\o 
\o 
\o *Info*    Run complete for Point ID (10 110) on testbench [
\o           16nm_Tests:MCsetup_Test:1 ].
\o 
\o 
\o 
\o 
\o 
\o *Info*    Client has finished evaluating ... 
\o 
\o 
\o *Info*    Run complete for Point ID (10 111) on testbench [
\o           16nm_Tests:MCsetup_Test:1 ].
\o 
\o 
\o 
\o 
\o 
\o *Info*    Client has finished evaluating ... 
\o 
\o 
\o *Info*    Run complete for Point ID (10 112) on testbench [
\o           16nm_Tests:MCsetup_Test:1 ].
\o 
\o 
\o 
\o 
\o 
\o *Info*    Client has finished evaluating ... 
\o 
\o 
\o *Info*    Run complete for Point ID (10 113) on testbench [
\o           16nm_Tests:MCsetup_Test:1 ].
\o 
\o 
\o 
\o 
\o 
\o *Info*    Client has finished evaluating ... 
\o 
\o 
\o *Info*    Run complete for Point ID (10 114) on testbench [
\o           16nm_Tests:MCsetup_Test:1 ].
\o 
\o 
\o 
\o 
\o 
\o *Info*    Client has finished evaluating ... 
\o 
\o 
\o *Info*    Run complete for Point ID (10 115) on testbench [
\o           16nm_Tests:MCsetup_Test:1 ].
\o 
\o 
\o 
\o 
\o 
\o *Info*    Client has finished evaluating ... 
\o 
\o 
\o *Info*    Run complete for Point ID (10 116) on testbench [
\o           16nm_Tests:MCsetup_Test:1 ].
\o 
\o 
\o 
\o 
\o 
\o *Info*    Client has finished evaluating ... 
\o 
\o 
\o *Info*    Run complete for Point ID (10 117) on testbench [
\o           16nm_Tests:MCsetup_Test:1 ].
\o 
\o 
\o 
\o 
\o 
\o *Info*    Client has finished evaluating ... 
\o 
\o 
\o *Info*    Run complete for Point ID (10 118) on testbench [
\o           16nm_Tests:MCsetup_Test:1 ].
\o 
\o 
\o 
\o 
\o 
\o *Info*    Client has finished evaluating ... 
\o 
\o 
\o *Info*    Run complete for Point ID (10 119) on testbench [
\o           16nm_Tests:MCsetup_Test:1 ].
\o 
\o 
\o 
\o 
\o 
\o *Info*    Client has finished evaluating ... 
\o 
\o 
\o *Info*    Run complete for Point ID (10 120) on testbench [
\o           16nm_Tests:MCsetup_Test:1 ].
\o 
\o 
\o 
\o 
\o 
\o *Info*    Client has finished evaluating ... 
\o 
\o 
\o *Info*    Run complete for Point ID (10 121) on testbench [
\o           16nm_Tests:MCsetup_Test:1 ].
\o 
\o 
\o 
\o 
\o 
\o *Info*    Client has finished evaluating ... 
\o 
\o 
\o *Info*    Run complete for Point ID (10 122) on testbench [
\o           16nm_Tests:MCsetup_Test:1 ].
\o 
\o 
\o 
\o 
\o 
\o *Info*    Client has finished evaluating ... 
\o 
\o 
\o *Info*    Run complete for Point ID (10 123) on testbench [
\o           16nm_Tests:MCsetup_Test:1 ].
\o 
\o 
\o 
\o 
\o 
\o *Info*    Client has finished evaluating ... 
\o 
\o 
\o *Info*    Run complete for Point ID (10 124) on testbench [
\o           16nm_Tests:MCsetup_Test:1 ].
\o 
\o 
\o 
\o 
\o 
\o *Info*    Client has finished evaluating ... 
\o 
\o 
\o *Info*    Run complete for Point ID (10 125) on testbench [
\o           16nm_Tests:MCsetup_Test:1 ].
\o 
\o 
\o 
\o 
\o 
\o *Info*    Client has finished evaluating ... 
\o 
\o 
\o *Info*    Run complete for Point ID (10 126) on testbench [
\o           16nm_Tests:MCsetup_Test:1 ].
\o 
\o 
\o 
\o 
\o 
\o *Info*    Client has finished evaluating ... 
\o 
\o 
\o *Info*    Run complete for Point ID (10 127) on testbench [
\o           16nm_Tests:MCsetup_Test:1 ].
\o 
\o 
\o 
\o 
\o 
\o *Info*    Client has finished evaluating ... 
\o 
\o 
\o *Info*    Run complete for Point ID (10 128) on testbench [
\o           16nm_Tests:MCsetup_Test:1 ].
\o 
\o 
\o 
\o 
\o 
\o *Info*    Client has finished evaluating ... 
\o 
\o 
\o *Info*    Run complete for Point ID (10 129) on testbench [
\o           16nm_Tests:MCsetup_Test:1 ].
\o 
\o 
\o 
\o 
\o 
\o *Info*    Client has finished evaluating ... 
\o 
\o 
\o *Info*    Run complete for Point ID (10 130) on testbench [
\o           16nm_Tests:MCsetup_Test:1 ].
\o 
\o 
\o 
\o 
\o 
\o *Info*    Client has finished evaluating ... 
\o 
\o 
\o *Info*    Run complete for Point ID (10 131) on testbench [
\o           16nm_Tests:MCsetup_Test:1 ].
\o 
\o 
\o 
\o 
\o 
\o *Info*    Client has finished evaluating ... 
\o 
\o 
\o *Info*    Run complete for Point ID (10 132) on testbench [
\o           16nm_Tests:MCsetup_Test:1 ].
\o 
\o 
\o 
\o 
\o 
\o *Info*    Client has finished evaluating ... 
\o 
\o 
\o *Info*    Run complete for Point ID (10 133) on testbench [
\o           16nm_Tests:MCsetup_Test:1 ].
\o 
\o 
\o 
\o 
\o 
\o *Info*    Client has finished evaluating ... 
\o 
\o 
\o *Info*    Run complete for Point ID (10 134) on testbench [
\o           16nm_Tests:MCsetup_Test:1 ].
\o 
\o 
\o 
\o 
\o 
\o *Info*    Client has finished evaluating ... 
\o 
\o 
\o *Info*    Run complete for Point ID (10 135) on testbench [
\o           16nm_Tests:MCsetup_Test:1 ].
\o 
\o 
\o 
\o 
\o 
\o *Info*    Client has finished evaluating ... 
\o 
\o 
\o *Info*    Run complete for Point ID (10 136) on testbench [
\o           16nm_Tests:MCsetup_Test:1 ].
\o 
\o 
\o 
\o 
\o 
\o *Info*    Client has finished evaluating ... 
\o 
\o 
\o *Info*    Run complete for Point ID (10 137) on testbench [
\o           16nm_Tests:MCsetup_Test:1 ].
\o 
\o 
\o 
\o 
\o 
\o *Info*    Client has finished evaluating ... 
\o 
\o 
\o *Info*    Run complete for Point ID (10 138) on testbench [
\o           16nm_Tests:MCsetup_Test:1 ].
\o 
\o 
\o 
\o 
\o 
\o *Info*    Client has finished evaluating ... 
\o 
\o 
\o *Info*    Run complete for Point ID (10 139) on testbench [
\o           16nm_Tests:MCsetup_Test:1 ].
\o 
\o 
\o 
\o 
\o 
\o *Info*    Client has finished evaluating ... 
\o 
\o 
\o *Info*    Run complete for Point ID (10 140) on testbench [
\o           16nm_Tests:MCsetup_Test:1 ].
\o 
\o 
\o 
\o 
\o 
\o *Info*    Client has finished evaluating ... 
\o 
\o 
\o *Info*    Run complete for Point ID (10 141) on testbench [
\o           16nm_Tests:MCsetup_Test:1 ].
\o 
\o 
\o 
\o 
\o 
\o *Info*    Client has finished evaluating ... 
\o 
\o 
\o *Info*    Run complete for Point ID (10 142) on testbench [
\o           16nm_Tests:MCsetup_Test:1 ].
\o 
\o 
\o 
\o 
\o 
\o *Info*    Client has finished evaluating ... 
\o 
\o 
\o *Info*    Run complete for Point ID (10 143) on testbench [
\o           16nm_Tests:MCsetup_Test:1 ].
\o 
\o 
\o 
\o 
\o 
\o *Info*    Client has finished evaluating ... 
\o 
\o 
\o *Info*    Run complete for Point ID (10 144) on testbench [
\o           16nm_Tests:MCsetup_Test:1 ].
\o 
\o 
\o 
\o 
\o 
\o *Info*    Client has finished evaluating ... 
\o 
\o 
\o *Info*    Run complete for Point ID (10 145) on testbench [
\o           16nm_Tests:MCsetup_Test:1 ].
\o 
\o 
\o 
\o 
\o 
\o *Info*    Client has finished evaluating ... 
\o 
\o 
\o *Info*    Run complete for Point ID (10 146) on testbench [
\o           16nm_Tests:MCsetup_Test:1 ].
\o 
\o 
\o 
\o 
\o 
\o *Info*    Client has finished evaluating ... 
\o 
\o 
\o *Info*    Run complete for Point ID (10 147) on testbench [
\o           16nm_Tests:MCsetup_Test:1 ].
\o 
\o 
\o 
\o 
\o 
\o *Info*    Client has finished evaluating ... 
\o 
\o 
\o *Info*    Run complete for Point ID (10 148) on testbench [
\o           16nm_Tests:MCsetup_Test:1 ].
\o 
\o 
\o 
\o 
\o 
\o *Info*    Client has finished evaluating ... 
\o 
\o 
\o *Info*    Run complete for Point ID (10 149) on testbench [
\o           16nm_Tests:MCsetup_Test:1 ].
\o 
\o 
\o 
\o 
\o 
\o *Info*    Client has finished evaluating ... 
\o 
\o 
\o *Info*    Run complete for Point ID (10 150) on testbench [
\o           16nm_Tests:MCsetup_Test:1 ].
\o 
\o 
\o 
\o 
\o 
\o *Info*    Client has finished evaluating ... 
\o 
\o 
\o *Info*    Run complete for Point ID (10 151) on testbench [
\o           16nm_Tests:MCsetup_Test:1 ].
\o 
\o 
\o 
\o 
\o 
\o *Info*    Client has finished evaluating ... 
\o 
\o 
\o *Info*    Run complete for Point ID (10 152) on testbench [
\o           16nm_Tests:MCsetup_Test:1 ].
\o 
\o 
\o 
\o 
\o 
\o *Info*    Client has finished evaluating ... 
\o 
\o 
\o *Info*    Run complete for Point ID (10 153) on testbench [
\o           16nm_Tests:MCsetup_Test:1 ].
\o 
\o 
\o 
\o 
\o 
\o *Info*    Client has finished evaluating ... 
\o 
\o 
\o *Info*    Run complete for Point ID (10 154) on testbench [
\o           16nm_Tests:MCsetup_Test:1 ].
\o 
\o 
\o 
\o 
\o 
\o *Info*    Client has finished evaluating ... 
\o 
\o 
\o *Info*    Run complete for Point ID (10 155) on testbench [
\o           16nm_Tests:MCsetup_Test:1 ].
\o 
\o 
\o 
\o 
\o 
\o *Info*    Client has finished evaluating ... 
\o 
\o 
\o *Info*    Run complete for Point ID (10 156) on testbench [
\o           16nm_Tests:MCsetup_Test:1 ].
\o 
\o 
\o 
\o 
\o 
\o *Info*    Client has finished evaluating ... 
\o 
\o 
\o *Info*    Run complete for Point ID (10 157) on testbench [
\o           16nm_Tests:MCsetup_Test:1 ].
\o 
\o 
\o 
\o 
\o 
\o *Info*    Client has finished evaluating ... 
\o 
\o 
\o *Info*    Run complete for Point ID (10 158) on testbench [
\o           16nm_Tests:MCsetup_Test:1 ].
\o 
\o 
\o 
\o 
\o 
\o *Info*    Client has finished evaluating ... 
\o 
\o 
\o *Info*    Run complete for Point ID (10 159) on testbench [
\o           16nm_Tests:MCsetup_Test:1 ].
\o 
\o 
\o 
\o 
\o 
\o *Info*    Client has finished evaluating ... 
\o 
\o 
\o *Info*    Run complete for Point ID (10 160) on testbench [
\o           16nm_Tests:MCsetup_Test:1 ].
\o 
\o 
\o 
\o 
\o 
\o *Info*    Client has finished evaluating ... 
\o 
\o 
\o *Info*    Run complete for Point ID (10 161) on testbench [
\o           16nm_Tests:MCsetup_Test:1 ].
\o 
\o 
\o 
\o 
\o 
\o *Info*    Client has finished evaluating ... 
\o 
\o 
\o *Info*    Run complete for Point ID (10 162) on testbench [
\o           16nm_Tests:MCsetup_Test:1 ].
\o 
\o 
\o 
\o 
\o 
\o *Info*    Client has finished evaluating ... 
\o 
\o 
\o *Info*    Run complete for Point ID (10 163) on testbench [
\o           16nm_Tests:MCsetup_Test:1 ].
\o 
\o 
\o 
\o 
\o 
\o *Info*    Client has finished evaluating ... 
\o 
\o 
\o *Info*    Run complete for Point ID (10 164) on testbench [
\o           16nm_Tests:MCsetup_Test:1 ].
\o 
\o 
\o 
\o 
\o 
\o *Info*    Client has finished evaluating ... 
\o 
\o 
\o *Info*    Run complete for Point ID (10 165) on testbench [
\o           16nm_Tests:MCsetup_Test:1 ].
\o 
\o 
\o 
\o 
\o 
\o *Info*    Client has finished evaluating ... 
\o 
\o 
\o *Info*    Run complete for Point ID (10 166) on testbench [
\o           16nm_Tests:MCsetup_Test:1 ].
\o 
\o 
\o 
\o 
\o 
\o *Info*    Client has finished evaluating ... 
\o 
\o 
\o *Info*    Run complete for Point ID (10 167) on testbench [
\o           16nm_Tests:MCsetup_Test:1 ].
\o 
\o 
\o 
\o 
\o 
\o *Info*    Client has finished evaluating ... 
\o 
\o 
\o *Info*    Run complete for Point ID (10 168) on testbench [
\o           16nm_Tests:MCsetup_Test:1 ].
\o 
\o 
\o 
\o 
\o 
\o *Info*    Client has finished evaluating ... 
\o 
\o 
\o *Info*    Run complete for Point ID (10 169) on testbench [
\o           16nm_Tests:MCsetup_Test:1 ].
\o 
\o 
\o 
\o 
\o 
\o *Info*    Client has finished evaluating ... 
\o 
\o 
\o *Info*    Run complete for Point ID (10 170) on testbench [
\o           16nm_Tests:MCsetup_Test:1 ].
\o 
\o 
\o 
\o 
\o 
\o *Info*    Client has finished evaluating ... 
\o 
\o 
\o *Info*    Run complete for Point ID (10 171) on testbench [
\o           16nm_Tests:MCsetup_Test:1 ].
\o 
\o 
\o 
\o 
\o 
\o *Info*    Client has finished evaluating ... 
\o 
\o 
\o *Info*    Run complete for Point ID (10 172) on testbench [
\o           16nm_Tests:MCsetup_Test:1 ].
\o 
\o 
\o 
\o 
\o 
\o *Info*    Client has finished evaluating ... 
\o 
\o 
\o *Info*    Run complete for Point ID (10 173) on testbench [
\o           16nm_Tests:MCsetup_Test:1 ].
\o 
\o 
\o 
\o 
\o 
\o *Info*    Client has finished evaluating ... 
\o 
\o 
\o *Info*    Run complete for Point ID (10 174) on testbench [
\o           16nm_Tests:MCsetup_Test:1 ].
\o 
\o 
\o 
\o 
\o 
\o *Info*    Client has finished evaluating ... 
\o 
\o 
\o *Info*    Run complete for Point ID (10 175) on testbench [
\o           16nm_Tests:MCsetup_Test:1 ].
\o 
\o 
\o 
\o 
\o 
\o *Info*    Client has finished evaluating ... 
\o 
\o 
\o *Info*    Run complete for Point ID (10 176) on testbench [
\o           16nm_Tests:MCsetup_Test:1 ].
\o 
\o 
\o 
\o 
\o 
\o *Info*    Client has finished evaluating ... 
\o 
\o 
\o *Info*    Run complete for Point ID (10 177) on testbench [
\o           16nm_Tests:MCsetup_Test:1 ].
\o 
\o 
\o 
\o 
\o 
\o *Info*    Client has finished evaluating ... 
\o 
\o 
\o *Info*    Run complete for Point ID (10 178) on testbench [
\o           16nm_Tests:MCsetup_Test:1 ].
\o 
\o 
\o 
\o 
\o 
\o *Info*    Client has finished evaluating ... 
\o 
\o 
\o *Info*    Run complete for Point ID (10 179) on testbench [
\o           16nm_Tests:MCsetup_Test:1 ].
\o 
\o 
\o 
\o 
\o 
\o *Info*    Client has finished evaluating ... 
\o 
\o 
\o *Info*    Run complete for Point ID (10 180) on testbench [
\o           16nm_Tests:MCsetup_Test:1 ].
\o 
\o 
\o 
\o 
\o 
\o *Info*    Client has finished evaluating ... 
\o 
\o 
\o *Info*    Run complete for Point ID (10 181) on testbench [
\o           16nm_Tests:MCsetup_Test:1 ].
\o 
\o 
\o 
\o 
\o 
\o *Info*    Client has finished evaluating ... 
\o 
\o 
\o *Info*    Run complete for Point ID (10 182) on testbench [
\o           16nm_Tests:MCsetup_Test:1 ].
\o 
\o 
\o 
\o 
\o 
\o *Info*    Client has finished evaluating ... 
\o 
\o 
\o *Info*    Run complete for Point ID (10 183) on testbench [
\o           16nm_Tests:MCsetup_Test:1 ].
\o 
\o 
\o 
\o 
\o 
\o *Info*    Client has finished evaluating ... 
\o 
\o 
\o *Info*    Run complete for Point ID (10 184) on testbench [
\o           16nm_Tests:MCsetup_Test:1 ].
\o 
\o 
\o 
\o 
\o 
\o *Info*    Client has finished evaluating ... 
\o 
\o 
\o *Info*    Run complete for Point ID (10 185) on testbench [
\o           16nm_Tests:MCsetup_Test:1 ].
\o 
\o 
\o 
\o 
\o 
\o *Info*    Client has finished evaluating ... 
\o 
\o 
\o *Info*    Run complete for Point ID (10 186) on testbench [
\o           16nm_Tests:MCsetup_Test:1 ].
\o 
\o 
\o 
\o 
\o 
\o *Info*    Client has finished evaluating ... 
\o 
\o 
\o *Info*    Run complete for Point ID (10 187) on testbench [
\o           16nm_Tests:MCsetup_Test:1 ].
\o 
\o 
\o 
\o 
\o 
\o *Info*    Client has finished evaluating ... 
\o 
\o 
\o *Info*    Run complete for Point ID (10 188) on testbench [
\o           16nm_Tests:MCsetup_Test:1 ].
\o 
\o 
\o 
\o 
\o 
\o *Info*    Client has finished evaluating ... 
\o 
\o 
\o *Info*    Run complete for Point ID (10 189) on testbench [
\o           16nm_Tests:MCsetup_Test:1 ].
\o 
\o 
\o 
\o 
\o 
\o *Info*    Client has finished evaluating ... 
\o 
\o 
\o *Info*    Run complete for Point ID (10 190) on testbench [
\o           16nm_Tests:MCsetup_Test:1 ].
\o 
\o 
\o 
\o 
\o 
\o *Info*    Client has finished evaluating ... 
\o 
\o 
\o *Info*    Run complete for Point ID (10 191) on testbench [
\o           16nm_Tests:MCsetup_Test:1 ].
\o 
\o 
\o 
\o 
\o 
\o *Info*    Client has finished evaluating ... 
\o 
\o 
\o *Info*    Run complete for Point ID (10 192) on testbench [
\o           16nm_Tests:MCsetup_Test:1 ].
\o 
\o 
\o 
\o 
\o 
\o *Info*    Client has finished evaluating ... 
\o 
\o 
\o *Info*    Run complete for Point ID (10 193) on testbench [
\o           16nm_Tests:MCsetup_Test:1 ].
\o 
\o 
\o 
\o 
\o 
\o *Info*    Client has finished evaluating ... 
\o 
\o 
\o *Info*    Run complete for Point ID (10 194) on testbench [
\o           16nm_Tests:MCsetup_Test:1 ].
\o 
\o 
\o 
\o 
\o 
\o *Info*    Client has finished evaluating ... 
\o 
\o 
\o *Info*    Run complete for Point ID (10 195) on testbench [
\o           16nm_Tests:MCsetup_Test:1 ].
\o 
\o 
\o 
\o 
\o 
\o *Info*    Client has finished evaluating ... 
\o 
\o 
\o *Info*    Run complete for Point ID (10 196) on testbench [
\o           16nm_Tests:MCsetup_Test:1 ].
\o 
\o 
\o 
\o 
\o 
\o *Info*    Client has finished evaluating ... 
\o 
\o 
\o *Info*    Run complete for Point ID (10 197) on testbench [
\o           16nm_Tests:MCsetup_Test:1 ].
\o 
\o 
\o 
\o 
\o 
\o *Info*    Client has finished evaluating ... 
\o 
\o 
\o *Info*    Run complete for Point ID (10 198) on testbench [
\o           16nm_Tests:MCsetup_Test:1 ].
\o 
\o 
\o 
\o 
\o 
\o *Info*    Client has finished evaluating ... 
\o 
\o 
\o *Info*    Run complete for Point ID (10 199) on testbench [
\o           16nm_Tests:MCsetup_Test:1 ].
\o 
\o 
\o 
\o 
\o 
\o *Info*    Monte Carlo Simulation completed successfully...
\o *Info*    Client has finished evaluating ... 
\o 
\o 
\o *Info*    Run complete for Point ID (10 200) on testbench [
\o           16nm_Tests:MCsetup_Test:1 ].
\o 
\o 
\o 
\o 
\o 
\o INFO (ADE-3072): Simulation is stopped by user. Simulation results may not be complete.
\o INFO (ADE-3072): Simulation is stopped by user. Simulation results may not be complete.
\o 
\o *Info*    Received signal SIGTERM.
\o 
\o 
\o Simulation design variables differ from those on the cellView,
\o they have been saved in the file "/tmp/saved-design-variables".
\o To save future changes, copy variables to cellView before exiting.
\# Memory report: on exit            245 MB, process size 679 MB at UTC 2015.04.30 09:14:49.674
\# Memory report: peak usage         249 MB, process size 682 MB
