\# Program start time UTC 2015.05.09 04:52:37.583
\# Local time Friday 8 May 2015, 9:52 pm
\o Program:		@(#)$CDS: virtuoso version 6.1.6 01/19/2015 20:41 (sjfnl169) $
\o Hierarchy:		/apps/cadence/IC616/tools.lnx86/dfII/
\o Sub version:		sub-version  IC6.1.6.500.10  (32-bit addresses)
\# Command line:	/apps/cadence/IC616/tools.lnx86/dfII/bin/32bit/virtuoso -noautostart -mpssession virtuoso6172 -mpshost bull -davinciService DaVinciService_6172_1430983762 -log /root/Desktop/Cadence/logs_root/logs0/Job9.log -licenseLockFileName /root/Desktop/Cadence/.tmp_root/.bull_6172 -nograph -nostdin -axlChildIdFlag 9
\# Host name (type):	bull (x86_64)
\# Operating system:	Linux 2.6.32-504.16.2.el6.x86_64 #1 SMP Tue Mar 10 17:01:00 EDT 2015
\# Linux /etc/issue:	Red Hat Enterprise Linux Client release 6.6 (Santiago)
\# Linux /etc/issue:	Kernel \r on an \m
\# X display name (WxH):	bull:80 (1024x868)
\# Available geometry:			TL(0:0) BR(1023:867)
\# X server:			RealVNC Ltd (VNC nograph server, PID 19885)
\# Depth of Visual (Root):	16 (16)
\# Number of Planes Used:	16
\# X version:		11.0 (vendor release 3370)
\# X resource pool:	base 0x800000, mask 0x3fffff (4194303), shift 0
\# 			current id 0x0, current max 0x3ffffa (4194298)
\# Max data seg size:	     unlimited
\# Max process size:	     unlimited
\# Initial sbrk value:	        417 MB
\# Available memory:	     34,074 MB
\# System memory:	     48,512 MB
\# Maximum memory size:	      3,732 MB
\# Max mem available:	      3,732 MB
\# Initial memory used:	         53 MB
\#        process size:	        455 MB
\# Qt version:		4.7.2
\# Window Manager:	other
\# User Name:		root
\o Working Directory:	bull:/root/Desktop/Cadence
\# Process Id:		19893
\o 
\o COPYRIGHT © 1992-2014  CADENCE DESIGN SYSTEMS INC.  ALL RIGHTS RESERVED.
\o           © 1992-2014  UNIX SYSTEMS Laboratories INC.,
\o                          Reproduced with permission.
\o 
\o This Cadence Design Systems program and online documentation are
\o proprietary/confidential information and may be disclosed/used only
\o as authorized in a license agreement controlling such use and disclosure.
\o 
\o           RESTRICTED RIGHTS NOTICE (SHORT FORM)
\o Use/reproduction/disclosure is subject to restriction
\o set forth at FAR 1252.227-19 or its equivalent.
\o Loading geView.cxt 
\o Loading menuBuilder.cxt 
\o Loading schView.cxt 
\o Loading selectSv.cxt 
\o Loading LVS.cxt 
\o Loading layerProc.cxt 
\o Loading pte2.cxt 
\o Loading xlUI.cxt 
\o Loading auCore.cxt 
\o Loading vhdl.cxt 
\o Loading seismic.cxt 
\o Loading ci.cxt 
\o Loading ams.cxt 
\o Loading oasis.cxt 
\o Loading analog.cxt 
\o Loading asimenv.cxt 
\o Loading par.cxt 
\o Loading socket.cxt 
\o Loading alvs.cxt 
\o Loading awv.cxt 
\o Loading adexl.cxt 
\o *Info*    Exporting services from client ... 
\o 
\o 
\o ---------------------------------------------------------------------------
\o Welcome to the FreePDK 45nm Free, Open-Source Process Design Kit
\o ---------------------------------------------------------------------------
\o 
\o loading vars from .cdsenv for tool ddserv
\o loading vars from .cdsenv for tool license
\o loading vars from .cdsenv for tool asimenv
\o loading vars from ./.cdsenv for tool ddserv
\o loading vars from ./.cdsenv for tool license
\o loading vars from ./.cdsenv for tool asimenv
\o Loading spectrei.cxt 
\o Loading devCheck.cxt 
\o Loading relXpert.cxt 
\o Loading mmsimenv.cxt 
\o Loading spectreMixi.cxt 
\# Memory report: using         175 MB, process size 608 MB at UTC 2015.05.09 04:52:40.045
\o *Info*    Client has finished starting ... 
\o 
\p > 
\o 
\o 
\o *Info*    Configuring the session ...
\o 
\o 	Library      = 16nm_Tests
\o 	Cell         = MC_6TWrite_Test
\o 	View         = config
\o 	Simulator    = spectre
\o 	State Path   = $AXL_SETUPDB_DIR/test_states
\o 	State Name   = 16nm_Tests:MC_6TWrite_Test:1_tmpstate.647933292_MonteCarlo.3
\o 	Results DB   = /net/bull/root/Desktop/Cadence/16nm_Tests/MC_6TWrite_Test/adexl/results/data/MonteCarlo.3.rdb
\o 	Results Dir  = /net/kafka/nfs/rstdenis/Cadence/simulation/16nm_Tests/MC_6TWrite_Test/adexl/results/data/MonteCarlo.3/1/16nm_Tests:MC_6TWrite_Test:1
\o 	Results Loc  = /net/kafka/nfs/rstdenis/Cadence/simulation/16nm_Tests/MC_6TWrite_Test/adexl/results/data
\o 	Project Dir  = /net/kafka/nfs/rstdenis/Cadence/simulation
\o 	Setup DB loc = /net/bull/root/Desktop/Cadence/16nm_Tests/MC_6TWrite_Test/adexl
\o 	File Encoding = 0
\o 
\o 
\o Loading simui.cxt 
\o Loading viva.cxt 
\o *Info*    Spectre controlMode is set "batch".
\o 
\o Loading hspiceD.cxt 
\o Loading spectreinl.cxt 
\o Loading msgHandler.cxt 
\o Loading UltraSim.cxt 
\o Loading AMSOSS.cxt 
\o Loading AMS.cxt 
\o 
\o 
\o 
\o 
\o 
\o *Info*    Run start for Point ID (6 1) on testbench [
\o           16nm_Tests:MC_6TWrite_Test:1 ].
\o 
\o Resetting statistical vars
\o 
\o *Info*    Setting parameter values ...
\o 
\o Loading monte.cxt 
\o Setting temp(T) = 30.0
\o Setting var time2 = "2n"
\o Setting var time3 = "2.22n"
\o Setting var time4 = "2.85n"
\o Setting var time5 = "3n"
\o Setting var vdd = ".500"
\o 
\o *Info*    Netlist Directory =
\o           /net/kafka/nfs/rstdenis/Cadence/simulation/16nm_Tests/MC_6TWrite_Test/adexl/results/data/MonteCarlo.3/1/16nm_Tests:MC_6TWrite_Test:1/groupRunDataDir/netlist
\o 
\o 
\o *Info*    Data Directory    =
\o           /net/kafka/nfs/rstdenis/Cadence/simulation/16nm_Tests/MC_6TWrite_Test/adexl/results/data/MonteCarlo.3/1/16nm_Tests:MC_6TWrite_Test:1/groupRunDataDir
\o 
\o 
\o *Info*    Creating Netlist for Point ID (6 1)
\o 
\o generate netlist...
\o Loading seCore.cxt 
\o Begin Incremental Netlisting May  8 21:52:42 2015
\o End netlisting May  8 21:52:42 2015
\o 
\o 	The netlist is up to date.
\o 	Time taken to compare the design with netlist:   0.0s
\o       ...successful.
\o compose simulator input file...
\o       ...successful.
\o 
\o *Info*    Running simulation on testbench [
\o           16nm_Tests:MC_6TWrite_Test:1 ] for Point ID (6 1).
\o 
\o *Info*    Spectre controlMode is set "batch" due to monte carlo run.
\o 
\o Delete psf data in /net/kafka/nfs/rstdenis/Cadence/simulation/16nm_Tests/MC_6TWrite_Test/adexl/results/data/MonteCarlo.3/1/16nm_Tests:MC_6TWrite_Test:1/groupRunDataDir/psf.
\o generate netlist...
\o Begin Incremental Netlisting May  8 21:52:44 2015
\o End netlisting May  8 21:52:44 2015
\o 
\o 	The netlist is up to date.
\o 	Time taken to compare the design with netlist:   0.0s
\o       ...successful.
\o compose simulator input file...
\o       ...successful.
\o start simulator if needed...
\o       ...successful.
\o simulate...
\o To view the simulator output, right-click on the test name, result 
\o name, or any value in the "Results" tab of the Outputs section and 
\o choose "Output Log" menu option.
\o Loading paraplot.cxt 
\# Available memory:         33,860 MB at UTC 2015.05.09 04:52:47.882
\o Loading stats.cxt 
\o *Info*    Client has finished evaluating ... 
\o 
\o 
\o *Info*    Run complete for Point ID (6 1) on testbench [
\o           16nm_Tests:MC_6TWrite_Test:1 ].
\o 
\o 
\o 
\o 
\o 
\o *Info*    Client has finished evaluating ... 
\o 
\o 
\o *Info*    Run complete for Point ID (6 2) on testbench [
\o           16nm_Tests:MC_6TWrite_Test:1 ].
\o 
\o 
\o 
\o 
\o 
\o *Info*    Client has finished evaluating ... 
\o 
\o 
\o *Info*    Run complete for Point ID (6 3) on testbench [
\o           16nm_Tests:MC_6TWrite_Test:1 ].
\o 
\o 
\o 
\o 
\o 
\o *Info*    Client has finished evaluating ... 
\o 
\o 
\o *Info*    Run complete for Point ID (6 4) on testbench [
\o           16nm_Tests:MC_6TWrite_Test:1 ].
\o 
\o 
\o 
\o 
\o 
\o *Info*    Client has finished evaluating ... 
\o 
\o 
\o *Info*    Run complete for Point ID (6 5) on testbench [
\o           16nm_Tests:MC_6TWrite_Test:1 ].
\o 
\o 
\o 
\o 
\o 
\o *Info*    Client has finished evaluating ... 
\o 
\o 
\o *Info*    Run complete for Point ID (6 6) on testbench [
\o           16nm_Tests:MC_6TWrite_Test:1 ].
\o 
\o 
\o 
\o 
\o 
