0a 12153524 edeacadb                28240                 9100
0a 00000000 00000000                36040                 7800
0a 12153524 edeacadb                47125                 9085
00 00000000 00000000                54749                 7624
01 80054600 7ffab9ff                63911                 9162
00 00000000 00000000                71637                 7726
63 8484d609 7b7b29f6                80975                 9338
00 00000000 00000000                88661                 7686
0d 06b97b0d f94684f2                97860                 9199
00 00000000 00000000               105535                 7675
0d 00f3e301 ff0c1cfe               114735                 9200
00 00000000 00000000               122419                 7684
3d 3b23f176 c4dc0e89               131661                 9242
00 00000000 00000000               139153                 7492
0c 76d457ed 892ba812               148353                 9200
00 00000000 00000000               156026                 7673
46 7cfde9f9 83021606               165352                 9326
00 00000000 00000000               173063                 7711
2a e2f784c5 1d087b3a               182324                 9261
00 00000000 00000000               189961                 7637
77 72aff7e5 8d50081a               199285                 9324
00 00000000 00000000               206772                 7487
0f 8932d612 76cd29ed               215992                 9220
00 00000000 00000000               223685                 7693
4e 793069f2 86cf960d               232993                 9308
00 00000000 00000000               240667                 7674
45 f4007ae8 0bff8517               249954                 9287
00 00000000 00000000               257662                 7708
65 96ab582d 6954a7d2               266973                 9311
