0a 12153524 edeacadb                 4558                  206
0a 00000000 00000000                 4754                  196
0a 12153524 edeacadb                 6960                  206
00 00000000 00000000                 7152                  192
01 80054600 7ffab9ff                 7357                  205
00 00000000 00000000                 7551                  194
63 8484d609 7b7b29f6                 7760                  209
00 00000000 00000000                 7951                  191
0d 06b97b0d f94684f2                 8157                  206
00 00000000 00000000                 8348                  191
0d 00f3e301 ff0c1cfe                 8553                  205
00 00000000 00000000                 8744                  191
3d 3b23f176 c4dc0e89                 8952                  208
00 00000000 00000000                 9140                  188
0c 76d457ed 892ba812                 9346                  206
00 00000000 00000000                 9537                  191
46 7cfde9f9 83021606                 9746                  209
00 00000000 00000000                 9937                  191
2a e2f784c5 1d087b3a                10146                  209
00 00000000 00000000                10335                  189
