0a 12153524 edeacadb                12573                 3242
0a 00000000 00000000                15324                 2751
0a 12153524 edeacadb                20559                 3235
00 00000000 00000000                23266                 2707
01 80054600 7ffab9ff                26501                 3235
00 00000000 00000000                29244                 2743
63 8484d609 7b7b29f6                32542                 3298
00 00000000 00000000                35273                 2731
0d 06b97b0d f94684f2                38524                 3251
00 00000000 00000000                41249                 2725
0d 00f3e301 ff0c1cfe                44496                 3247
00 00000000 00000000                47222                 2726
3d 3b23f176 c4dc0e89                50488                 3266
00 00000000 00000000                53165                 2677
0c 76d457ed 892ba812                56419                 3254
00 00000000 00000000                59143                 2724
46 7cfde9f9 83021606                62434                 3291
00 00000000 00000000                65172                 2738
2a e2f784c5 1d087b3a                68444                 3272
00 00000000 00000000                71157                 2713
77 72aff7e5 8d50081a                74456                 3299
00 00000000 00000000                77136                 2680
0f 8932d612 76cd29ed                80396                 3260
00 00000000 00000000                83126                 2730
4e 793069f2 86cf960d                86415                 3289
00 00000000 00000000                89140                 2725
