0a 12153524 edeacadb                 9691                 2152
0a 00000000 00000000                11533                 1842
0a 12153524 edeacadb                15683                 2150
00 00000000 00000000                17495                 1812
01 80054600 7ffab9ff                19641                 2146
00 00000000 00000000                21475                 1834
63 8484d609 7b7b29f6                23661                 2186
00 00000000 00000000                25489                 1828
0d 06b97b0d f94684f2                27646                 2157
00 00000000 00000000                29469                 1823
0d 00f3e301 ff0c1cfe                31623                 2154
00 00000000 00000000                33447                 1824
3d 3b23f176 c4dc0e89                35614                 2167
00 00000000 00000000                37412                 1798
0c 76d457ed 892ba812                39570                 2158
00 00000000 00000000                41393                 1823
46 7cfde9f9 83021606                43577                 2184
00 00000000 00000000                45409                 1832
2a e2f784c5 1d087b3a                47579                 2170
00 00000000 00000000                49395                 1816
77 72aff7e5 8d50081a                51583                 2188
00 00000000 00000000                53385                 1802
0f 8932d612 76cd29ed                55546                 2161
00 00000000 00000000                57373                 1827
4e 793069f2 86cf960d                59555                 2182
