0a 12153524 edeacadb                 8068                 1536
0a 00000000 00000000                 9395                 1327
0a 12153524 edeacadb                12931                 1536
00 00000000 00000000                14236                 1305
01 80054600 7ffab9ff                15766                 1530
00 00000000 00000000                17088                 1322
63 8484d609 7b7b29f6                18648                 1560
00 00000000 00000000                19964                 1316
0d 06b97b0d f94684f2                21502                 1538
00 00000000 00000000                22815                 1313
0d 00f3e301 ff0c1cfe                24352                 1537
00 00000000 00000000                25665                 1313
3d 3b23f176 c4dc0e89                27212                 1547
00 00000000 00000000                28511                 1299
0c 76d457ed 892ba812                30050                 1539
00 00000000 00000000                31363                 1313
46 7cfde9f9 83021606                32922                 1559
00 00000000 00000000                34241                 1319
2a e2f784c5 1d087b3a                35789                 1548
00 00000000 00000000                37097                 1308
77 72aff7e5 8d50081a                38659                 1562
00 00000000 00000000                39961                 1302
0f 8932d612 76cd29ed                41504                 1543
00 00000000 00000000                42820                 1316
