0a fffffffe edeacadb                48186                16558
0a 00000000 00000000                62828                14642
0a fffffffe edeacadb                81361                16533
00 00000000 00000000                95462                14101
01 fffffffe 7ffab9ff               112051                16589
00 00000000 00000000               126303                14252
63 ffffffff 7b7b29f6               143081                16778
00 00000000 00000000               157150                14069
0d ffffffff f94684f3               173648                16498
00 00000000 00000000               187723                14075
12 ffffffff 4d3d7b9b               204283                16560
00 00000000 00000000               218284                14001
3d ffffffff c4dc0e89               234860                16576
00 00000000 00000000               248532                13672
0c ffffffff 892ba813               265022                16490
00 00000000 00000000               279092                14070
46 ffffffff 83021606               295746                16654
00 00000000 00000000               309767                14021
2a ffffffff 1d087b3a               326383                16616
00 00000000 00000000               340333                13950
77 ffffffff 8d50081a               356988                16655
00 00000000 00000000               370655                13667
0f fffffffe 76cd29ed               387188                16533
00 00000000 00000000               401264                14076
4e ffffffff 86cf960d               417972                16708
00 00000000 00000000               431986                14014
45 ffffffff 0bff8517               448684                16698
00 00000000 00000000               462782                14098
3d ffffffff d1a7b6a3               479432                16650
00 00000000 00000000               493131                13699
