0a 12153524 edeacadb                 5136                  423
0a 00000000 00000000                 5519                  383
0a 12153524 edeacadb                 7943                  424
00 00000000 00000000                 8318                  375
01 80054600 7ffab9ff                 8738                  420
00 00000000 00000000                 9114                  376
63 8484d609 7b7b29f6                 9543                  429
00 00000000 00000000                 9917                  374
0d 06b97b0d f94684f2                10340                  423
00 00000000 00000000                10715                  375
0d 00f3e301 ff0c1cfe                11137                  422
00 00000000 00000000                11511                  374
3d 3b23f176 c4dc0e89                11938                  427
00 00000000 00000000                12311                  373
0c 76d457ed 892ba812                12734                  423
00 00000000 00000000                13110                  376
46 7cfde9f9 83021606                13540                  430
00 00000000 00000000                13918                  378
2a e2f784c5 1d087b3a                14344                  426
00 00000000 00000000                14717                  373
77 72aff7e5 8d50081a                15148                  431
00 00000000 00000000                15522                  374
