0a 12153524 edeacadb                 6471                  929
0a 00000000 00000000                 7288                  817
0a 12153524 edeacadb                10218                  930
00 00000000 00000000                11026                  808
01 80054600 7ffab9ff                11949                  923
00 00000000 00000000                12765                  816
63 8484d609 7b7b29f6                13707                  942
00 00000000 00000000                14515                  808
0d 06b97b0d f94684f2                15444                  929
00 00000000 00000000                16250                  806
0d 00f3e301 ff0c1cfe                17177                  927
00 00000000 00000000                17984                  807
3d 3b23f176 c4dc0e89                18919                  935
00 00000000 00000000                19717                  798
0c 76d457ed 892ba812                20647                  930
00 00000000 00000000                21452                  805
46 7cfde9f9 83021606                22393                  941
00 00000000 00000000                23198                  805
2a e2f784c5 1d087b3a                24133                  935
00 00000000 00000000                24935                  802
77 72aff7e5 8d50081a                25879                  944
00 00000000 00000000                26678                  799
0f 8932d612 76cd29ed                27610                  932
00 00000000 00000000                28417                  807
