0a 12153524 edeacadb                 4576                  211
0a 00000000 00000000                 4777                  201
0a 12153524 edeacadb                 6989                  212
00 00000000 00000000                 7184                  195
01 80054600 7ffab9ff                 7394                  210
00 00000000 00000000                 7589                  195
63 8484d609 7b7b29f6                 7804                  215
00 00000000 00000000                 7998                  194
0d 06b97b0d f94684f2                 8210                  212
00 00000000 00000000                 8405                  195
0d 00f3e301 ff0c1cfe                 8616                  211
00 00000000 00000000                 8811                  195
3d 3b23f176 c4dc0e89                 9025                  214
00 00000000 00000000                 9217                  192
0c 76d457ed 892ba812                 9429                  212
00 00000000 00000000                 9624                  195
46 7cfde9f9 83021606                 9839                  215
00 00000000 00000000                10035                  196
2a e2f784c5 1d087b3a                10249                  214
00 00000000 00000000                10443                  194
