0a 12153524 edeacadb                 4986                  367
0a 00000000 00000000                 5320                  334
0a 12153524 edeacadb                 7688                  368
00 00000000 00000000                 8015                  327
01 80054600 7ffab9ff                 8379                  364
00 00000000 00000000                 8706                  327
63 8484d609 7b7b29f6                 9078                  372
00 00000000 00000000                 9404                  326
0d 06b97b0d f94684f2                 9771                  367
00 00000000 00000000                10098                  327
0d 00f3e301 ff0c1cfe                10464                  366
00 00000000 00000000                10790                  326
3d 3b23f176 c4dc0e89                11160                  370
00 00000000 00000000                11485                  325
0c 76d457ed 892ba812                11852                  367
00 00000000 00000000                12179                  327
46 7cfde9f9 83021606                12552                  373
00 00000000 00000000                12881                  329
2a e2f784c5 1d087b3a                13251                  370
00 00000000 00000000                13576                  325
77 72aff7e5 8d50081a                13950                  374
00 00000000 00000000                14276                  326
