0a 12153524 edeacadb                 4546                  202
0a 00000000 00000000                 4739                  193
0a 12153524 edeacadb                 6941                  202
00 00000000 00000000                 7129                  188
01 80054600 7ffab9ff                 7330                  201
00 00000000 00000000                 7518                  188
63 8484d609 7b7b29f6                 7724                  206
00 00000000 00000000                 7911                  187
0d 06b97b0d f94684f2                 8114                  203
00 00000000 00000000                 8302                  188
0d 00f3e301 ff0c1cfe                 8504                  202
00 00000000 00000000                 8692                  188
3d 3b23f176 c4dc0e89                 8896                  204
00 00000000 00000000                 9081                  185
0c 76d457ed 892ba812                 9284                  203
00 00000000 00000000                 9472                  188
46 7cfde9f9 83021606                 9678                  206
00 00000000 00000000                 9867                  189
2a e2f784c5 1d087b3a                10072                  205
00 00000000 00000000                10259                  187
