0a 12153524 edeacadb                 4598                  219
0a 00000000 00000000                 4805                  207
0a 12153524 edeacadb                 7024                  219
00 00000000 00000000                 7225                  201
01 80054600 7ffab9ff                 7442                  217
00 00000000 00000000                 7643                  201
63 8484d609 7b7b29f6                 7865                  222
00 00000000 00000000                 8065                  200
0d 06b97b0d f94684f2                 8284                  219
00 00000000 00000000                 8485                  201
0d 00f3e301 ff0c1cfe                 8703                  218
00 00000000 00000000                 8904                  201
3d 3b23f176 c4dc0e89                 9125                  221
00 00000000 00000000                 9323                  198
0c 76d457ed 892ba812                 9542                  219
00 00000000 00000000                 9743                  201
46 7cfde9f9 83021606                 9965                  222
00 00000000 00000000                10167                  202
2a e2f784c5 1d087b3a                10389                  222
00 00000000 00000000                10589                  200
