0a 12153524 edeacadb                 4502                  185
0a 00000000 00000000                 4680                  178
0a 12153524 edeacadb                 6865                  185
00 00000000 00000000                 7038                  173
01 80054600 7ffab9ff                 7222                  184
00 00000000 00000000                 7395                  173
63 8484d609 7b7b29f6                 7583                  188
00 00000000 00000000                 7754                  171
0d 06b97b0d f94684f2                 7939                  185
00 00000000 00000000                 8111                  172
0d 00f3e301 ff0c1cfe                 8296                  185
00 00000000 00000000                 8468                  172
3d 3b23f176 c4dc0e89                 8655                  187
00 00000000 00000000                 8824                  169
0c 76d457ed 892ba812                 9009                  185
00 00000000 00000000                 9181                  172
46 7cfde9f9 83021606                 9369                  188
00 00000000 00000000                 9542                  173
2a e2f784c5 1d087b3a                 9730                  188
00 00000000 00000000                 9901                  171
77 72aff7e5 8d50081a                10090                  189
00 00000000 00000000                10259                  169
