0a 12153524 edeacadb                 4524                  194
0a 00000000 00000000                 4710                  186
0a 12153524 edeacadb                 6904                  194
00 00000000 00000000                 7085                  181
01 80054600 7ffab9ff                 7278                  193
00 00000000 00000000                 7459                  181
63 8484d609 7b7b29f6                 7656                  197
00 00000000 00000000                 7835                  179
12 b2c28465 4d3d7b9a                 8029                  194
00 00000000 00000000                 8209                  180
0d 00f3e301 ff0c1cfe                 8403                  194
00 00000000 00000000                 8583                  180
3d 3b23f176 c4dc0e89                 8779                  196
00 00000000 00000000                 8957                  178
0c 76d457ed 892ba812                 9151                  194
00 00000000 00000000                 9331                  180
46 7cfde9f9 83021606                 9528                  197
00 00000000 00000000                 9709                  181
2a e2f784c5 1d087b3a                 9906                  197
00 00000000 00000000                10085                  179
77 72aff7e5 8d50081a                10283                  198
