0a 12153524 edeacadb                 4568                  209
0a 00000000 00000000                 4767                  199
0a 12153524 edeacadb                 6976                  209
00 00000000 00000000                 7169                  193
01 80054600 7ffab9ff                 7377                  208
00 00000000 00000000                 7570                  193
63 8484d609 7b7b29f6                 7782                  212
00 00000000 00000000                 7974                  192
0d 06b97b0d f94684f2                 8183                  209
00 00000000 00000000                 8376                  193
0d 00f3e301 ff0c1cfe                 8584                  208
00 00000000 00000000                 8777                  193
3d 3b23f176 c4dc0e89                 8988                  211
00 00000000 00000000                 9179                  191
0c 76d457ed 892ba812                 9388                  209
00 00000000 00000000                 9581                  193
46 7cfde9f9 83021606                 9794                  213
00 00000000 00000000                 9988                  194
2a e2f784c5 1d087b3a                10200                  212
00 00000000 00000000                10392                  192
