0a 12153524 edeacadb                 4614                  225
0a 00000000 00000000                 4826                  212
0a 12153524 edeacadb                 7051                  225
00 00000000 00000000                 7257                  206
01 80054600 7ffab9ff                 7480                  223
00 00000000 00000000                 7686                  206
63 8484d609 7b7b29f6                 7914                  228
00 00000000 00000000                 8119                  205
0d 06b97b0d f94684f2                 8344                  225
00 00000000 00000000                 8550                  206
0d 00f3e301 ff0c1cfe                 8774                  224
00 00000000 00000000                 8979                  205
3d 3b23f176 c4dc0e89                 9206                  227
00 00000000 00000000                 9410                  204
0c 76d457ed 892ba812                 9635                  225
00 00000000 00000000                 9841                  206
46 7cfde9f9 83021606                10069                  228
00 00000000 00000000                10276                  207
2a e2f784c5 1d087b3a                10503                  227
00 00000000 00000000                10708                  205
