0a 12153524 edeacadb                 5365                  510
0a 00000000 00000000                 5823                  458
0a 12153524 edeacadb                 8334                  511
00 00000000 00000000                 8783                  449
01 80054600 7ffab9ff                 9289                  506
00 00000000 00000000                 9740                  451
63 8484d609 7b7b29f6                10257                  517
00 00000000 00000000                10706                  449
0d 06b97b0d f94684f2                11216                  510
00 00000000 00000000                11665                  449
0d 00f3e301 ff0c1cfe                12173                  508
00 00000000 00000000                12622                  449
3d 3b23f176 c4dc0e89                13136                  514
00 00000000 00000000                13583                  447
0c 76d457ed 892ba812                14093                  510
00 00000000 00000000                14544                  451
46 7cfde9f9 83021606                15061                  517
00 00000000 00000000                15514                  453
2a e2f784c5 1d087b3a                16027                  513
00 00000000 00000000                16474                  447
77 72aff7e5 8d50081a                16993                  519
00 00000000 00000000                17442                  449
0f 8932d612 76cd29ed                17953                  511
