0a 12153524 edeacadb                 5750                  656
0a 00000000 00000000                 6333                  583
0a 12153524 edeacadb                 8989                  656
00 00000000 00000000                 9565                  576
01 80054600 7ffab9ff                10216                  651
00 00000000 00000000                10798                  582
63 8484d609 7b7b29f6                11463                  665
00 00000000 00000000                12038                  575
0d 06b97b0d f94684f2                12693                  655
00 00000000 00000000                13268                  575
0d 00f3e301 ff0c1cfe                13922                  654
00 00000000 00000000                14497                  575
3d 3b23f176 c4dc0e89                15157                  660
00 00000000 00000000                15726                  569
0c 76d457ed 892ba812                16381                  655
00 00000000 00000000                16954                  573
46 7cfde9f9 83021606                17619                  665
00 00000000 00000000                18193                  574
2a e2f784c5 1d087b3a                18853                  660
00 00000000 00000000                19424                  571
77 72aff7e5 8d50081a                20091                  667
00 00000000 00000000                20661                  570
0f 8932d612 76cd29ed                21318                  657
