0a 12153524 edeacadb                 4584                  214
0a 00000000 00000000                 4787                  203
0a 12153524 edeacadb                 7001                  214
00 00000000 00000000                 7198                  197
01 80054600 7ffab9ff                 7410                  212
00 00000000 00000000                 7607                  197
63 8484d609 7b7b29f6                 7824                  217
00 00000000 00000000                 8020                  196
0d 06b97b0d f94684f2                 8234                  214
00 00000000 00000000                 8431                  197
0d 00f3e301 ff0c1cfe                 8644                  213
00 00000000 00000000                 8840                  196
3d 3b23f176 c4dc0e89                 9056                  216
00 00000000 00000000                 9250                  194
0c 76d457ed 892ba812                 9464                  214
00 00000000 00000000                 9661                  197
46 7cfde9f9 83021606                 9878                  217
00 00000000 00000000                10076                  198
2a e2f784c5 1d087b3a                10293                  217
00 00000000 00000000                10489                  196
