0a 12153524 edeacadb                 5053                  392
0a 00000000 00000000                 5409                  356
0a 12153524 edeacadb                 7802                  393
00 00000000 00000000                 8150                  348
01 80054600 7ffab9ff                 8539                  389
00 00000000 00000000                 8888                  349
63 8484d609 7b7b29f6                 9286                  398
00 00000000 00000000                 9634                  348
0d 06b97b0d f94684f2                10026                  392
00 00000000 00000000                10374                  348
0d 00f3e301 ff0c1cfe                10765                  391
00 00000000 00000000                11113                  348
3d 3b23f176 c4dc0e89                11509                  396
00 00000000 00000000                11855                  346
0c 76d457ed 892ba812                12247                  392
00 00000000 00000000                12596                  349
46 7cfde9f9 83021606                12994                  398
00 00000000 00000000                13345                  351
2a e2f784c5 1d087b3a                13740                  395
00 00000000 00000000                14087                  347
77 72aff7e5 8d50081a                14487                  400
00 00000000 00000000                14835                  348
