0a 12153524 edeacadb                 7092                 1166
0a 00000000 00000000                 8108                 1016
0a 12153524 edeacadb                11274                 1166
00 00000000 00000000                12272                  998
01 80054600 7ffab9ff                13431                 1159
00 00000000 00000000                14441                 1010
63 8484d609 7b7b29f6                15625                 1184
00 00000000 00000000                16631                 1006
0d 06b97b0d f94684f2                17797                 1166
00 00000000 00000000                18801                 1004
0d 00f3e301 ff0c1cfe                19966                 1165
00 00000000 00000000                20970                 1004
3d 3b23f176 c4dc0e89                22144                 1174
00 00000000 00000000                23139                  995
0c 76d457ed 892ba812                24306                 1167
00 00000000 00000000                25311                 1005
46 7cfde9f9 83021606                26493                 1182
00 00000000 00000000                27503                 1010
2a e2f784c5 1d087b3a                28677                 1174
00 00000000 00000000                29678                 1001
77 72aff7e5 8d50081a                30863                 1185
00 00000000 00000000                31860                  997
0f 8932d612 76cd29ed                33030                 1170
00 00000000 00000000                34036                 1006
