0a 12153524 edeacadb                 4714                  263
0a 00000000 00000000                 4958                  244
0a 12153524 edeacadb                 7221                  263
00 00000000 00000000                 7461                  240
01 80054600 7ffab9ff                 7722                  261
00 00000000 00000000                 7964                  242
63 8484d609 7b7b29f6                 8231                  267
00 00000000 00000000                 8469                  238
0d 06b97b0d f94684f2                 8732                  263
00 00000000 00000000                 8971                  239
0d 00f3e301 ff0c1cfe                 9233                  262
00 00000000 00000000                 9472                  239
3d 3b23f176 c4dc0e89                 9737                  265
00 00000000 00000000                 9972                  235
0c 76d457ed 892ba812                10235                  263
00 00000000 00000000                10473                  238
46 7cfde9f9 83021606                10740                  267
00 00000000 00000000                10978                  238
2a e2f784c5 1d087b3a                11243                  265
00 00000000 00000000                11479                  236
77 72aff7e5 8d50081a                11747                  268
