0a 12153524 edeacadb                 5238                  462
0a 00000000 00000000                 5654                  416
0a 12153524 edeacadb                 8116                  462
00 00000000 00000000                 8524                  408
01 80054600 7ffab9ff                 8982                  458
00 00000000 00000000                 9391                  409
63 8484d609 7b7b29f6                 9859                  468
00 00000000 00000000                10266                  407
0d 06b97b0d f94684f2                10727                  461
00 00000000 00000000                11135                  408
0d 00f3e301 ff0c1cfe                11595                  460
00 00000000 00000000                12003                  408
3d 3b23f176 c4dc0e89                12468                  465
00 00000000 00000000                12874                  406
0c 76d457ed 892ba812                13335                  461
00 00000000 00000000                13744                  409
46 7cfde9f9 83021606                14212                  468
00 00000000 00000000                14623                  411
2a e2f784c5 1d087b3a                15088                  465
00 00000000 00000000                15494                  406
77 72aff7e5 8d50081a                15964                  470
00 00000000 00000000                16371                  407
