0a 12153524 edeacadb                 4535                  198
0a 00000000 00000000                 4725                  190
0a 12153524 edeacadb                 6923                  198
00 00000000 00000000                 7109                  186
01 80054600 7ffab9ff                 7306                  197
00 00000000 00000000                 7493                  187
63 8484d609 7b7b29f6                 7695                  202
00 00000000 00000000                 7879                  184
12 b2c28465 4d3d7b9a                 8077                  198
00 00000000 00000000                 8262                  185
0d 00f3e301 ff0c1cfe                 8460                  198
00 00000000 00000000                 8645                  185
3d 3b23f176 c4dc0e89                 8845                  200
00 00000000 00000000                 9026                  181
0c 76d457ed 892ba812                 9224                  198
00 00000000 00000000                 9408                  184
46 7cfde9f9 83021606                 9610                  202
00 00000000 00000000                 9794                  184
2a e2f784c5 1d087b3a                 9995                  201
00 00000000 00000000                10178                  183
