0a 12153524 edeacadb                 4810                  300
0a 00000000 00000000                 5086                  276
0a 12153524 edeacadb                 7387                  301
00 00000000 00000000                 7658                  271
01 80054600 7ffab9ff                 7956                  298
00 00000000 00000000                 8230                  274
63 8484d609 7b7b29f6                 8534                  304
00 00000000 00000000                 8804                  270
0d 06b97b0d f94684f2                 9104                  300
00 00000000 00000000                 9374                  270
0d 00f3e301 ff0c1cfe                 9673                  299
00 00000000 00000000                 9944                  271
3d 3b23f176 c4dc0e89                10246                  302
00 00000000 00000000                10513                  267
0c 76d457ed 892ba812                10813                  300
00 00000000 00000000                11082                  269
46 7cfde9f9 83021606                11387                  305
00 00000000 00000000                11657                  270
2a e2f784c5 1d087b3a                11960                  303
00 00000000 00000000                12228                  268
77 72aff7e5 8d50081a                12534                  306
00 00000000 00000000                12801                  267
