0a 12153524 edeacadb                14779                12779
00 00000000 00000000                29628                14849
01 80054600 7ffab9ff                77523                12695
00 00000000 00000000                92242                14719
63 8484d609 7b7b29f6               105097                12855
00 00000000 00000000               119631                14534
0d 06b97b0d f94684f2               132682                13051
00 00000000 00000000               147377                14695
12 b2c28465 4d3d7b9a               160079                12702
00 00000000 00000000               174774                14695
0d 00f3e301 ff0c1cfe               187814                13040
00 00000000 00000000               202532                14718
3d 3b23f176 c4dc0e89               215633                13101
00 00000000 00000000               230381                14748
0c 76d457ed 892ba812               243469                13088
00 00000000 00000000               258146                14677
46 7cfde9f9 83021606               270862                12716
00 00000000 00000000               285669                14807
2a e2f784c5 1d087b3a               298456                12787
00 00000000 00000000               313291                14835
77 72aff7e5 8d50081a               326144                12853
00 00000000 00000000               340742                14598
0f 8932d612 76cd29ed               353663                12921
00 00000000 00000000               368154                14491
4e 793069f2 86cf960d               381175                13021
00 00000000 00000000               395958                14783
45 f4007ae8 0bff8517               408749                12791
00 00000000 00000000               423584                14835
3d 2e58495c d1a7b6a3               436686                13102
00 00000000 00000000               451461                14775
65 96ab582d 6954a7d2               464265                12804
00 00000000 00000000               479101                14836
0a b1ef6263 4e109d9c               491862                12761
