0a 12153524 edeacadb                 4453                 2453
00 00000000 00000000                 7331                 2878
01 80054600 7ffab9ff                19757                 2433
00 00000000 00000000                22601                 2844
63 8484d609 7b7b29f6                25072                 2471
00 00000000 00000000                27868                 2796
0d 06b97b0d f94684f2                30374                 2506
00 00000000 00000000                33233                 2859
12 b2c28465 4d3d7b9a                35678                 2445
00 00000000 00000000                38511                 2833
0d 00f3e301 ff0c1cfe                41011                 2500
00 00000000 00000000                43870                 2859
3d 3b23f176 c4dc0e89                46384                 2514
00 00000000 00000000                49259                 2875
0c 76d457ed 892ba812                51773                 2514
00 00000000 00000000                54637                 2864
46 7cfde9f9 83021606                57096                 2459
00 00000000 00000000                59970                 2874
2a e2f784c5 1d087b3a                62441                 2471
00 00000000 00000000                65315                 2874
77 72aff7e5 8d50081a                67789                 2474
00 00000000 00000000                70615                 2826
0f 8932d612 76cd29ed                73104                 2489
00 00000000 00000000                75903                 2799
4e 793069f2 86cf960d                78405                 2502
00 00000000 00000000                81275                 2870
45 f4007ae8 0bff8517                83734                 2459
00 00000000 00000000                86614                 2880
3d 2e58495c d1a7b6a3                89133                 2519
00 00000000 00000000                92008                 2875
