0a 12153524 edeacadb                 2137                  137
00 00000000 00000000                 2330                  193
01 80054600 7ffab9ff                 6846                  136
00 00000000 00000000                 7036                  190
63 8484d609 7b7b29f6                 7174                  138
00 00000000 00000000                 7368                  194
0d 06b97b0d f94684f2                 7510                  142
00 00000000 00000000                 7697                  187
12 b2c28465 4d3d7b9a                 7833                  136
00 00000000 00000000                 8027                  194
0d 00f3e301 ff0c1cfe                 8169                  142
00 00000000 00000000                 8356                  187
3d 3b23f176 c4dc0e89                 8499                  143
00 00000000 00000000                 8686                  187
0c 76d457ed 892ba812                 8829                  143
00 00000000 00000000                 9013                  184
46 7cfde9f9 83021606                 9151                  138
00 00000000 00000000                 9345                  194
2a e2f784c5 1d087b3a                 9483                  138
00 00000000 00000000                 9676                  193
77 72aff7e5 8d50081a                 9815                  139
00 00000000 00000000                10009                  194
0f 8932d612 76cd29ed                10149                  140
