0a 12153524 edeacadb                 2225                  225
00 00000000 00000000                 2510                  285
01 80054600 7ffab9ff                 7311                  225
00 00000000 00000000                 7591                  280
63 8484d609 7b7b29f6                 7817                  226
00 00000000 00000000                 8099                  282
0d 06b97b0d f94684f2                 8330                  231
00 00000000 00000000                 8609                  279
12 b2c28465 4d3d7b9a                 8832                  223
00 00000000 00000000                 9115                  283
0d 00f3e301 ff0c1cfe                 9345                  230
00 00000000 00000000                 9624                  279
3d 3b23f176 c4dc0e89                 9856                  232
00 00000000 00000000                10137                  281
0c 76d457ed 892ba812                10369                  232
00 00000000 00000000                10645                  276
46 7cfde9f9 83021606                10871                  226
00 00000000 00000000                11157                  286
2a e2f784c5 1d087b3a                11384                  227
00 00000000 00000000                11670                  286
77 72aff7e5 8d50081a                11896                  226
00 00000000 00000000                12180                  284
0f 8932d612 76cd29ed                12407                  227
00 00000000 00000000                12687                  280
