0a 12153524 edeacadb                 2320                  320
00 00000000 00000000                 2713                  393
01 80054600 7ffab9ff                 7836                  317
00 00000000 00000000                 8222                  386
63 8484d609 7b7b29f6                 8542                  320
00 00000000 00000000                 8928                  386
0d 06b97b0d f94684f2                 9253                  325
00 00000000 00000000                 9640                  387
12 b2c28465 4d3d7b9a                 9957                  317
00 00000000 00000000                10347                  390
0d 00f3e301 ff0c1cfe                10671                  324
00 00000000 00000000                11058                  387
3d 3b23f176 c4dc0e89                11385                  327
00 00000000 00000000                11774                  389
0c 76d457ed 892ba812                12101                  327
00 00000000 00000000                12485                  384
46 7cfde9f9 83021606                12806                  321
00 00000000 00000000                13199                  393
2a e2f784c5 1d087b3a                13520                  321
00 00000000 00000000                13914                  394
77 72aff7e5 8d50081a                14235                  321
00 00000000 00000000                14624                  389
0f 8932d612 76cd29ed                14946                  322
00 00000000 00000000                15331                  385
4e 793069f2 86cf960d                15656                  325
