0a 12153524 edeacadb                 2153                  153
00 00000000 00000000                 2365                  212
01 80054600 7ffab9ff                 6930                  153
00 00000000 00000000                 7138                  208
63 8484d609 7b7b29f6                 7292                  154
00 00000000 00000000                 7504                  212
0d 06b97b0d f94684f2                 7663                  159
00 00000000 00000000                 7868                  205
12 b2c28465 4d3d7b9a                 8020                  152
00 00000000 00000000                 8231                  211
0d 00f3e301 ff0c1cfe                 8389                  158
00 00000000 00000000                 8594                  205
3d 3b23f176 c4dc0e89                 8753                  159
00 00000000 00000000                 8958                  205
0c 76d457ed 892ba812                 9118                  160
00 00000000 00000000                 9320                  202
46 7cfde9f9 83021606                 9474                  154
00 00000000 00000000                 9686                  212
2a e2f784c5 1d087b3a                 9840                  154
00 00000000 00000000                10052                  212
77 72aff7e5 8d50081a                10207                  155
00 00000000 00000000                10419                  212
0f 8932d612 76cd29ed                10574                  155
