0a 12153524 edeacadb                 8982                 6982
00 00000000 00000000                17140                 8158
01 80054600 7ffab9ff                44977                 6937
00 00000000 00000000                53042                 8065
63 8484d609 7b7b29f6                60086                 7044
00 00000000 00000000                68028                 7942
0d 06b97b0d f94684f2                75183                 7155
00 00000000 00000000                83276                 8093
12 b2c28465 4d3d7b9a                90250                 6974
00 00000000 00000000                98295                 8045
0d 00f3e301 ff0c1cfe               105443                 7148
00 00000000 00000000               113537                 8094
3d 3b23f176 c4dc0e89               120719                 7182
00 00000000 00000000               128866                 8147
0c 76d457ed 892ba812               136052                 7186
00 00000000 00000000               144156                 8104
46 7cfde9f9 83021606               151170                 7014
00 00000000 00000000               159321                 8151
2a e2f784c5 1d087b3a               166354                 7033
00 00000000 00000000               174508                 8154
77 72aff7e5 8d50081a               181571                 7063
00 00000000 00000000               189590                 8019
0f 8932d612 76cd29ed               196682                 7092
00 00000000 00000000               204625                 7943
4e 793069f2 86cf960d               211772                 7147
00 00000000 00000000               219908                 8136
45 f4007ae8 0bff8517               226928                 7020
00 00000000 00000000               235086                 8158
3d 2e58495c d1a7b6a3               242274                 7188
00 00000000 00000000               250412                 8138
65 96ab582d 6954a7d2               257447                 7035
00 00000000 00000000               265610                 8163
0a b1ef6263 4e109d9c               272633                 7023
