0a 12153524 edeacadb                 2386                  386
00 00000000 00000000                 2855                  469
01 80054600 7ffab9ff                 8206                  383
00 00000000 00000000                 8668                  462
63 8484d609 7b7b29f6                 9054                  386
00 00000000 00000000                 9515                  461
0d 06b97b0d f94684f2                 9908                  393
00 00000000 00000000                10371                  463
12 b2c28465 4d3d7b9a                10754                  383
00 00000000 00000000                11219                  465
0d 00f3e301 ff0c1cfe                11610                  391
00 00000000 00000000                12073                  463
3d 3b23f176 c4dc0e89                12468                  395
00 00000000 00000000                12933                  465
0c 76d457ed 892ba812                13328                  395
00 00000000 00000000                13789                  461
46 7cfde9f9 83021606                14177                  388
00 00000000 00000000                14647                  470
2a e2f784c5 1d087b3a                15035                  388
00 00000000 00000000                15506                  471
77 72aff7e5 8d50081a                15894                  388
00 00000000 00000000                16358                  464
0f 8932d612 76cd29ed                16747                  389
00 00000000 00000000                17206                  459
4e 793069f2 86cf960d                17598                  392
