0a 12153524 edeacadb                 2296                  296
00 00000000 00000000                 2661                  365
01 80054600 7ffab9ff                 7703                  294
00 00000000 00000000                 8062                  359
63 8484d609 7b7b29f6                 8358                  296
00 00000000 00000000                 8718                  360
0d 06b97b0d f94684f2                 9020                  302
00 00000000 00000000                 9380                  360
12 b2c28465 4d3d7b9a                 9673                  293
00 00000000 00000000                10036                  363
0d 00f3e301 ff0c1cfe                10337                  301
00 00000000 00000000                10696                  359
3d 3b23f176 c4dc0e89                10999                  303
00 00000000 00000000                11360                  361
0c 76d457ed 892ba812                11663                  303
00 00000000 00000000                12020                  357
46 7cfde9f9 83021606                12318                  298
00 00000000 00000000                12684                  366
2a e2f784c5 1d087b3a                12982                  298
00 00000000 00000000                13348                  366
77 72aff7e5 8d50081a                13646                  298
00 00000000 00000000                14009                  363
0f 8932d612 76cd29ed                14307                  298
00 00000000 00000000                14666                  359
4e 793069f2 86cf960d                14967                  301
