0a 12153524 edeacadb                 3625                 1625
00 00000000 00000000                 5539                 1914
01 80054600 7ffab9ff                15145                 1612
00 00000000 00000000                17038                 1893
63 8484d609 7b7b29f6                18675                 1637
00 00000000 00000000                20537                 1862
0d 06b97b0d f94684f2                22194                 1657
00 00000000 00000000                24096                 1902
12 b2c28465 4d3d7b9a                25716                 1620
00 00000000 00000000                27603                 1887
0d 00f3e301 ff0c1cfe                29257                 1654
00 00000000 00000000                31159                 1902
3d 3b23f176 c4dc0e89                32822                 1663
00 00000000 00000000                34736                 1914
0c 76d457ed 892ba812                36399                 1663
00 00000000 00000000                38304                 1905
46 7cfde9f9 83021606                39934                 1630
00 00000000 00000000                41847                 1913
2a e2f784c5 1d087b3a                43485                 1638
00 00000000 00000000                45400                 1915
77 72aff7e5 8d50081a                47037                 1637
00 00000000 00000000                48918                 1881
0f 8932d612 76cd29ed                50566                 1648
00 00000000 00000000                52429                 1863
4e 793069f2 86cf960d                54085                 1656
00 00000000 00000000                55996                 1911
45 f4007ae8 0bff8517                57624                 1628
00 00000000 00000000                59541                 1917
