0a 12153524 edeacadb                 2130                  130
00 00000000 00000000                 2317                  187
01 80054600 7ffab9ff                 6809                  129
00 00000000 00000000                 6994                  185
63 8484d609 7b7b29f6                 7125                  131
00 00000000 00000000                 7313                  188
0d 06b97b0d f94684f2                 7448                  135
00 00000000 00000000                 7629                  181
12 b2c28465 4d3d7b9a                 7758                  129
00 00000000 00000000                 7945                  187
0d 00f3e301 ff0c1cfe                 8080                  135
00 00000000 00000000                 8261                  181
3d 3b23f176 c4dc0e89                 8397                  136
00 00000000 00000000                 8578                  181
0c 76d457ed 892ba812                 8714                  136
00 00000000 00000000                 8893                  179
46 7cfde9f9 83021606                 9024                  131
00 00000000 00000000                 9211                  187
2a e2f784c5 1d087b3a                 9342                  131
00 00000000 00000000                 9529                  187
77 72aff7e5 8d50081a                 9662                  133
00 00000000 00000000                 9850                  188
0f 8932d612 76cd29ed                 9984                  134
00 00000000 00000000                10170                  186
4e 793069f2 86cf960d                10305                  135
