0a 12153524 edeacadb                 2143                  143
00 00000000 00000000                 2344                  201
01 80054600 7ffab9ff                 6882                  143
00 00000000 00000000                 7080                  198
63 8484d609 7b7b29f6                 7225                  145
00 00000000 00000000                 7427                  202
0d 06b97b0d f94684f2                 7576                  149
00 00000000 00000000                 7771                  195
12 b2c28465 4d3d7b9a                 7913                  142
00 00000000 00000000                 8114                  201
0d 00f3e301 ff0c1cfe                 8263                  149
00 00000000 00000000                 8458                  195
3d 3b23f176 c4dc0e89                 8608                  150
00 00000000 00000000                 8803                  195
0c 76d457ed 892ba812                 8953                  150
00 00000000 00000000                 9144                  191
46 7cfde9f9 83021606                 9288                  144
00 00000000 00000000                 9489                  201
2a e2f784c5 1d087b3a                 9633                  144
00 00000000 00000000                 9834                  201
77 72aff7e5 8d50081a                 9980                  146
00 00000000 00000000                10181                  201
0f 8932d612 76cd29ed                10327                  146
