0a 12153524 edeacadb                 2879                  879
00 00000000 00000000                 3926                 1047
01 80054600 7ffab9ff                10981                  873
00 00000000 00000000                12015                 1034
63 8484d609 7b7b29f6                12901                  886
00 00000000 00000000                13921                 1020
0d 06b97b0d f94684f2                14817                  896
00 00000000 00000000                15855                 1038
12 b2c28465 4d3d7b9a                16731                  876
00 00000000 00000000                17765                 1034
0d 00f3e301 ff0c1cfe                18659                  894
00 00000000 00000000                19697                 1038
3d 3b23f176 c4dc0e89                20597                  900
00 00000000 00000000                21642                 1045
0c 76d457ed 892ba812                22542                  900
00 00000000 00000000                23580                 1038
46 7cfde9f9 83021606                24464                  884
00 00000000 00000000                25511                 1047
2a e2f784c5 1d087b3a                26398                  887
00 00000000 00000000                27446                 1048
77 72aff7e5 8d50081a                28332                  886
00 00000000 00000000                29363                 1031
0f 8932d612 76cd29ed                30255                  892
00 00000000 00000000                31275                 1020
4e 793069f2 86cf960d                32171                  896
00 00000000 00000000                33215                 1044
45 f4007ae8 0bff8517                34097                  882
