0a 12153524 edeacadb                 2276                  276
00 00000000 00000000                 2619                  343
01 80054600 7ffab9ff                 7595                  275
00 00000000 00000000                 7932                  337
63 8484d609 7b7b29f6                 8209                  277
00 00000000 00000000                 8548                  339
0d 06b97b0d f94684f2                 8830                  282
00 00000000 00000000                 9167                  337
12 b2c28465 4d3d7b9a                 9441                  274
00 00000000 00000000                 9782                  341
0d 00f3e301 ff0c1cfe                10063                  281
00 00000000 00000000                10400                  337
3d 3b23f176 c4dc0e89                10684                  284
00 00000000 00000000                11023                  339
0c 76d457ed 892ba812                11307                  284
00 00000000 00000000                11641                  334
46 7cfde9f9 83021606                11919                  278
00 00000000 00000000                12263                  344
2a e2f784c5 1d087b3a                12541                  278
00 00000000 00000000                12885                  344
77 72aff7e5 8d50081a                13163                  278
00 00000000 00000000                13504                  341
0f 8932d612 76cd29ed                13783                  279
00 00000000 00000000                14120                  337
4e 793069f2 86cf960d                14401                  281
