0a 12153524 edeacadb                 2156                  156
00 00000000 00000000                 2370                  214
01 80054600 7ffab9ff                 6943                  156
00 00000000 00000000                 7153                  210
63 8484d609 7b7b29f6                 7310                  157
00 00000000 00000000                 7524                  214
0d 06b97b0d f94684f2                 7686                  162
00 00000000 00000000                 7894                  208
12 b2c28465 4d3d7b9a                 8049                  155
00 00000000 00000000                 8262                  213
0d 00f3e301 ff0c1cfe                 8423                  161
00 00000000 00000000                 8631                  208
3d 3b23f176 c4dc0e89                 8793                  162
00 00000000 00000000                 9001                  208
0c 76d457ed 892ba812                 9164                  163
00 00000000 00000000                 9368                  204
46 7cfde9f9 83021606                 9525                  157
00 00000000 00000000                 9739                  214
2a e2f784c5 1d087b3a                 9896                  157
00 00000000 00000000                10110                  214
77 72aff7e5 8d50081a                10268                  158
00 00000000 00000000                10481                  213
