0a 12153524 edeacadb                 2704                  704
00 00000000 00000000                 3542                  838
01 80054600 7ffab9ff                 9986                  698
00 00000000 00000000                10813                  827
63 8484d609 7b7b29f6                11519                  706
00 00000000 00000000                12337                  818
0d 06b97b0d f94684f2                13051                  714
00 00000000 00000000                13882                  831
12 b2c28465 4d3d7b9a                14581                  699
00 00000000 00000000                15409                  828
0d 00f3e301 ff0c1cfe                16121                  712
00 00000000 00000000                16951                  830
3d 3b23f176 c4dc0e89                17669                  718
00 00000000 00000000                18505                  836
0c 76d457ed 892ba812                19222                  717
00 00000000 00000000                20052                  830
46 7cfde9f9 83021606                20756                  704
00 00000000 00000000                21595                  839
2a e2f784c5 1d087b3a                22302                  707
00 00000000 00000000                23141                  839
77 72aff7e5 8d50081a                23846                  705
00 00000000 00000000                24672                  826
0f 8932d612 76cd29ed                25382                  710
00 00000000 00000000                26199                  817
4e 793069f2 86cf960d                26912                  713
00 00000000 00000000                27748                  836
45 f4007ae8 0bff8517                28452                  704
