0a 12153524 edeacadb                 2150                  150
00 00000000 00000000                 2359                  209
01 80054600 7ffab9ff                 6916                  149
00 00000000 00000000                 7121                  205
63 8484d609 7b7b29f6                 7272                  151
00 00000000 00000000                 7481                  209
0d 06b97b0d f94684f2                 7637                  156
00 00000000 00000000                 7840                  203
12 b2c28465 4d3d7b9a                 7989                  149
00 00000000 00000000                 8197                  208
0d 00f3e301 ff0c1cfe                 8352                  155
00 00000000 00000000                 8555                  203
3d 3b23f176 c4dc0e89                 8711                  156
00 00000000 00000000                 8913                  202
0c 76d457ed 892ba812                 9070                  157
00 00000000 00000000                 9269                  199
46 7cfde9f9 83021606                 9420                  151
00 00000000 00000000                 9629                  209
2a e2f784c5 1d087b3a                 9780                  151
00 00000000 00000000                 9989                  209
77 72aff7e5 8d50081a                10141                  152
00 00000000 00000000                10350                  209
0f 8932d612 76cd29ed                10502                  152
