0a 12153524 edeacadb                 2178                  178
00 00000000 00000000                 2412                  234
01 80054600 7ffab9ff                 7054                  178
00 00000000 00000000                 7284                  230
63 8484d609 7b7b29f6                 7463                  179
00 00000000 00000000                 7696                  233
0d 06b97b0d f94684f2                 7880                  184
00 00000000 00000000                 8108                  228
12 b2c28465 4d3d7b9a                 8285                  177
00 00000000 00000000                 8518                  233
0d 00f3e301 ff0c1cfe                 8701                  183
00 00000000 00000000                 8929                  228
3d 3b23f176 c4dc0e89                 9114                  185
00 00000000 00000000                 9343                  229
0c 76d457ed 892ba812                 9528                  185
00 00000000 00000000                 9753                  225
46 7cfde9f9 83021606                 9932                  179
00 00000000 00000000                10167                  235
2a e2f784c5 1d087b3a                10346                  179
00 00000000 00000000                10581                  235
