0a 12153524 edeacadb                 2497                  497
00 00000000 00000000                 3094                  597
01 80054600 7ffab9ff                 8826                  493
00 00000000 00000000                 9415                  589
63 8484d609 7b7b29f6                 9913                  498
00 00000000 00000000                10498                  585
0d 06b97b0d f94684f2                11003                  505
00 00000000 00000000                11594                  591
12 b2c28465 4d3d7b9a                12087                  493
00 00000000 00000000                12679                  592
0d 00f3e301 ff0c1cfe                13182                  503
00 00000000 00000000                13773                  591
3d 3b23f176 c4dc0e89                14280                  507
00 00000000 00000000                14874                  594
0c 76d457ed 892ba812                15380                  506
00 00000000 00000000                15969                  589
46 7cfde9f9 83021606                16466                  497
00 00000000 00000000                17064                  598
2a e2f784c5 1d087b3a                17563                  499
00 00000000 00000000                18162                  599
77 72aff7e5 8d50081a                18660                  498
00 00000000 00000000                19250                  590
0f 8932d612 76cd29ed                19751                  501
00 00000000 00000000                20335                  584
4e 793069f2 86cf960d                20839                  504
00 00000000 00000000                21435                  596
