0a 12153524 edeacadb                 2166                  166
00 00000000 00000000                 2389                  223
01 80054600 7ffab9ff                 6992                  166
00 00000000 00000000                 7210                  218
63 8484d609 7b7b29f6                 7377                  167
00 00000000 00000000                 7599                  222
0d 06b97b0d f94684f2                 7771                  172
00 00000000 00000000                 7987                  216
12 b2c28465 4d3d7b9a                 8152                  165
00 00000000 00000000                 8374                  222
0d 00f3e301 ff0c1cfe                 8545                  171
00 00000000 00000000                 8761                  216
3d 3b23f176 c4dc0e89                 8933                  172
00 00000000 00000000                 9149                  216
0c 76d457ed 892ba812                 9322                  173
00 00000000 00000000                 9534                  212
46 7cfde9f9 83021606                 9701                  167
00 00000000 00000000                 9924                  223
2a e2f784c5 1d087b3a                10091                  167
00 00000000 00000000                10314                  223
77 72aff7e5 8d50081a                10482                  168
00 00000000 00000000                10704                  222
