0a 12153524 edeacadb                 2140                  140
00 00000000 00000000                 2337                  197
01 80054600 7ffab9ff                 6864                  139
00 00000000 00000000                 7058                  194
63 8484d609 7b7b29f6                 7200                  142
00 00000000 00000000                 7398                  198
0d 06b97b0d f94684f2                 7544                  146
00 00000000 00000000                 7735                  191
12 b2c28465 4d3d7b9a                 7874                  139
00 00000000 00000000                 8071                  197
0d 00f3e301 ff0c1cfe                 8217                  146
00 00000000 00000000                 8408                  191
3d 3b23f176 c4dc0e89                 8554                  146
00 00000000 00000000                 8745                  191
0c 76d457ed 892ba812                 8892                  147
00 00000000 00000000                 9080                  188
46 7cfde9f9 83021606                 9221                  141
00 00000000 00000000                 9418                  197
2a e2f784c5 1d087b3a                 9559                  141
00 00000000 00000000                 9756                  197
77 72aff7e5 8d50081a                 9898                  142
00 00000000 00000000                10095                  197
0f 8932d612 76cd29ed                10238                  143
