0a 12153524 edeacadb                 2147                  147
00 00000000 00000000                 2352                  205
01 80054600 7ffab9ff                 6900                  146
00 00000000 00000000                 7102                  202
63 8484d609 7b7b29f6                 7250                  148
00 00000000 00000000                 7456                  206
0d 06b97b0d f94684f2                 7608                  152
00 00000000 00000000                 7807                  199
12 b2c28465 4d3d7b9a                 7953                  146
00 00000000 00000000                 8158                  205
0d 00f3e301 ff0c1cfe                 8310                  152
00 00000000 00000000                 8509                  199
3d 3b23f176 c4dc0e89                 8662                  153
00 00000000 00000000                 8861                  199
0c 76d457ed 892ba812                 9015                  154
00 00000000 00000000                 9210                  195
46 7cfde9f9 83021606                 9358                  148
00 00000000 00000000                 9564                  206
2a e2f784c5 1d087b3a                 9712                  148
00 00000000 00000000                 9917                  205
77 72aff7e5 8d50081a                10066                  149
00 00000000 00000000                10271                  205
0f 8932d612 76cd29ed                10420                  149
