0a 12153524 edeacadb                 2161                  161
00 00000000 00000000                 2379                  218
01 80054600 7ffab9ff                 6966                  161
00 00000000 00000000                 7180                  214
63 8484d609 7b7b29f6                 7342                  162
00 00000000 00000000                 7559                  217
0d 06b97b0d f94684f2                 7726                  167
00 00000000 00000000                 7937                  211
12 b2c28465 4d3d7b9a                 8097                  160
00 00000000 00000000                 8314                  217
0d 00f3e301 ff0c1cfe                 8480                  166
00 00000000 00000000                 8692                  212
3d 3b23f176 c4dc0e89                 8859                  167
00 00000000 00000000                 9071                  212
0c 76d457ed 892ba812                 9239                  168
00 00000000 00000000                 9447                  208
46 7cfde9f9 83021606                 9609                  162
00 00000000 00000000                 9827                  218
2a e2f784c5 1d087b3a                 9989                  162
00 00000000 00000000                10207                  218
77 72aff7e5 8d50081a                10370                  163
00 00000000 00000000                10587                  217
