0a 12153524 edeacadb                 3160                 1160
00 00000000 00000000                 4532                 1372
01 80054600 7ffab9ff                12546                 1151
00 00000000 00000000                13904                 1358
63 8484d609 7b7b29f6                15072                 1168
00 00000000 00000000                16407                 1335
0d 06b97b0d f94684f2                17589                 1182
00 00000000 00000000                18951                 1362
12 b2c28465 4d3d7b9a                20106                 1155
00 00000000 00000000                21460                 1354
0d 00f3e301 ff0c1cfe                22639                 1179
00 00000000 00000000                24002                 1363
3d 3b23f176 c4dc0e89                25189                 1187
00 00000000 00000000                26560                 1371
0c 76d457ed 892ba812                27746                 1186
00 00000000 00000000                29111                 1365
46 7cfde9f9 83021606                30275                 1164
00 00000000 00000000                31647                 1372
2a e2f784c5 1d087b3a                32816                 1169
00 00000000 00000000                34189                 1373
77 72aff7e5 8d50081a                35357                 1168
00 00000000 00000000                36708                 1351
0f 8932d612 76cd29ed                37883                 1175
00 00000000 00000000                39219                 1336
4e 793069f2 86cf960d                40400                 1181
00 00000000 00000000                41769                 1369
45 f4007ae8 0bff8517                42931                 1162
00 00000000 00000000                44305                 1374
