0a 12153524 edeacadb                 2349                  349
00 00000000 00000000                 2776                  427
01 80054600 7ffab9ff                 8000                  346
00 00000000 00000000                 8419                  419
63 8484d609 7b7b29f6                 8768                  349
00 00000000 00000000                 9187                  419
0d 06b97b0d f94684f2                 9542                  355
00 00000000 00000000                 9962                  420
12 b2c28465 4d3d7b9a                10308                  346
00 00000000 00000000                10731                  423
0d 00f3e301 ff0c1cfe                11085                  354
00 00000000 00000000                11505                  420
3d 3b23f176 c4dc0e89                11862                  357
00 00000000 00000000                12285                  423
0c 76d457ed 892ba812                12642                  357
00 00000000 00000000                13060                  418
46 7cfde9f9 83021606                13411                  351
00 00000000 00000000                13838                  427
2a e2f784c5 1d087b3a                14189                  351
00 00000000 00000000                14617                  428
77 72aff7e5 8d50081a                14967                  350
00 00000000 00000000                15389                  422
0f 8932d612 76cd29ed                15741                  352
00 00000000 00000000                16159                  418
4e 793069f2 86cf960d                16514                  355
