0a 12153524 edeacadb                 2197                  197
00 00000000 00000000                 2451                  254
01 80054600 7ffab9ff                 7154                  196
00 00000000 00000000                 7403                  249
63 8484d609 7b7b29f6                 7600                  197
00 00000000 00000000                 7852                  252
0d 06b97b0d f94684f2                 8054                  202
00 00000000 00000000                 8302                  248
12 b2c28465 4d3d7b9a                 8497                  195
00 00000000 00000000                 8749                  252
0d 00f3e301 ff0c1cfe                 8950                  201
00 00000000 00000000                 9197                  247
3d 3b23f176 c4dc0e89                 9400                  203
00 00000000 00000000                 9648                  248
0c 76d457ed 892ba812                 9851                  203
00 00000000 00000000                10095                  244
46 7cfde9f9 83021606                10292                  197
00 00000000 00000000                10546                  254
2a e2f784c5 1d087b3a                10744                  198
00 00000000 00000000                10998                  254
77 72aff7e5 8d50081a                11196                  198
00 00000000 00000000                11449                  253
0f 8932d612 76cd29ed                11647                  198
00 00000000 00000000                11897                  250
