\o Program:		@(#)$CDS: libManager version 6.1.6 - CAT33 08/24/2014 13:48 (sjfnl834) $
\o Sub version:		sub-version  s012 
\o Arguments:		-mpssession virtuoso7829 -mpshost bull 
\o Working Directory:	bull:/root/Desktop/Cadence
\o Qt version: 		4.7.2
\o Log file is "/root/Desktop/Cadence/libManager.log".
\o Opening libManager window.
\a nrSetCurrentWindow(cdsLibManager)
\a nrResizeWindow(cdsLibManager list(1845 225 1223 873))
\o changeWorkingDir("/root/Desktop/Cadence") unnecessary.
\o ddSetForcedLib("") unnecessary.
\o MPS service: map window
\o Library Manager customization server connected.
\a nrSetCurrentWindow(cdsLibManager)
\a cdsLibManager->libListBox->value = "16nm_Tests"
\a cdsLibManager->libLineEdit->value = "16nm_Tests"
\a cdsLibManager->cellListBox->value = "Compare22_Test"
\a cdsLibManager->cellLineEdit->value = "Compare22_Test"
\a cdsLibManager->viewListBox->value = "config"
\a cdsLibManager->viewLineEdit->value = "config"
\o MPS request: edit design
\a nrListItemAction(cdsLibManager->gdmXTView 0 1)
\a nrSetCurrentWindow(cdsLibManager)
\a cdsLibManager->libListBox->value = nil
\a cdsLibManager->cellListBox->value = nil
\a cdsLibManager->viewLineEdit->value = ""
\a cdsLibManager->viewListBox->value = nil
\a cdsLibManager->cellLineEdit->value = ""
\a cdsLibManager->libLineEdit->value = ""
\a cdsLibManager->libListBox->value = "16nm_Tests"
\a cdsLibManager->libLineEdit->value = "16nm_Tests"
\a cdsLibManager->cellListBox->value = "Compare22_Test"
\a cdsLibManager->cellLineEdit->value = "Compare22_Test"
\a cdsLibManager->viewListBox->value = "config"
\a cdsLibManager->viewLineEdit->value = "config"
\a cdsLibManager->viewLineEdit->value = ""
\a cdsLibManager->viewListBox->value = nil
\a cdsLibManager->viewListBox->value = "config"
\a cdsLibManager->viewLineEdit->value = "config"
\a nrSetCurrentWindow(cdsLibManager)
\a cdsLibManager->viewListBox->value = nil
\a cdsLibManager->viewListBox->value = "config"
\o MPS request: edit design
\a nrListItemAction(cdsLibManager->gdmXTView 0 0)
\a nrSetCurrentWindow(cdsLibManager)
\a nrSetCurrentWindow(cdsLibManager)
\a nrResizeWindow(cdsLibManager list(1964 38 1223 873))
\a nrSetCurrentWindow(cdsLibManager)
\a cdsLibManager->cellListBox->value = nil
\a cdsLibManager->viewLineEdit->value = ""
\a cdsLibManager->viewListBox->value = nil
\a cdsLibManager->cellListBox->value = "Compare22_Test"
\a cdsLibManager->viewListBox->value = "config"
\a cdsLibManager->viewLineEdit->value = "config"
\a cdsLibManager->cellLineEdit->value = "Compare22_Test"
\a cdsLibManager->viewListBox->value = nil
\a cdsLibManager->viewListBox->value = "config"
\o MPS request: edit design
\a nrListItemAction(cdsLibManager->gdmXTView 0 0)
\a nrSetCurrentWindow(cdsLibManager)
\a nrSetCurrentWindow(cdsLibManager)
\a nrSetCurrentWindow(cdsLibManager)
\a nrSetCurrentWindow(cdsLibManager)
\a nrSetCurrentWindow(cdsLibManager)
\a nrResizeWindow(cdsLibManager list(1965 38 1223 873))
\a nrResizeWindow(cdsLibManager list(1973 267 1223 873))
\a nrResizeWindow(cdsLibManager list(1973 272 1223 873))
\a nrResizeWindow(cdsLibManager list(1973 25 1223 873))
\a nrResizeWindow(cdsLibManager list(1280 25 1223 873))
\a nrResizeWindow(cdsLibManager list(1970 25 1223 873))
\a nrResizeWindow(cdsLibManager list(1971 25 1223 873))
\a nrResizeWindow(cdsLibManager list(1316 25 1223 873))
\a nrResizeWindow(cdsLibManager list(1285 25 1223 873))
\a nrResizeWindow(cdsLibManager list(1283 25 1223 873))
\a nrResizeWindow(cdsLibManager list(1280 270 1223 873))
\a nrSetCurrentWindow(cdsLibManager)
\a cdsLibManager->cellListBox->value = "10T_TagMem_Test"
\a cdsLibManager->viewLineEdit->value = ""
\a cdsLibManager->viewListBox->value = nil
\a cdsLibManager->viewListBox->value = "config"
\a cdsLibManager->viewLineEdit->value = "config"
\a cdsLibManager->cellLineEdit->value = "10T_TagMem_Test"
\a cdsLibManager->viewListBox->value = nil
\a cdsLibManager->viewListBox->value = "config"
\o MPS request: edit design
\a nrListItemAction(cdsLibManager->gdmXTView 0 0)
\a nrSetCurrentWindow(cdsLibManager)
\a nrSetCurrentWindow(cdsLibManager)
\a nrSetWindowVisibility(cdsLibManager "hide")
\o libManager is exiting.
\a exit(0)
