\o Program:		@(#)$CDS: libManager version 6.1.6 - CAT33 08/24/2014 13:48 (sjfnl834) $
\o Sub version:		sub-version  s012 
\o Arguments:		-mpssession virtuoso31345 -mpshost bull 
\o Working Directory:	bull:/root/Desktop/Cadence
\o Qt version: 		4.7.2
\o Log file is "/root/Desktop/Cadence/libManager.log".
\o Opening libManager window.
\a nrSetCurrentWindow(cdsLibManager)
\a nrResizeWindow(cdsLibManager list(1280 92 1044 862))
\o changeWorkingDir("/root/Desktop/Cadence") unnecessary.
\o ddSetForcedLib("") unnecessary.
\o MPS service: map window
\o Library Manager customization server connected.
\a nrSetCurrentWindow(cdsLibManager)
\a cdsLibManager->libListBox->value = "16nm"
\a cdsLibManager->libListBox->value = "16nm_Tests"
\a cdsLibManager->libListBox->value = "ATSim"
\a cdsLibManager->libListBox->value = "NCSU_Devices_FreePDK45"
\a cdsLibManager->libListBox->value = "NCSU_TechLib_FreePDK15"
\a cdsLibManager->libListBox->value = nil
\a cdsLibManager->libListBox->value = "ATSim"
\a cdsLibManager->libLineEdit->value = "ATSim"
\a cdsLibManager->cellListBox->value = "L1_read_ctrl_rev3"
\a cdsLibManager->cellLineEdit->value = "L1_read_ctrl_rev3"
\a cdsLibManager->libListBox->value = "16nm"
\a cdsLibManager->cellListBox->value = nil
\a cdsLibManager->cellLineEdit->value = ""
\a cdsLibManager->libListBox->value = "16nm_Tests"
\a cdsLibManager->libLineEdit->value = "16nm_Tests"
\a cdsLibManager->cellListBox->value = "6T_MultiBank_16K_Test"
\a cdsLibManager->cellLineEdit->value = "6T_MultiBank_16K_Test"
\a cdsLibManager->libListBox->value = "16nm"
\a cdsLibManager->cellListBox->value = nil
\a cdsLibManager->cellLineEdit->value = ""
\a cdsLibManager->libLineEdit->value = "16nm"
\a cdsLibManager->cellListBox->value = "nand_1x"
\a lmgrLogShowPopup("mainListPopup1" 67 415 2 "nand_1x")
\a cdsLibManager->cellLineEdit->value = "nand_1x"
\a cdsLibManager->editRenameButton->value = t
\a basicRenameForm->basicRenameFromEdit->value = "nand_1x"
\a nrSetWindowVisibility(basicRenameForm "show")
\a basicRenameForm->basicRenameToEdit->value = "nand_1x"
\a nrSetCurrentWindow(basicRenameForm)
\a nrResizeWindow(basicRenameForm list(1631 345 343 180))
\a basicRenameForm->basicRenameToEdit->value = "nand_1x"
\a nrSetCurrentWindow(cdsLibManager)
\a cdsLibManager->cellListBox->value = "nor3_1x"
\a cdsLibManager->cellListBox->value = "nor_1x"
\a cdsLibManager->cellListBox->value = "or2_1x"
\a lmgrLogShowPopup("mainListPopup1" 57 427 2 "or2_1x")
\a cdsLibManager->cellLineEdit->value = "or2_1x"
\a cdsLibManager->editRenameButton->value = t
\a basicRenameForm->basicRenameFromEdit->value = "or2_1x"
\a nrSetWindowVisibility(basicRenameForm "show")
\a basicRenameForm->basicRenameToEdit->value = "or2_1x"
\a nrSetCurrentWindow(basicRenameForm)
\a nrResizeWindow(basicRenameForm list(1631 345 343 180))
\a basicRenameForm->basicRenameToEdit->value = "or_1x"
\a nrDialogAccept(basicRenameForm)
\a basicRenameForm->OK->value = t
\o Renaming Cell "or2_1x" to "or_1x" in library "16nm".
\a nrSetWindowVisibility(workingDialogForm "show")
\a nrSetCurrentWindow(workingDialogForm)
\a basicRenameForm->basicRenameToEdit->value = "or_1x"
\a nrResizeWindow(workingDialogForm list(1662 361 281 131))
\a cdsLibManager->cellListBox->value = nil
\a cdsLibManager->cellLineEdit->value = ""
\a nrSetCurrentWindow(cdsLibManager)
\a cdsLibManager->libListBox->value = nil
\a cdsLibManager->libLineEdit->value = ""
\a cdsLibManager->libListBox->value = "16nm"
\a cdsLibManager->libLineEdit->value = "16nm"
\a cdsLibManager->cellListBox->value = "and2"
\a cdsLibManager->cellListBox->value = "and3"
\a lmgrLogShowPopup("mainListPopup1" 52 176 2 "and3")
\a cdsLibManager->cellLineEdit->value = "and3"
\a cdsLibManager->editRenameButton->value = t
\a basicRenameForm->basicRenameFromEdit->value = "and3"
\a nrSetWindowVisibility(basicRenameForm "show")
\a basicRenameForm->basicRenameToEdit->value = "and3"
\a nrSetCurrentWindow(basicRenameForm)
\a nrResizeWindow(basicRenameForm list(1631 345 343 180))
\a basicRenameForm->basicRenameToEdit->value = "and3_1x"
\a basicRenameForm->OK->value = t
\o Renaming Cell "and3" to "and3_1x" in library "16nm".
\a nrSetWindowVisibility(workingDialogForm "show")
\a nrSetCurrentWindow(workingDialogForm)
\a nrResizeWindow(workingDialogForm list(1662 361 281 131))
\a nrSetCurrentWindow(cdsLibManager)
\a cdsLibManager->libListBox->value = nil
\a cdsLibManager->cellListBox->value = nil
\a cdsLibManager->libLineEdit->value = ""
\a cdsLibManager->libListBox->value = "16nm"
\a cdsLibManager->libLineEdit->value = "16nm"
\a cdsLibManager->cellListBox->value = "nand_1x"
\a cdsLibManager->cellLineEdit->value = "nand_1x"
\a cdsLibManager->viewListBox->value = "schematic"
\a cdsLibManager->viewLineEdit->value = "schematic"
\o MPS request: edit design
\a nrListItemAction(cdsLibManager->gdmXTView 0 0)
\a nrSetCurrentWindow(cdsLibManager)
\a nrSetWindowVisibility(cdsLibManager "hide")
\o libManager is exiting.
\a exit(0)
