000000000000000000000000 111111111111111111111111 000000000000000000000000 111111111111111111111111 0 1           1                 1259                  259
000000000000000000000000 000000000000000000000000 000000000000000000000000 000000000000000000000000 0 0 n/A                 1482                  223
111111111111111111111111 111111111111111111111111 000000000000000000000000 111111111111111111111111 1 1           0                 3742                  260
000000000000000000000000 000000000000000000000000 000000000000000000000000 000000000000000000000000 0 0 n/A                 3970                  488
101010101010101010101010 010101010101010101010101 101010101010101010101010 010101010101010101010101 0 1           1                 4230                  260
000000000000000000000000 000000000000000000000000 000000000000000000000000 000000000000000000000000 0 0 n/A                 4453                  223
010101010101010101010101 101010101010101010101010 101010101010101010101010 010101010101010101010101 0 1           0                 4713                  260
000000000000000000000000 000000000000000000000000 000000000000000000000000 000000000000000000000000 0 0 n/A                 4936                  223
111110101011100111111111 000001010100011000000000 111110101011100111111111 000001010100011000000000 0 0 n/A                 4936                    0
000101010011010100100100 111010101100101011011011 100010010101111010000001 011101101010000101111110 1 0           1                 5197 $t261
000000000000000000000000 000000000000000000000000 000000000000000000000000 000000000000000000000000 0 0 n/A                 5420                  223
100001001101011000001001 011110110010100111110110 100001001101011000001001 011110110010100111110110 0 1           1                 5680 $t260
000000000000000000000000 000000000000000000000000 000000000000000000000000 000000000000000000000000 0 0 n/A                 5903                  223
111100000101011001100011 000011111010100110011100 101110010111101100001101 010001101000010011110010 0 1           0                 6164 $t261
000000000000000000000000 000000000000000000000000 000000000000000000000000 000000000000000000000000 0 0 n/A                 6387                  223
110111111001100110001101 001000000110011001110010 110111111001100110001101 001000000110011001110010 0 1           1                 6647 $t260
000000000000000000000000 000000000000000000000000 000000000000000000000000 000000000000000000000000 0 0 n/A                 6870                  223
110000101000010001100101 001111010111101110011010 001101110101001000010010 110010001010110111101101 1 0           1                 7130 $t260
000000000000000000000000 000000000000000000000000 000000000000000000000000 000000000000000000000000 0 0 n/A                 7353                  223
111100111110001100000001 000011000001110011111110 111100111110001100000001 000011000001110011111110 0 1           1                 7613 $t260
000000000000000000000000 000000000000000000000000 000000000000000000000000 000000000000000000000000 0 0 n/A                 7836                  223
110101111100110100001101 001010000011001011110010 001000111111000101110110 110111000000111010001001 1 0           1                 8097 $t261
000000000000000000000000 000000000000000000000000 000000000000000000000000 000000000000000000000000 0 0 n/A                 8320                  223
100011011100110100111101 011100100011001011000010 100011011100110100111101 011100100011001011000010 0 1           1                 8580 $t260
000000000000000000000000 000000000000000000000000 000000000000000000000000 000000000000000000000000 0 0 n/A                 8803                  223
110101000101011111101101 001010111010100000010010 001011011111011110001100 110100100000100001110011 1 0           1                 9064 $t261
000000000000000000000000 000000000000000000000000 000000000000000000000000 000000000000000000000000 0 0 n/A                 9287                  223
111111011110100111111001 000000100001011000000110 111111011110100111111001 000000100001011000000110 0 1           1                 9547 $t260
000000000000000000000000 000000000000000000000000 000000000000000000000000 000000000000000000000000 0 0 n/A                 9770                  223
001101110010010011000110 110010001101101100111001 111101111000010011000101 000010000111101100111010 0 1           0                10031 $t261
000000000000000000000000 000000000000000000000000 000000000000000000000000 000000000000000000000000 0 0 n/A                10254                  223
000100111101001010101010 111011000010110101010101 000100111101001010101010 111011000010110101010101 0 1           1                10514 $t260
000000000000000000000000 000000000000000000000000 000000000000000000000000 000000000000000000000000 0 0 n/A                10737                  223
101011111111011111100101 010100000000100000011010 110100100111001001110111 001011011000110110001000 0 1           0                10998 $t261
000000000000000000000000 000000000000000000000000 000000000000000000000000 000000000000000000000000 0 0 n/A                11221                  223
001100101101011000010010 110011010010100111101101 001100101101011000010010 110011010010100111101101 0 1           1                11481 $t260
000000000000000000000000 000000000000000000000000 000000000000000000000000 000000000000000000000000 0 0 n/A                11704                  223
111011001101101110001111 000100110010010001110000 001100000110100111110010 110011111001011000001101 1 0           1                11965 $t261
