000000000000000000000000 111111111111111111111111 000000000000000000000000 111111111111111111111111 0 1           1                 1466                  466
000000000000000000000000 000000000000000000000000 000000000000000000000000 000000000000000000000000 0 0 n/A                 1874                  408
111111111111111111111111 111111111111111111111111 000000000000000000000000 111111111111111111111111 1 1           0                 4351                  477
000000000000000000000000 000000000000000000000000 000000000000000000000000 000000000000000000000000 0 0 n/A                 4778                  904
101010101010101010101010 010101010101010101010101 101010101010101010101010 010101010101010101010101 0 1           1                 5243                  465
000000000000000000000000 000000000000000000000000 000000000000000000000000 000000000000000000000000 0 0 n/A                 5652                  409
010101010101010101010101 101010101010101010101010 101010101010101010101010 010101010101010101010101 0 1           0                 6118                  466
000000000000000000000000 000000000000000000000000 000000000000000000000000 000000000000000000000000 0 0 n/A                 6528                  410
111110101011100111111111 000001010100011000000000 111110101011100111111111 000001010100011000000000 0 0 n/A                 6528                    0
000101010011010100100100 111010101100101011011011 100010010101111010000001 011101101010000101111110 1 0           1                 6994 $t466
000000000000000000000000 000000000000000000000000 000000000000000000000000 000000000000000000000000 0 0 n/A                 7405                  411
100001001101011000001001 011110110010100111110110 100001001101011000001001 011110110010100111110110 0 1           1                 7870 $t465
000000000000000000000000 000000000000000000000000 000000000000000000000000 000000000000000000000000 0 0 n/A                 8279                  409
111100000101011001100011 000011111010100110011100 101110010111101100001101 010001101000010011110010 0 1           0                 8746 $t467
000000000000000000000000 000000000000000000000000 000000000000000000000000 000000000000000000000000 0 0 n/A                 9157                  411
110111111001100110001101 001000000110011001110010 110111111001100110001101 001000000110011001110010 0 1           1                 9622 $t465
000000000000000000000000 000000000000000000000000 000000000000000000000000 000000000000000000000000 0 0 n/A                10031                  409
110000101000010001100101 001111010111101110011010 001101110101001000010010 110010001010110111101101 1 0           1                10497 $t466
000000000000000000000000 000000000000000000000000 000000000000000000000000 000000000000000000000000 0 0 n/A                10908                  411
111100111110001100000001 000011000001110011111110 111100111110001100000001 000011000001110011111110 0 1           1                11373 $t465
000000000000000000000000 000000000000000000000000 000000000000000000000000 000000000000000000000000 0 0 n/A                11782                  409
