000000000000000000000000 111111111111111111111111 000000000000000000000000 111111111111111111111111 0 1           1                 1436                  436
000000000000000000000000 000000000000000000000000 000000000000000000000000 000000000000000000000000 0 0 n/A                 1818                  382
111111111111111111111111 111111111111111111111111 000000000000000000000000 111111111111111111111111 1 1           0                 4263                  445
000000000000000000000000 000000000000000000000000 000000000000000000000000 000000000000000000000000 0 0 n/A                 4662                  844
101010101010101010101010 010101010101010101010101 101010101010101010101010 010101010101010101010101 0 1           1                 5097                  435
000000000000000000000000 000000000000000000000000 000000000000000000000000 000000000000000000000000 0 0 n/A                 5479                  382
010101010101010101010101 101010101010101010101010 101010101010101010101010 010101010101010101010101 0 1           0                 5915                  436
000000000000000000000000 000000000000000000000000 000000000000000000000000 000000000000000000000000 0 0 n/A                 6297                  382
111110101011100111111111 000001010100011000000000 111110101011100111111111 000001010100011000000000 0 0 n/A                 6297                    0
000101010011010100100100 111010101100101011011011 100010010101111010000001 011101101010000101111110 1 0           1                 6734 $t437
000000000000000000000000 000000000000000000000000 000000000000000000000000 000000000000000000000000 0 0 n/A                 7117                  383
100001001101011000001001 011110110010100111110110 100001001101011000001001 011110110010100111110110 0 1           1                 7552 $t435
000000000000000000000000 000000000000000000000000 000000000000000000000000 000000000000000000000000 0 0 n/A                 7934                  382
111100000101011001100011 000011111010100110011100 101110010111101100001101 010001101000010011110010 0 1           0                 8371 $t437
000000000000000000000000 000000000000000000000000 000000000000000000000000 000000000000000000000000 0 0 n/A                 8755                  384
110111111001100110001101 001000000110011001110010 110111111001100110001101 001000000110011001110010 0 1           1                 9190 $t435
000000000000000000000000 000000000000000000000000 000000000000000000000000 000000000000000000000000 0 0 n/A                 9572                  382
110000101000010001100101 001111010111101110011010 001101110101001000010010 110010001010110111101101 1 0           1                10008 $t436
000000000000000000000000 000000000000000000000000 000000000000000000000000 000000000000000000000000 0 0 n/A                10391                  383
111100111110001100000001 000011000001110011111110 111100111110001100000001 000011000001110011111110 0 1           1                10826 $t435
000000000000000000000000 000000000000000000000000 000000000000000000000000 000000000000000000000000 0 0 n/A                11208                  382
110101111100110100001101 001010000011001011110010 001000111111000101110110 110111000000111010001001 1 0           1                11645 $t437
