000000000000000000000000 111111111111111111111111 000000000000000000000000 111111111111111111111111 0 1           1                 1270                  270
000000000000000000000000 000000000000000000000000 000000000000000000000000 000000000000000000000000 0 0 n/A                 1504                  234
111111111111111111111111 111111111111111111111111 000000000000000000000000 111111111111111111111111 1 1           0                 3776                  272
000000000000000000000000 000000000000000000000000 000000000000000000000000 000000000000000000000000 0 0 n/A                 4019                  515
101010101010101010101010 010101010101010101010101 101010101010101010101010 010101010101010101010101 0 1           1                 4290                  271
000000000000000000000000 000000000000000000000000 000000000000000000000000 000000000000000000000000 0 0 n/A                 4524                  234
010101010101010101010101 101010101010101010101010 101010101010101010101010 010101010101010101010101 0 1           0                 4795                  271
000000000000000000000000 000000000000000000000000 000000000000000000000000 000000000000000000000000 0 0 n/A                 5029                  234
111110101011100111111111 000001010100011000000000 111110101011100111111111 000001010100011000000000 0 0 n/A                 5029                    0
000101010011010100100100 111010101100101011011011 100010010101111010000001 011101101010000101111110 1 0           1                 5301 $t272
000000000000000000000000 000000000000000000000000 000000000000000000000000 000000000000000000000000 0 0 n/A                 5535                  234
100001001101011000001001 011110110010100111110110 100001001101011000001001 011110110010100111110110 0 1           1                 5806 $t271
000000000000000000000000 000000000000000000000000 000000000000000000000000 000000000000000000000000 0 0 n/A                 6040                  234
111100000101011001100011 000011111010100110011100 101110010111101100001101 010001101000010011110010 0 1           0                 6312 $t272
000000000000000000000000 000000000000000000000000 000000000000000000000000 000000000000000000000000 0 0 n/A                 6546                  234
110111111001100110001101 001000000110011001110010 110111111001100110001101 001000000110011001110010 0 1           1                 6817 $t271
000000000000000000000000 000000000000000000000000 000000000000000000000000 000000000000000000000000 0 0 n/A                 7051                  234
110000101000010001100101 001111010111101110011010 001101110101001000010010 110010001010110111101101 1 0           1                 7322 $t271
000000000000000000000000 000000000000000000000000 000000000000000000000000 000000000000000000000000 0 0 n/A                 7556                  234
111100111110001100000001 000011000001110011111110 111100111110001100000001 000011000001110011111110 0 1           1                 7827 $t271
000000000000000000000000 000000000000000000000000 000000000000000000000000 000000000000000000000000 0 0 n/A                 8061                  234
110101111100110100001101 001010000011001011110010 001000111111000101110110 110111000000111010001001 1 0           1                 8333 $t272
000000000000000000000000 000000000000000000000000 000000000000000000000000 000000000000000000000000 0 0 n/A                 8567                  234
100011011100110100111101 011100100011001011000010 100011011100110100111101 011100100011001011000010 0 1           1                 8838 $t271
000000000000000000000000 000000000000000000000000 000000000000000000000000 000000000000000000000000 0 0 n/A                 9072                  234
110101000101011111101101 001010111010100000010010 001011011111011110001100 110100100000100001110011 1 0           1                 9344 $t272
000000000000000000000000 000000000000000000000000 000000000000000000000000 000000000000000000000000 0 0 n/A                 9578                  234
111111011110100111111001 000000100001011000000110 111111011110100111111001 000000100001011000000110 0 1           1                 9849 $t271
000000000000000000000000 000000000000000000000000 000000000000000000000000 000000000000000000000000 0 0 n/A                10083                  234
001101110010010011000110 110010001101101100111001 111101111000010011000101 000010000111101100111010 0 1           0                10355 $t272
000000000000000000000000 000000000000000000000000 000000000000000000000000 000000000000000000000000 0 0 n/A                10589                  234
000100111101001010101010 111011000010110101010101 000100111101001010101010 111011000010110101010101 0 1           1                10860 $t271
000000000000000000000000 000000000000000000000000 000000000000000000000000 000000000000000000000000 0 0 n/A                11094                  234
101011111111011111100101 010100000000100000011010 110100100111001001110111 001011011000110110001000 0 1           0                11366 $t272
000000000000000000000000 000000000000000000000000 000000000000000000000000 000000000000000000000000 0 0 n/A                11600                  234
001100101101011000010010 110011010010100111101101 001100101101011000010010 110011010010100111101101 0 1           1                11871 $t271
