000000000000000000000000 111111111111111111111111 000000000000000000000000 111111111111111111111111 0 1           1                 1238                  238
000000000000000000000000 000000000000000000000000 000000000000000000000000 000000000000000000000000 0 0 n/A                 1440                  202
111111111111111111111111 111111111111111111111111 000000000000000000000000 111111111111111111111111 1 1           0                 3675                  235
000000000000000000000000 000000000000000000000000 000000000000000000000000 000000000000000000000000 0 0 n/A                 3881                  441
101010101010101010101010 010101010101010101010101 101010101010101010101010 010101010101010101010101 0 1           1                 4119                  238
000000000000000000000000 000000000000000000000000 000000000000000000000000 000000000000000000000000 0 0 n/A                 4321                  202
010101010101010101010101 101010101010101010101010 101010101010101010101010 010101010101010101010101 0 1           0                 4560                  239
000000000000000000000000 000000000000000000000000 000000000000000000000000 000000000000000000000000 0 0 n/A                 4762                  202
111110101011100111111111 000001010100011000000000 111110101011100111111111 000001010100011000000000 0 0 n/A                 4762                    0
000101010011010100100100 111010101100101011011011 100010010101111010000001 011101101010000101111110 1 0           1                 5001 $t239
000000000000000000000000 000000000000000000000000 000000000000000000000000 000000000000000000000000 0 0 n/A                 5203                  202
100001001101011000001001 011110110010100111110110 100001001101011000001001 011110110010100111110110 0 1           1                 5441 $t238
000000000000000000000000 000000000000000000000000 000000000000000000000000 000000000000000000000000 0 0 n/A                 5643                  202
111100000101011001100011 000011111010100110011100 101110010111101100001101 010001101000010011110010 0 1           0                 5882 $t239
000000000000000000000000 000000000000000000000000 000000000000000000000000 000000000000000000000000 0 0 n/A                 6083                  201
110111111001100110001101 001000000110011001110010 110111111001100110001101 001000000110011001110010 0 1           1                 6321 $t238
000000000000000000000000 000000000000000000000000 000000000000000000000000 000000000000000000000000 0 0 n/A                 6523                  202
110000101000010001100101 001111010111101110011010 001101110101001000010010 110010001010110111101101 1 0           1                 6762 $t239
000000000000000000000000 000000000000000000000000 000000000000000000000000 000000000000000000000000 0 0 n/A                 6964                  202
111100111110001100000001 000011000001110011111110 111100111110001100000001 000011000001110011111110 0 1           1                 7202 $t238
000000000000000000000000 000000000000000000000000 000000000000000000000000 000000000000000000000000 0 0 n/A                 7404                  202
110101111100110100001101 001010000011001011110010 001000111111000101110110 110111000000111010001001 1 0           1                 7643 $t239
000000000000000000000000 000000000000000000000000 000000000000000000000000 000000000000000000000000 0 0 n/A                 7845                  202
100011011100110100111101 011100100011001011000010 100011011100110100111101 011100100011001011000010 0 1           1                 8083 $t238
000000000000000000000000 000000000000000000000000 000000000000000000000000 000000000000000000000000 0 0 n/A                 8285                  202
110101000101011111101101 001010111010100000010010 001011011111011110001100 110100100000100001110011 1 0           1                 8524 $t239
000000000000000000000000 000000000000000000000000 000000000000000000000000 000000000000000000000000 0 0 n/A                 8726                  202
111111011110100111111001 000000100001011000000110 111111011110100111111001 000000100001011000000110 0 1           1                 8964 $t238
000000000000000000000000 000000000000000000000000 000000000000000000000000 000000000000000000000000 0 0 n/A                 9166                  202
001101110010010011000110 110010001101101100111001 111101111000010011000101 000010000111101100111010 0 1           0                 9405 $t239
000000000000000000000000 000000000000000000000000 000000000000000000000000 000000000000000000000000 0 0 n/A                 9606                  201
000100111101001010101010 111011000010110101010101 000100111101001010101010 111011000010110101010101 0 1           1                 9844 $t238
000000000000000000000000 000000000000000000000000 000000000000000000000000 000000000000000000000000 0 0 n/A                10046                  202
101011111111011111100101 010100000000100000011010 110100100111001001110111 001011011000110110001000 0 1           0                10286 $t240
000000000000000000000000 000000000000000000000000 000000000000000000000000 000000000000000000000000 0 0 n/A                10487                  201
001100101101011000010010 110011010010100111101101 001100101101011000010010 110011010010100111101101 0 1           1                10725 $t238
000000000000000000000000 000000000000000000000000 000000000000000000000000 000000000000000000000000 0 0 n/A                10927                  202
111011001101101110001111 000100110010010001110000 001100000110100111110010 110011111001011000001101 1 0           1                11166 $t239
000000000000000000000000 000000000000000000000000 000000000000000000000000 000000000000000000000000 0 0 n/A                11368                  202
011101101001011011001110 100010010110100100110001 011101101001011011001110 100010010110100100110001 0 1           1                11606 $t238
000000000000000000000000 000000000000000000000000 000000000000000000000000 000000000000000000000000 0 0 n/A                11808                  202
