000000000000000000000000 111111111111111111111111 000000000000000000000000 111111111111111111111111 0 1           1                 1309                  309
000000000000000000000000 000000000000000000000000 000000000000000000000000 000000000000000000000000 0 0 n/A                 1577                  268
111111111111111111111111 111111111111111111111111 000000000000000000000000 111111111111111111111111 1 1           0                 3888                  311
000000000000000000000000 000000000000000000000000 000000000000000000000000 000000000000000000000000 0 0 n/A                 4167                  590
101010101010101010101010 010101010101010101010101 101010101010101010101010 010101010101010101010101 0 1           1                 4476                  309
000000000000000000000000 000000000000000000000000 000000000000000000000000 000000000000000000000000 0 0 n/A                 4744                  268
010101010101010101010101 101010101010101010101010 101010101010101010101010 010101010101010101010101 0 1           0                 5054                  310
000000000000000000000000 000000000000000000000000 000000000000000000000000 000000000000000000000000 0 0 n/A                 5322                  268
111110101011100111111111 000001010100011000000000 111110101011100111111111 000001010100011000000000 0 0 n/A                 5322                    0
000101010011010100100100 111010101100101011011011 100010010101111010000001 011101101010000101111110 1 0           1                 5632 $t310
000000000000000000000000 000000000000000000000000 000000000000000000000000 000000000000000000000000 0 0 n/A                 5900                  268
100001001101011000001001 011110110010100111110110 100001001101011000001001 011110110010100111110110 0 1           1                 6209 $t309
000000000000000000000000 000000000000000000000000 000000000000000000000000 000000000000000000000000 0 0 n/A                 6477                  268
111100000101011001100011 000011111010100110011100 101110010111101100001101 010001101000010011110010 0 1           0                 6787 $t310
000000000000000000000000 000000000000000000000000 000000000000000000000000 000000000000000000000000 0 0 n/A                 7055                  268
110111111001100110001101 001000000110011001110010 110111111001100110001101 001000000110011001110010 0 1           1                 7364 $t309
000000000000000000000000 000000000000000000000000 000000000000000000000000 000000000000000000000000 0 0 n/A                 7632                  268
110000101000010001100101 001111010111101110011010 001101110101001000010010 110010001010110111101101 1 0           1                 7942 $t310
000000000000000000000000 000000000000000000000000 000000000000000000000000 000000000000000000000000 0 0 n/A                 8210                  268
111100111110001100000001 000011000001110011111110 111100111110001100000001 000011000001110011111110 0 1           1                 8519 $t309
000000000000000000000000 000000000000000000000000 000000000000000000000000 000000000000000000000000 0 0 n/A                 8787                  268
110101111100110100001101 001010000011001011110010 001000111111000101110110 110111000000111010001001 1 0           1                 9097 $t310
000000000000000000000000 000000000000000000000000 000000000000000000000000 000000000000000000000000 0 0 n/A                 9365                  268
100011011100110100111101 011100100011001011000010 100011011100110100111101 011100100011001011000010 0 1           1                 9674 $t309
000000000000000000000000 000000000000000000000000 000000000000000000000000 000000000000000000000000 0 0 n/A                 9942                  268
110101000101011111101101 001010111010100000010010 001011011111011110001100 110100100000100001110011 1 0           1                10252 $t310
000000000000000000000000 000000000000000000000000 000000000000000000000000 000000000000000000000000 0 0 n/A                10521                  269
111111011110100111111001 000000100001011000000110 111111011110100111111001 000000100001011000000110 0 1           1                10830 $t309
000000000000000000000000 000000000000000000000000 000000000000000000000000 000000000000000000000000 0 0 n/A                11098                  268
001101110010010011000110 110010001101101100111001 111101111000010011000101 000010000111101100111010 0 1           0                11408 $t310
000000000000000000000000 000000000000000000000000 000000000000000000000000 000000000000000000000000 0 0 n/A                11676                  268
000100111101001010101010 111011000010110101010101 000100111101001010101010 111011000010110101010101 0 1           1                11985 $t309
