000000000000000000000000 111111111111111111111111 000000000000000000000000 111111111111111111111111 0 1           1                 1411                  411
000000000000000000000000 000000000000000000000000 000000000000000000000000 000000000000000000000000 0 0 n/A                 1770                  359
111111111111111111111111 111111111111111111111111 000000000000000000000000 111111111111111111111111 1 1           0                 4189                  419
000000000000000000000000 000000000000000000000000 000000000000000000000000 000000000000000000000000 0 0 n/A                 4564                  794
101010101010101010101010 010101010101010101010101 101010101010101010101010 010101010101010101010101 0 1           1                 4974                  410
000000000000000000000000 000000000000000000000000 000000000000000000000000 000000000000000000000000 0 0 n/A                 5333                  359
010101010101010101010101 101010101010101010101010 101010101010101010101010 010101010101010101010101 0 1           0                 5744                  411
000000000000000000000000 000000000000000000000000 000000000000000000000000 000000000000000000000000 0 0 n/A                 6104                  360
111110101011100111111111 000001010100011000000000 111110101011100111111111 000001010100011000000000 0 0 n/A                 6104                    0
000101010011010100100100 111010101100101011011011 100010010101111010000001 011101101010000101111110 1 0           1                 6516 $t412
000000000000000000000000 000000000000000000000000 000000000000000000000000 000000000000000000000000 0 0 n/A                 6877                  361
100001001101011000001001 011110110010100111110110 100001001101011000001001 011110110010100111110110 0 1           1                 7288 $t411
000000000000000000000000 000000000000000000000000 000000000000000000000000 000000000000000000000000 0 0 n/A                 7647                  359
111100000101011001100011 000011111010100110011100 101110010111101100001101 010001101000010011110010 0 1           0                 8059 $t412
000000000000000000000000 000000000000000000000000 000000000000000000000000 000000000000000000000000 0 0 n/A                 8420                  361
110111111001100110001101 001000000110011001110010 110111111001100110001101 001000000110011001110010 0 1           1                 8831 $t411
000000000000000000000000 000000000000000000000000 000000000000000000000000 000000000000000000000000 0 0 n/A                 9190                  359
110000101000010001100101 001111010111101110011010 001101110101001000010010 110010001010110111101101 1 0           1                 9602 $t412
000000000000000000000000 000000000000000000000000 000000000000000000000000 000000000000000000000000 0 0 n/A                 9963                  361
111100111110001100000001 000011000001110011111110 111100111110001100000001 000011000001110011111110 0 1           1                10374 $t411
000000000000000000000000 000000000000000000000000 000000000000000000000000 000000000000000000000000 0 0 n/A                10733                  359
110101111100110100001101 001010000011001011110010 001000111111000101110110 110111000000111010001001 1 0           1                11145 $t412
000000000000000000000000 000000000000000000000000 000000000000000000000000 000000000000000000000000 0 0 n/A                11506                  361
100011011100110100111101 011100100011001011000010 100011011100110100111101 011100100011001011000010 0 1           1                11917 $t411
