000000000000000000000000 111111111111111111111111 000000000000000000000000 111111111111111111111111 0 1           1                 1257                  257
000000000000000000000000 000000000000000000000000 000000000000000000000000 000000000000000000000000 0 0 n/A                 1477                  220
111111111111111111111111 111111111111111111111111 000000000000000000000000 111111111111111111111111 1 1           0                 3735                  258
000000000000000000000000 000000000000000000000000 000000000000000000000000 000000000000000000000000 0 0 n/A                 3959                  482
101010101010101010101010 010101010101010101010101 101010101010101010101010 010101010101010101010101 0 1           1                 4216                  257
000000000000000000000000 000000000000000000000000 000000000000000000000000 000000000000000000000000 0 0 n/A                 4436                  220
010101010101010101010101 101010101010101010101010 101010101010101010101010 010101010101010101010101 0 1           0                 4694                  258
000000000000000000000000 000000000000000000000000 000000000000000000000000 000000000000000000000000 0 0 n/A                 4914                  220
111110101011100111111111 000001010100011000000000 111110101011100111111111 000001010100011000000000 0 0 n/A                 4914                    0
000101010011010100100100 111010101100101011011011 100010010101111010000001 011101101010000101111110 1 0           1                 5172 $t258
000000000000000000000000 000000000000000000000000 000000000000000000000000 000000000000000000000000 0 0 n/A                 5392                  220
100001001101011000001001 011110110010100111110110 100001001101011000001001 011110110010100111110110 0 1           1                 5649 $t257
000000000000000000000000 000000000000000000000000 000000000000000000000000 000000000000000000000000 0 0 n/A                 5869                  220
111100000101011001100011 000011111010100110011100 101110010111101100001101 010001101000010011110010 0 1           0                 6128 $t259
000000000000000000000000 000000000000000000000000 000000000000000000000000 000000000000000000000000 0 0 n/A                 6348                  220
110111111001100110001101 001000000110011001110010 110111111001100110001101 001000000110011001110010 0 1           1                 6605 $t257
000000000000000000000000 000000000000000000000000 000000000000000000000000 000000000000000000000000 0 0 n/A                 6825                  220
110000101000010001100101 001111010111101110011010 001101110101001000010010 110010001010110111101101 1 0           1                 7083 $t258
000000000000000000000000 000000000000000000000000 000000000000000000000000 000000000000000000000000 0 0 n/A                 7303                  220
111100111110001100000001 000011000001110011111110 111100111110001100000001 000011000001110011111110 0 1           1                 7560 $t257
000000000000000000000000 000000000000000000000000 000000000000000000000000 000000000000000000000000 0 0 n/A                 7780                  220
110101111100110100001101 001010000011001011110010 001000111111000101110110 110111000000111010001001 1 0           1                 8039 $t259
000000000000000000000000 000000000000000000000000 000000000000000000000000 000000000000000000000000 0 0 n/A                 8259                  220
100011011100110100111101 011100100011001011000010 100011011100110100111101 011100100011001011000010 0 1           1                 8516 $t257
000000000000000000000000 000000000000000000000000 000000000000000000000000 000000000000000000000000 0 0 n/A                 8736                  220
110101000101011111101101 001010111010100000010010 001011011111011110001100 110100100000100001110011 1 0           1                 8994 $t258
000000000000000000000000 000000000000000000000000 000000000000000000000000 000000000000000000000000 0 0 n/A                 9214                  220
111111011110100111111001 000000100001011000000110 111111011110100111111001 000000100001011000000110 0 1           1                 9471 $t257
000000000000000000000000 000000000000000000000000 000000000000000000000000 000000000000000000000000 0 0 n/A                 9691                  220
001101110010010011000110 110010001101101100111001 111101111000010011000101 000010000111101100111010 0 1           0                 9949 $t258
000000000000000000000000 000000000000000000000000 000000000000000000000000 000000000000000000000000 0 0 n/A                10169                  220
000100111101001010101010 111011000010110101010101 000100111101001010101010 111011000010110101010101 0 1           1                10426 $t257
000000000000000000000000 000000000000000000000000 000000000000000000000000 000000000000000000000000 0 0 n/A                10646                  220
101011111111011111100101 010100000000100000011010 110100100111001001110111 001011011000110110001000 0 1           0                10905 $t259
000000000000000000000000 000000000000000000000000 000000000000000000000000 000000000000000000000000 0 0 n/A                11125                  220
001100101101011000010010 110011010010100111101101 001100101101011000010010 110011010010100111101101 0 1           1                11382 $t257
000000000000000000000000 000000000000000000000000 000000000000000000000000 000000000000000000000000 0 0 n/A                11602                  220
111011001101101110001111 000100110010010001110000 001100000110100111110010 110011111001011000001101 1 0           1                11860 $t258
