000000000000000000000000 111111111111111111111111 000000000000000000000000 111111111111111111111111 0 1           1                 1286                  286
000000000000000000000000 000000000000000000000000 000000000000000000000000 000000000000000000000000 0 0 n/A                 1534                  248
111111111111111111111111 111111111111111111111111 000000000000000000000000 111111111111111111111111 1 1           0                 3822                  288
000000000000000000000000 000000000000000000000000 000000000000000000000000 000000000000000000000000 0 0 n/A                 4079                  545
101010101010101010101010 010101010101010101010101 101010101010101010101010 010101010101010101010101 0 1           1                 4365                  286
000000000000000000000000 000000000000000000000000 000000000000000000000000 000000000000000000000000 0 0 n/A                 4613                  248
010101010101010101010101 101010101010101010101010 101010101010101010101010 010101010101010101010101 0 1           0                 4900                  287
000000000000000000000000 000000000000000000000000 000000000000000000000000 000000000000000000000000 0 0 n/A                 5148                  248
111110101011100111111111 000001010100011000000000 111110101011100111111111 000001010100011000000000 0 0 n/A                 5148                    0
000101010011010100100100 111010101100101011011011 100010010101111010000001 011101101010000101111110 1 0           1                 5435 $t287
000000000000000000000000 000000000000000000000000 000000000000000000000000 000000000000000000000000 0 0 n/A                 5683                  248
100001001101011000001001 011110110010100111110110 100001001101011000001001 011110110010100111110110 0 1           1                 5969 $t286
000000000000000000000000 000000000000000000000000 000000000000000000000000 000000000000000000000000 0 0 n/A                 6217                  248
111100000101011001100011 000011111010100110011100 101110010111101100001101 010001101000010011110010 0 1           0                 6504 $t287
000000000000000000000000 000000000000000000000000 000000000000000000000000 000000000000000000000000 0 0 n/A                 6752                  248
110111111001100110001101 001000000110011001110010 110111111001100110001101 001000000110011001110010 0 1           1                 7038 $t286
000000000000000000000000 000000000000000000000000 000000000000000000000000 000000000000000000000000 0 0 n/A                 7286                  248
110000101000010001100101 001111010111101110011010 001101110101001000010010 110010001010110111101101 1 0           1                 7573 $t287
000000000000000000000000 000000000000000000000000 000000000000000000000000 000000000000000000000000 0 0 n/A                 7821                  248
111100111110001100000001 000011000001110011111110 111100111110001100000001 000011000001110011111110 0 1           1                 8107 $t286
000000000000000000000000 000000000000000000000000 000000000000000000000000 000000000000000000000000 0 0 n/A                 8355                  248
110101111100110100001101 001010000011001011110010 001000111111000101110110 110111000000111010001001 1 0           1                 8642 $t287
000000000000000000000000 000000000000000000000000 000000000000000000000000 000000000000000000000000 0 0 n/A                 8890                  248
100011011100110100111101 011100100011001011000010 100011011100110100111101 011100100011001011000010 0 1           1                 9176 $t286
000000000000000000000000 000000000000000000000000 000000000000000000000000 000000000000000000000000 0 0 n/A                 9424                  248
110101000101011111101101 001010111010100000010010 001011011111011110001100 110100100000100001110011 1 0           1                 9711 $t287
000000000000000000000000 000000000000000000000000 000000000000000000000000 000000000000000000000000 0 0 n/A                 9959                  248
111111011110100111111001 000000100001011000000110 111111011110100111111001 000000100001011000000110 0 1           1                10245 $t286
000000000000000000000000 000000000000000000000000 000000000000000000000000 000000000000000000000000 0 0 n/A                10493                  248
001101110010010011000110 110010001101101100111001 111101111000010011000101 000010000111101100111010 0 1           0                10780 $t287
000000000000000000000000 000000000000000000000000 000000000000000000000000 000000000000000000000000 0 0 n/A                11028                  248
000100111101001010101010 111011000010110101010101 000100111101001010101010 111011000010110101010101 0 1           1                11314 $t286
000000000000000000000000 000000000000000000000000 000000000000000000000000 000000000000000000000000 0 0 n/A                11562                  248
101011111111011111100101 010100000000100000011010 110100100111001001110111 001011011000110110001000 0 1           0                11850 $t288
