000000000000000000000000 111111111111111111111111 000000000000000000000000 111111111111111111111111 0 1           1                 1228                  228
000000000000000000000000 000000000000000000000000 000000000000000000000000 000000000000000000000000 0 0 n/A                 1422                  194
111111111111111111111111 111111111111111111111111 000000000000000000000000 111111111111111111111111 1 1           0                 3647                  225
000000000000000000000000 000000000000000000000000 000000000000000000000000 000000000000000000000000 0 0 n/A                 3844                  422
101010101010101010101010 010101010101010101010101 101010101010101010101010 010101010101010101010101 0 1           1                 4073                  229
000000000000000000000000 000000000000000000000000 000000000000000000000000 000000000000000000000000 0 0 n/A                 4267                  194
010101010101010101010101 101010101010101010101010 101010101010101010101010 010101010101010101010101 0 1           0                 4496                  229
000000000000000000000000 000000000000000000000000 000000000000000000000000 000000000000000000000000 0 0 n/A                 4690                  194
111110101011100111111111 000001010100011000000000 111110101011100111111111 000001010100011000000000 0 0 n/A                 4690                    0
000101010011010100100100 111010101100101011011011 100010010101111010000001 011101101010000101111110 1 0           1                 4920 $t230
000000000000000000000000 000000000000000000000000 000000000000000000000000 000000000000000000000000 0 0 n/A                 5113                  193
100001001101011000001001 011110110010100111110110 100001001101011000001001 011110110010100111110110 0 1           1                 5342 $t229
000000000000000000000000 000000000000000000000000 000000000000000000000000 000000000000000000000000 0 0 n/A                 5536                  194
111100000101011001100011 000011111010100110011100 101110010111101100001101 010001101000010011110010 0 1           0                 5766 $t230
000000000000000000000000 000000000000000000000000 000000000000000000000000 000000000000000000000000 0 0 n/A                 5959                  193
110111111001100110001101 001000000110011001110010 110111111001100110001101 001000000110011001110010 0 1           1                 6188 $t229
000000000000000000000000 000000000000000000000000 000000000000000000000000 000000000000000000000000 0 0 n/A                 6382                  194
110000101000010001100101 001111010111101110011010 001101110101001000010010 110010001010110111101101 1 0           1                 6611 $t229
000000000000000000000000 000000000000000000000000 000000000000000000000000 000000000000000000000000 0 0 n/A                 6805                  194
111100111110001100000001 000011000001110011111110 111100111110001100000001 000011000001110011111110 0 1           1                 7034 $t229
000000000000000000000000 000000000000000000000000 000000000000000000000000 000000000000000000000000 0 0 n/A                 7228                  194
110101111100110100001101 001010000011001011110010 001000111111000101110110 110111000000111010001001 1 0           1                 7458 $t230
000000000000000000000000 000000000000000000000000 000000000000000000000000 000000000000000000000000 0 0 n/A                 7652                  194
100011011100110100111101 011100100011001011000010 100011011100110100111101 011100100011001011000010 0 1           1                 7881 $t229
000000000000000000000000 000000000000000000000000 000000000000000000000000 000000000000000000000000 0 0 n/A                 8075                  194
110101000101011111101101 001010111010100000010010 001011011111011110001100 110100100000100001110011 1 0           1                 8305 $t230
000000000000000000000000 000000000000000000000000 000000000000000000000000 000000000000000000000000 0 0 n/A                 8499                  194
111111011110100111111001 000000100001011000000110 111111011110100111111001 000000100001011000000110 0 1           1                 8728 $t229
000000000000000000000000 000000000000000000000000 000000000000000000000000 000000000000000000000000 0 0 n/A                 8922                  194
001101110010010011000110 110010001101101100111001 111101111000010011000101 000010000111101100111010 0 1           0                 9152 $t230
000000000000000000000000 000000000000000000000000 000000000000000000000000 000000000000000000000000 0 0 n/A                 9345                  193
000100111101001010101010 111011000010110101010101 000100111101001010101010 111011000010110101010101 0 1           1                 9574 $t229
000000000000000000000000 000000000000000000000000 000000000000000000000000 000000000000000000000000 0 0 n/A                 9768                  194
101011111111011111100101 010100000000100000011010 110100100111001001110111 001011011000110110001000 0 1           0                 9998 $t230
000000000000000000000000 000000000000000000000000 000000000000000000000000 000000000000000000000000 0 0 n/A                10191                  193
001100101101011000010010 110011010010100111101101 001100101101011000010010 110011010010100111101101 0 1           1                10420 $t229
000000000000000000000000 000000000000000000000000 000000000000000000000000 000000000000000000000000 0 0 n/A                10614                  194
111011001101101110001111 000100110010010001110000 001100000110100111110010 110011111001011000001101 1 0           1                10844 $t230
000000000000000000000000 000000000000000000000000 000000000000000000000000 000000000000000000000000 0 0 n/A                11038                  194
011101101001011011001110 100010010110100100110001 011101101001011011001110 100010010110100100110001 0 1           1                11267 $t229
000000000000000000000000 000000000000000000000000 000000000000000000000000 000000000000000000000000 0 0 n/A                11461                  194
000000000111101011101000 111111111000010100010111 110010100100111011000101 001101011011000100111010 1 0           1                11691 $t230
000000000000000000000000 000000000000000000000000 000000000000000000000000 000000000000000000000000 0 0 n/A                11884                  193
