000000000000000000000000 111111111111111111111111 000000000000000000000000 111111111111111111111111 0 1           1                 1346                  346
000000000000000000000000 000000000000000000000000 000000000000000000000000 000000000000000000000000 0 0 n/A                 1646                  300
111111111111111111111111 111111111111111111111111 000000000000000000000000 111111111111111111111111 1 1           0                 3996                  350
000000000000000000000000 000000000000000000000000 000000000000000000000000 000000000000000000000000 0 0 n/A                 4309                  663
101010101010101010101010 010101010101010101010101 101010101010101010101010 010101010101010101010101 0 1           1                 4654                  345
000000000000000000000000 000000000000000000000000 000000000000000000000000 000000000000000000000000 0 0 n/A                 4955                  301
010101010101010101010101 101010101010101010101010 101010101010101010101010 010101010101010101010101 0 1           0                 5301                  346
000000000000000000000000 000000000000000000000000 000000000000000000000000 000000000000000000000000 0 0 n/A                 5602                  301
111110101011100111111111 000001010100011000000000 111110101011100111111111 000001010100011000000000 0 0 n/A                 5602                    0
000101010011010100100100 111010101100101011011011 100010010101111010000001 011101101010000101111110 1 0           1                 5949 $t347
000000000000000000000000 000000000000000000000000 000000000000000000000000 000000000000000000000000 0 0 n/A                 6251                  302
100001001101011000001001 011110110010100111110110 100001001101011000001001 011110110010100111110110 0 1           1                 6597 $t346
000000000000000000000000 000000000000000000000000 000000000000000000000000 000000000000000000000000 0 0 n/A                 6898                  301
111100000101011001100011 000011111010100110011100 101110010111101100001101 010001101000010011110010 0 1           0                 7245 $t347
000000000000000000000000 000000000000000000000000 000000000000000000000000 000000000000000000000000 0 0 n/A                 7547                  302
110111111001100110001101 001000000110011001110010 110111111001100110001101 001000000110011001110010 0 1           1                 7893 $t346
000000000000000000000000 000000000000000000000000 000000000000000000000000 000000000000000000000000 0 0 n/A                 8194                  301
110000101000010001100101 001111010111101110011010 001101110101001000010010 110010001010110111101101 1 0           1                 8541 $t347
000000000000000000000000 000000000000000000000000 000000000000000000000000 000000000000000000000000 0 0 n/A                 8842                  301
111100111110001100000001 000011000001110011111110 111100111110001100000001 000011000001110011111110 0 1           1                 9188 $t346
000000000000000000000000 000000000000000000000000 000000000000000000000000 000000000000000000000000 0 0 n/A                 9489                  301
110101111100110100001101 001010000011001011110010 001000111111000101110110 110111000000111010001001 1 0           1                 9836 $t347
000000000000000000000000 000000000000000000000000 000000000000000000000000 000000000000000000000000 0 0 n/A                10138                  302
100011011100110100111101 011100100011001011000010 100011011100110100111101 011100100011001011000010 0 1           1                10484 $t346
000000000000000000000000 000000000000000000000000 000000000000000000000000 000000000000000000000000 0 0 n/A                10785                  301
110101000101011111101101 001010111010100000010010 001011011111011110001100 110100100000100001110011 1 0           1                11132 $t347
000000000000000000000000 000000000000000000000000 000000000000000000000000 000000000000000000000000 0 0 n/A                11434                  302
111111011110100111111001 000000100001011000000110 111111011110100111111001 000000100001011000000110 0 1           1                11780 $t346
