11111 00000000                 1304                  105
00000 00000000                 1399                   95
22222 00000000                 1703                  105
00000 00000000                 1798                   95
22222 00000000                 2102                  105
00000 00000000                 2197                   95
22222 00000000                 2501                  105
00000 00000000                 2596                   95
22222 00000000                 2899                  105
00000 00000000                 2994                   95
22222 00000000                 3298                  105
00000 00000000                 3393                   95
22222 00000000                 3697                  105
00000 00000000                 3792                   95
22222 00000000                 4095                  105
00000 00000000                 4190                   95
22222 00000000                 4494                  105
00000 00000000                 4589                   95
22222 00000000                 4893                  105
00000 00000000                 4988                   95
