11111 00000000                 1239                   84
00000 00000000                 1311                   72
22222 00000000                 1549                   84
00000 00000000                 1621                   72
22222 00000000                 1859                   83
00000 00000000                 1931                   72
22222 00000000                 2168                   83
00000 00000000                 2240                   72
22222 00000000                 2478                   84
00000 00000000                 2550                   72
22222 00000000                 2788                   83
00000 00000000                 2860                   72
22222 00000000                 3097                   83
00000 00000000                 3169                   72
22222 00000000                 3407                   84
00000 00000000                 3479                   72
22222 00000000                 3717                   83
00000 00000000                 3789                   72
22222 00000000                 4026                   83
00000 00000000                 4098                   72
22222 00000000                 4336                   84
00000 00000000                 4408                   72
22222 00000000                 4646                   83
00000 00000000                 4718                   72
22222 00000000                 4955                   83
