11111 11111111                 1070                   70
00000 00000000                 1127                   57
22222 44444444                 1325                   70
00000 00000000                 1383                   58
22222 44444444                 1580                   69
00000 00000000                 1638                   58
22222 44444444                 1834                   69
00000 00000000                 1891                   57
22222 44444444                 2087                   69
00000 00000000                 2144                   57
22222 44444444                 2341                   69
00000 00000000                 2399                   58
22222 44444444                 2595                   69
00000 00000000                 2652                   57
22222 44444444                 2848                   69
00000 00000000                 2905                   57
22222 44444444                 3102                   69
00000 00000000                 3160                   58
22222 44444444                 3356                   69
00000 00000000                 3413                   57
22222 44444444                 3609                   69
00000 00000000                 3666                   57
22222 44444444                 3863                   69
00000 00000000                 3921                   58
22222 44444444                 4117                   69
00000 00000000                 4174                   57
22222 44444444                 4370                   69
00000 00000000                 4427                   57
22222 44444444                 4624                   69
00000 00000000                 4682                   58
22222 44444444                 4878                   69
00000 00000000                 4935                   57
