11111 11111111                 1066                   66
00000 00000000                 1120                   54
22222 44444444                 1306                   65
00000 00000000                 1360                   54
22222 44444444                 1546                   65
00000 00000000                 1600                   54
22222 44444444                 1784                   65
00000 00000000                 1838                   54
22222 44444444                 2023                   65
00000 00000000                 2077                   54
22222 44444444                 2261                   65
00000 00000000                 2315                   54
22222 44444444                 2499                   65
00000 00000000                 2553                   54
22222 44444444                 2738                   65
00000 00000000                 2792                   54
22222 44444444                 2976                   65
00000 00000000                 3030                   54
22222 44444444                 3214                   65
00000 00000000                 3268                   54
22222 44444444                 3453                   65
00000 00000000                 3507                   54
22222 44444444                 3691                   65
00000 00000000                 3745                   54
22222 44444444                 3929                   65
00000 00000000                 3983                   54
22222 44444444                 4168                   65
00000 00000000                 4222                   54
22222 44444444                 4406                   65
00000 00000000                 4460                   54
22222 44444444                 4644                   65
00000 00000000                 4698                   54
22222 44444444                 4883                   65
00000 00000000                 4937                   54
