11111 11111111                 1078                   78
00000 00000000                 1144                   66
22222 44444444                 1367                   78
00000 00000000                 1433                   66
22222 44444444                 1655                   77
00000 00000000                 1721                   66
22222 44444444                 1942                   77
00000 00000000                 2008                   66
22222 44444444                 2229                   77
00000 00000000                 2295                   66
22222 44444444                 2517                   77
00000 00000000                 2583                   66
22222 44444444                 2804                   77
00000 00000000                 2870                   66
22222 44444444                 3091                   77
00000 00000000                 3157                   66
22222 44444444                 3379                   77
00000 00000000                 3445                   66
22222 44444444                 3666                   77
00000 00000000                 3732                   66
22222 44444444                 3953                   77
00000 00000000                 4019                   66
22222 44444444                 4241                   77
00000 00000000                 4307                   66
22222 44444444                 4528                   77
00000 00000000                 4594                   66
22222 44444444                 4815                   77
00000 00000000                 4881                   66
