11111 00000000                 1270                   94
00000 00000000                 1353                   83
22222 00000000                 1623                   94
00000 00000000                 1706                   83
22222 00000000                 1975                   93
00000 00000000                 2058                   83
22222 00000000                 2326                   93
00000 00000000                 2409                   83
22222 00000000                 2678                   94
00000 00000000                 2761                   83
22222 00000000                 3030                   93
00000 00000000                 3113                   83
22222 00000000                 3381                   93
00000 00000000                 3464                   83
22222 00000000                 3733                   94
00000 00000000                 3816                   83
22222 00000000                 4085                   93
00000 00000000                 4168                   83
22222 00000000                 4436                   93
00000 00000000                 4519                   83
22222 00000000                 4788                   94
00000 00000000                 4871                   83
