11111 00000000                 1255                   89
00000 00000000                 1334                   79
22222 00000000                 1590                   89
00000 00000000                 1668                   78
22222 00000000                 1922                   88
00000 00000000                 2000                   78
22222 00000000                 2254                   88
00000 00000000                 2333                   79
22222 00000000                 2587                   89
00000 00000000                 2665                   78
22222 00000000                 2919                   88
00000 00000000                 2997                   78
22222 00000000                 3251                   88
00000 00000000                 3330                   79
22222 00000000                 3584                   89
00000 00000000                 3662                   78
22222 00000000                 3916                   88
00000 00000000                 3994                   78
22222 00000000                 4248                   88
00000 00000000                 4327                   79
22222 00000000                 4581                   89
00000 00000000                 4659                   78
22222 00000000                 4913                   88
00000 00000000                 4991                   78
