11111 11111111                 1065                   65
00000 00000000                 1118                   53
22222 44444444                 1302                   65
00000 00000000                 1356                   54
22222 44444444                 1539                   64
00000 00000000                 1593                   54
22222 44444444                 1776                   65
00000 00000000                 1830                   54
22222 44444444                 2014                   65
00000 00000000                 2068                   54
22222 44444444                 2252                   65
00000 00000000                 2306                   54
22222 44444444                 2489                   65
00000 00000000                 2543                   54
22222 44444444                 2726                   65
00000 00000000                 2780                   54
22222 44444444                 2964                   65
00000 00000000                 3018                   54
22222 44444444                 3201                   65
00000 00000000                 3255                   54
22222 44444444                 3438                   65
00000 00000000                 3492                   54
22222 44444444                 3676                   65
00000 00000000                 3730                   54
22222 44444444                 3913                   65
00000 00000000                 3967                   54
22222 44444444                 4150                   65
00000 00000000                 4204                   54
22222 44444444                 4388                   65
00000 00000000                 4442                   54
22222 44444444                 4625                   65
00000 00000000                 4679                   54
22222 44444444                 4862                   65
00000 00000000                 4916                   54
