11111 00000000                 1228                   80
00000 00000000                 1297                   69
22222 00000000                 1525                   80
00000 00000000                 1594                   69
22222 00000000                 1823                   80
00000 00000000                 1892                   69
22222 00000000                 2120                   80
00000 00000000                 2189                   69
22222 00000000                 2416                   80
00000 00000000                 2485                   69
22222 00000000                 2714                   80
00000 00000000                 2783                   69
22222 00000000                 3011                   80
00000 00000000                 3080                   69
22222 00000000                 3307                   80
00000 00000000                 3376                   69
22222 00000000                 3605                   80
00000 00000000                 3674                   69
22222 00000000                 3902                   80
00000 00000000                 3971                   69
22222 00000000                 4198                   80
00000 00000000                 4267                   69
22222 00000000                 4496                   80
00000 00000000                 4565                   69
22222 00000000                 4793                   80
00000 00000000                 4862                   69
