11111 11111111                 1098                   98
00000 00000000                 1185                   87
22222 44444444                 1469                   98
00000 00000000                 1556                   87
22222 44444444                 1839                   97
00000 00000000                 1926                   87
22222 44444444                 2208                   97
00000 00000000                 2295                   87
22222 44444444                 2577                   97
00000 00000000                 2664                   87
22222 44444444                 2947                   97
00000 00000000                 3035                   88
22222 44444444                 3318                   98
00000 00000000                 3405                   87
22222 44444444                 3687                   97
00000 00000000                 3774                   87
22222 44444444                 4057                   97
00000 00000000                 4145                   88
22222 44444444                 4428                   98
00000 00000000                 4515                   87
22222 44444444                 4797                   97
00000 00000000                 4884                   87
