11111 00000000                 1283                   98
00000 00000000                 1371                   88
22222 00000000                 1654                   98
00000 00000000                 1742                   88
22222 00000000                 2023                   97
00000 00000000                 2111                   88
22222 00000000                 2392                   97
00000 00000000                 2480                   88
22222 00000000                 2762                   98
00000 00000000                 2850                   88
22222 00000000                 3132                   97
00000 00000000                 3220                   88
22222 00000000                 3502                   97
00000 00000000                 3590                   88
22222 00000000                 3872                   98
00000 00000000                 3960                   88
22222 00000000                 4242                   97
00000 00000000                 4330                   88
22222 00000000                 4612                   97
00000 00000000                 4700                   88
22222 00000000                 4982                   98
