11111 11111111                 1080                   80
00000 00000000                 1148                   68
22222 44444444                 1377                   80
00000 00000000                 1445                   68
22222 44444444                 1674                   80
00000 00000000                 1743                   69
22222 44444444                 1972                   80
00000 00000000                 2040                   68
22222 44444444                 2268                   79
00000 00000000                 2336                   68
22222 44444444                 2565                   80
00000 00000000                 2634                   69
22222 44444444                 2863                   80
00000 00000000                 2931                   68
22222 44444444                 3159                   79
00000 00000000                 3227                   68
22222 44444444                 3456                   80
00000 00000000                 3525                   69
22222 44444444                 3754                   80
00000 00000000                 3822                   68
22222 44444444                 4050                   79
00000 00000000                 4118                   68
22222 44444444                 4347                   80
00000 00000000                 4416                   69
22222 44444444                 4645                   80
00000 00000000                 4713                   68
22222 44444444                 4941                   79
