11111 00000000                 1290                  101
00000 00000000                 1379                   89
22222 00000000                 1668                  101
00000 00000000                 1757                   89
22222 00000000                 2045                  100
00000 00000000                 2134                   89
22222 00000000                 2422                  100
00000 00000000                 2511                   89
22222 00000000                 2798                  100
00000 00000000                 2887                   89
22222 00000000                 3175                  100
00000 00000000                 3264                   89
22222 00000000                 3552                  100
00000 00000000                 3641                   89
22222 00000000                 3928                  100
00000 00000000                 4017                   89
22222 00000000                 4305                  100
00000 00000000                 4394                   89
22222 00000000                 4682                  100
00000 00000000                 4771                   89
