11111 11111111                 1068                   68
00000 00000000                 1124                   56
22222 44444444                 1317                   68
00000 00000000                 1373                   56
22222 44444444                 1565                   67
00000 00000000                 1621                   56
22222 44444444                 1813                   68
00000 00000000                 1869                   56
22222 44444444                 2061                   67
00000 00000000                 2117                   56
22222 44444444                 2309                   67
00000 00000000                 2365                   56
22222 44444444                 2557                   68
00000 00000000                 2613                   56
22222 44444444                 2804                   67
00000 00000000                 2860                   56
22222 44444444                 3052                   67
00000 00000000                 3108                   56
22222 44444444                 3301                   68
00000 00000000                 3357                   56
22222 44444444                 3548                   67
00000 00000000                 3604                   56
22222 44444444                 3796                   67
00000 00000000                 3852                   56
22222 44444444                 4044                   68
00000 00000000                 4100                   56
22222 44444444                 4291                   67
00000 00000000                 4347                   56
22222 44444444                 4539                   67
00000 00000000                 4595                   56
22222 44444444                 4787                   68
00000 00000000                 4843                   56
