11111 11111111                 1101                  101
00000 00000000                 1189                   88
22222 44444444                 1479                  100
00000 00000000                 1567                   88
22222 44444444                 1856                   99
00000 00000000                 1945                   89
22222 44444444                 2234                  100
00000 00000000                 2322                   88
22222 44444444                 2610                   99
00000 00000000                 2698                   88
22222 44444444                 2986                   99
00000 00000000                 3075                   89
22222 44444444                 3364                  100
00000 00000000                 3452                   88
22222 44444444                 3740                   99
00000 00000000                 3828                   88
22222 44444444                 4116                   99
00000 00000000                 4205                   89
22222 44444444                 4494                  100
00000 00000000                 4582                   88
22222 44444444                 4870                   99
00000 00000000                 4958                   88
