11111 11111111                 1105                  105
00000 00000000                 1199                   94
22222 44444444                 1504                  105
00000 00000000                 1598                   94
22222 44444444                 1902                  104
00000 00000000                 1997                   95
22222 44444444                 2302                  105
00000 00000000                 2396                   94
22222 44444444                 2700                  104
00000 00000000                 2794                   94
22222 44444444                 3098                  104
00000 00000000                 3193                   95
22222 44444444                 3498                  105
00000 00000000                 3592                   94
22222 44444444                 3896                  104
00000 00000000                 3990                   94
22222 44444444                 4294                  104
00000 00000000                 4389                   95
22222 44444444                 4694                  105
00000 00000000                 4788                   94
