11111 00000000                 1194                   69
00000 00000000                 1252                   58
22222 00000000                 1446                   69
00000 00000000                 1503                   57
22222 00000000                 1696                   68
00000 00000000                 1753                   57
22222 00000000                 1946                   68
00000 00000000                 2004                   58
22222 00000000                 2196                   68
00000 00000000                 2253                   57
22222 00000000                 2446                   68
00000 00000000                 2503                   57
22222 00000000                 2696                   68
00000 00000000                 2754                   58
22222 00000000                 2946                   68
00000 00000000                 3003                   57
22222 00000000                 3196                   68
00000 00000000                 3253                   57
22222 00000000                 3446                   68
00000 00000000                 3504                   58
22222 00000000                 3696                   68
00000 00000000                 3753                   57
22222 00000000                 3946                   68
00000 00000000                 4003                   57
22222 00000000                 4196                   68
00000 00000000                 4254                   58
22222 00000000                 4446                   68
00000 00000000                 4503                   57
22222 00000000                 4696                   68
00000 00000000                 4753                   57
22222 00000000                 4946                   68
