11111 00000000                 1186                   66
00000 00000000                 1241                   55
22222 00000000                 1426                   66
00000 00000000                 1481                   55
22222 00000000                 1665                   65
00000 00000000                 1719                   54
22222 00000000                 1903                   65
00000 00000000                 1958                   55
22222 00000000                 2142                   65
00000 00000000                 2196                   54
22222 00000000                 2380                   65
00000 00000000                 2434                   54
22222 00000000                 2618                   65
00000 00000000                 2673                   55
22222 00000000                 2857                   65
00000 00000000                 2911                   54
22222 00000000                 3095                   65
00000 00000000                 3149                   54
22222 00000000                 3333                   65
00000 00000000                 3388                   55
22222 00000000                 3572                   65
00000 00000000                 3626                   54
22222 00000000                 3810                   65
00000 00000000                 3864                   54
22222 00000000                 4048                   65
00000 00000000                 4103                   55
22222 00000000                 4287                   65
00000 00000000                 4341                   54
22222 00000000                 4525                   65
00000 00000000                 4579                   54
22222 00000000                 4763                   65
00000 00000000                 4818                   55
