11111 00000000                 1183                   65
00000 00000000                 1237                   54
22222 00000000                 1421                   65
00000 00000000                 1475                   54
22222 00000000                 1657                   64
00000 00000000                 1711                   54
22222 00000000                 1895                   65
00000 00000000                 1949                   54
22222 00000000                 2133                   65
00000 00000000                 2187                   54
22222 00000000                 2370                   64
00000 00000000                 2424                   54
22222 00000000                 2607                   64
00000 00000000                 2661                   54
22222 00000000                 2845                   65
00000 00000000                 2899                   54
22222 00000000                 3082                   64
00000 00000000                 3136                   54
22222 00000000                 3319                   64
00000 00000000                 3373                   54
22222 00000000                 3557                   65
00000 00000000                 3611                   54
22222 00000000                 3794                   64
00000 00000000                 3848                   54
22222 00000000                 4031                   64
00000 00000000                 4085                   54
22222 00000000                 4269                   65
00000 00000000                 4323                   54
22222 00000000                 4506                   64
00000 00000000                 4560                   54
22222 00000000                 4743                   64
00000 00000000                 4797                   54
22222 00000000                 4981                   65
