11111 00000000                 1192                   68
00000 00000000                 1249                   57
22222 00000000                 1441                   68
00000 00000000                 1498                   57
22222 00000000                 1688                   67
00000 00000000                 1745                   57
22222 00000000                 1937                   68
00000 00000000                 1994                   57
22222 00000000                 2185                   68
00000 00000000                 2242                   57
22222 00000000                 2432                   67
00000 00000000                 2489                   57
22222 00000000                 2680                   67
00000 00000000                 2737                   57
22222 00000000                 2928                   68
00000 00000000                 2985                   57
22222 00000000                 3176                   68
00000 00000000                 3233                   57
22222 00000000                 3424                   67
00000 00000000                 3481                   57
22222 00000000                 3672                   68
00000 00000000                 3729                   57
22222 00000000                 3919                   67
00000 00000000                 3976                   57
22222 00000000                 4167                   67
00000 00000000                 4224                   57
22222 00000000                 4415                   68
00000 00000000                 4472                   57
22222 00000000                 4662                   67
00000 00000000                 4719                   57
22222 00000000                 4910                   67
00000 00000000                 4967                   57
