11111 00000000                 1197                   70
00000 00000000                 1255                   58
22222 00000000                 1453                   70
00000 00000000                 1511                   58
22222 00000000                 1707                   69
00000 00000000                 1765                   58
22222 00000000                 1960                   69
00000 00000000                 2018                   58
22222 00000000                 2214                   70
00000 00000000                 2272                   58
22222 00000000                 2468                   69
00000 00000000                 2526                   58
22222 00000000                 2721                   69
00000 00000000                 2779                   58
22222 00000000                 2975                   70
00000 00000000                 3033                   58
22222 00000000                 3229                   69
00000 00000000                 3287                   58
22222 00000000                 3482                   69
00000 00000000                 3540                   58
22222 00000000                 3736                   70
00000 00000000                 3794                   58
22222 00000000                 3990                   69
00000 00000000                 4048                   58
22222 00000000                 4243                   69
00000 00000000                 4301                   58
22222 00000000                 4497                   70
00000 00000000                 4555                   58
22222 00000000                 4751                   69
00000 00000000                 4809                   58
