11111 11111111                 1094                   94
00000 00000000                 1176                   82
22222 44444444                 1447                   94
00000 00000000                 1529                   82
22222 44444444                 1799                   93
00000 00000000                 1882                   83
22222 44444444                 2151                   93
00000 00000000                 2233                   82
22222 44444444                 2502                   93
00000 00000000                 2584                   82
22222 44444444                 2854                   93
00000 00000000                 2937                   83
22222 44444444                 3206                   93
00000 00000000                 3288                   82
22222 44444444                 3557                   93
00000 00000000                 3639                   82
22222 44444444                 3909                   93
00000 00000000                 3992                   83
22222 44444444                 4261                   93
00000 00000000                 4343                   82
22222 44444444                 4612                   93
00000 00000000                 4694                   82
22222 44444444                 4964                   93
