11111 00000000                 1222                   78
00000 00000000                 1289                   67
22222 00000000                 1511                   78
00000 00000000                 1578                   67
22222 00000000                 1798                   77
00000 00000000                 1865                   67
22222 00000000                 2085                   77
00000 00000000                 2152                   67
22222 00000000                 2373                   78
00000 00000000                 2440                   67
22222 00000000                 2660                   77
00000 00000000                 2727                   67
22222 00000000                 2947                   77
00000 00000000                 3014                   67
22222 00000000                 3235                   78
00000 00000000                 3302                   67
22222 00000000                 3522                   77
00000 00000000                 3589                   67
22222 00000000                 3809                   77
00000 00000000                 3876                   67
22222 00000000                 4097                   78
00000 00000000                 4164                   67
22222 00000000                 4384                   77
00000 00000000                 4451                   67
22222 00000000                 4671                   77
00000 00000000                 4738                   67
22222 00000000                 4959                   78
