11111 11111111                 1089                   89
00000 00000000                 1166                   77
22222 44444444                 1423                   89
00000 00000000                 1501                   78
22222 44444444                 1756                   88
00000 00000000                 1834                   78
22222 44444444                 2088                   88
00000 00000000                 2166                   78
22222 44444444                 2421                   88
00000 00000000                 2498                   77
22222 44444444                 2753                   88
00000 00000000                 2831                   78
22222 44444444                 3085                   88
00000 00000000                 3163                   78
22222 44444444                 3418                   88
00000 00000000                 3495                   77
22222 44444444                 3750                   88
00000 00000000                 3828                   78
22222 44444444                 4082                   88
00000 00000000                 4160                   78
22222 44444444                 4415                   88
00000 00000000                 4492                   77
22222 44444444                 4747                   88
00000 00000000                 4825                   78
