11111 11111111                 1084                   84
00000 00000000                 1155                   71
22222 44444444                 1394                   83
00000 00000000                 1465                   71
22222 44444444                 1704                   83
00000 00000000                 1776                   72
22222 44444444                 2014                   83
00000 00000000                 2085                   71
22222 44444444                 2323                   83
00000 00000000                 2394                   71
22222 44444444                 2633                   83
00000 00000000                 2705                   72
22222 44444444                 2943                   83
00000 00000000                 3014                   71
22222 44444444                 3252                   83
00000 00000000                 3323                   71
22222 44444444                 3562                   83
00000 00000000                 3634                   72
22222 44444444                 3872                   83
00000 00000000                 3943                   71
22222 44444444                 4181                   83
00000 00000000                 4252                   71
22222 44444444                 4491                   83
00000 00000000                 4563                   72
22222 44444444                 4801                   83
00000 00000000                 4872                   71
