11111 11111111                 1069                   69
00000 00000000                 1125                   56
22222 44444444                 1320                   68
00000 00000000                 1377                   57
22222 44444444                 1571                   68
00000 00000000                 1628                   57
22222 44444444                 1821                   68
00000 00000000                 1878                   57
22222 44444444                 2072                   68
00000 00000000                 2128                   56
22222 44444444                 2321                   68
00000 00000000                 2378                   57
22222 44444444                 2571                   68
00000 00000000                 2628                   57
22222 44444444                 2822                   68
00000 00000000                 2878                   56
22222 44444444                 3071                   68
00000 00000000                 3128                   57
22222 44444444                 3321                   68
00000 00000000                 3378                   57
22222 44444444                 3572                   68
00000 00000000                 3628                   56
22222 44444444                 3821                   68
00000 00000000                 3878                   57
22222 44444444                 4071                   68
00000 00000000                 4128                   57
22222 44444444                 4322                   68
00000 00000000                 4378                   56
22222 44444444                 4571                   68
00000 00000000                 4628                   57
22222 44444444                 4821                   68
00000 00000000                 4878                   57
