7f 00000000 00000000                 1455                  183
00 00000000 00000000                 1642                  187
7f 00000000 00000000                 1642                    0
7f 00000000 00000000                 1825                  183
7f 00000000 00000000                 2020                  195
09 00000000 00000000                 2205                  185
09 00000000 00000000                 2401                  196
1a 00000000 ffffffff                 2581                  180
1a 00000000 00000000                 2775                  194
01 89375212 76c8aded                 2957                  182
01 00000000 00000000                 3153                  196
76 00000000 00000000                 3338                  185
76 00000000 00000000                 3536                  198
06 00000000 00000000                 3719                  183
06 00000000 00000000                 3914                  195
45 00000000 00000000                 4099                  185
45 00000000 00000000                 4297                  198
6d 1e8dcd3d e17232c2                 4482                  185
6d 00000000 00000000                 4680                  198
0d 00000000 00000000                 4866                  186
