7f 00000000 00000000                 1468                  192
00 00000000 00000000                 1659                  191
7f 00000000 00000000                 1659                    0
7f 00000000 00000000                 1851                  192
7f 00000000 00000000                 2049                  198
09 00000000 00000000                 2243                  194
09 00000000 00000000                 2441                  198
1a fffffffe 00000001                 2631                  190
1a 00000000 00000000                 2828                  197
01 89375212 76c8aded                 3020                  192
01 00000000 00000000                 3218                  198
12 fffffffe 00000001                 3408                  190
12 00000000 00000000                 3605                  197
06 fffffffe 00000001                 3795                  190
06 00000000 00000000                 3992                  197
45 e33724c6 1cc8db39                 4185                  193
45 00000000 00000000                 4384                  199
6d 1e8dcd3d e17232c2                 4577                  193
6d 00000000 00000000                 4775                  198
72 47ecdb8f b8132470                 4967                  192
