7f 00000000 00000000                 1413                  165
00 00000000 00000000                 1591                  178
7f 00000000 00000000                 1591                    0
7f 00000000 00000000                 1756                  165
7f 00000000 00000000                 1941                  185
09 00000000 00000000                 2105                  164
09 00000000 00000000                 2291                  186
1a 00000000 00000000                 2453                  162
1a 00000000 00000000                 2638                  185
01 00000000 00000000                 2799                  161
01 00000000 00000000                 2985                  186
12 00000000 00000000                 3146                  161
12 00000000 00000000                 3331                  185
06 00000000 00000000                 3492                  161
06 00000000 00000000                 3677                  185
45 00000000 00000000                 3840                  163
45 00000000 00000000                 4027                  187
6d 00000000 00000000                 4192                  165
6d 00000000 00000000                 4379                  187
72 00000000 00000000                 4541                  162
72 00000000 00000000                 4728                  187
68 00000000 00000000                 4891                  163
