00 12153524 edeacadb                 1138                  138
00 00000000 00000000                 1297                  159
09 c0895e81 3f76a17e                 1843                  142
09 00000000 00000000                 2003                  160
0d b1f05663 4e0fa99c                 2145                  142
0d 00000000 00000000                 2305                  160
65 46df998d b9206672                 2448                  143
65 00000000 00000000                 2610                  162
01 89375212 76c8aded                 2751                  141
01 00000000 00000000                 2911                  160
76 06d7cd0d f92832f2                 3054                  143
76 00000000 00000000                 3216                  162
6d 1e8dcd3d e17232c2                 3361                  145
6d 00000000 00000000                 3522                  161
79 462df78c b9d20873                 3664                  142
79 00000000 00000000                 3825                  161
45 e33724c6 1cc8db39                 3971                  146
45 00000000 00000000                 4132                  161
65 d513d2aa 2aec2d55                 4272                  140
65 00000000 00000000                 4433                  161
12 bbd27277 442d8d88                 4575                  142
12 00000000 00000000                 4736                  161
72 47ecdb8f b8132470                 4876                  140
