7f 00000000 00000000                 1430                  175
00 00000000 00000000                 1608                  178
7f 00000000 00000000                 1608                    0
7f 00000000 00000000                 1784                  176
7f 00000000 00000000                 1968                  184
09 00000000 00000000                 2146                  178
09 00000000 00000000                 2329                  183
1a 00000000 ffffffff                 2502                  173
1a 00000000 00000000                 2685                  183
01 89375212 76c8aded                 2860                  175
01 00000000 00000000                 3043                  183
12 00000000 ffffffff                 3216                  173
12 00000000 00000000                 3399                  183
06 00000000 ffffffff                 3572                  173
06 00000000 00000000                 3755                  183
45 00000000 00000000                 3933                  178
45 00000000 00000000                 4117                  184
6d 1e8dcd3d e17232c2                 4294                  177
6d 00000000 00000000                 4479                  185
72 47ecdb8f b8132470                 4656                  177
72 00000000 00000000                 4842                  186
