00 12153524 edeacadb                 1163                  163
00 00000000 00000000                 1343                  180
09 c0895e81 3f76a17e                 1984                  167
09 00000000 00000000                 2165                  181
0d b1f05663 4e0fa99c                 2331                  166
0d 00000000 00000000                 2512                  181
65 46df998d b9206672                 2680                  168
65 00000000 00000000                 2863                  183
01 89375212 76c8aded                 3030                  167
01 00000000 00000000                 3211                  181
76 06d7cd0d f92832f2                 3379                  168
76 00000000 00000000                 3564                  185
6d 1e8dcd3d e17232c2                 3735                  171
6d 00000000 00000000                 3918                  183
79 462df78c b9d20873                 4085                  167
79 00000000 00000000                 4269                  184
45 e33724c6 1cc8db39                 4440                  171
45 00000000 00000000                 4623                  183
65 d513d2aa 2aec2d55                 4788                  165
65 00000000 00000000                 4971                  183
