00 12153524 edeacadb                 1128                  128
00 00000000 00000000                 1276                  148
09 c0895e81 3f76a17e                 1791                  132
09 00000000 00000000                 1940                  149
0d b1f05663 4e0fa99c                 2071                  131
0d 00000000 00000000                 2219                  148
65 46df998d b9206672                 2351                  132
65 00000000 00000000                 2501                  150
01 89375212 76c8aded                 2632                  131
01 00000000 00000000                 2781                  149
76 06d7cd0d f92832f2                 2914                  133
76 00000000 00000000                 3065                  151
6d 1e8dcd3d e17232c2                 3200                  135
6d 00000000 00000000                 3350                  150
79 462df78c b9d20873                 3482                  132
79 00000000 00000000                 3632                  150
45 e33724c6 1cc8db39                 3767                  135
45 00000000 00000000                 3917                  150
65 d513d2aa 2aec2d55                 4047                  130
65 00000000 00000000                 4197                  150
12 bbd27277 442d8d88                 4329                  132
12 00000000 00000000                 4479                  150
72 47ecdb8f b8132470                 4609                  130
72 00000000 00000000                 4760                  151
68 e77696ce 18896931                 4893                  133
