00 12153524 edeacadb                 1141                  141
00 00000000 00000000                 1300                  159
09 c0895e81 3f76a17e                 1857                  144
09 00000000 00000000                 2017                  160
0d b1f05663 4e0fa99c                 2161                  144
0d 00000000 00000000                 2321                  160
65 46df998d b9206672                 2467                  146
65 00000000 00000000                 2629                  162
01 89375212 76c8aded                 2773                  144
01 00000000 00000000                 2934                  161
76 06d7cd0d f92832f2                 3080                  146
76 00000000 00000000                 3243                  163
6d 1e8dcd3d e17232c2                 3391                  148
6d 00000000 00000000                 3553                  162
79 462df78c b9d20873                 3697                  144
79 00000000 00000000                 3859                  162
45 e33724c6 1cc8db39                 4007                  148
45 00000000 00000000                 4169                  162
65 d513d2aa 2aec2d55                 4312                  143
65 00000000 00000000                 4474                  162
12 bbd27277 442d8d88                 4619                  145
12 00000000 00000000                 4781                  162
72 47ecdb8f b8132470                 4924                  143
