00 12153524 edeacadb                 1131                  131
00 00000000 00000000                 1280                  149
09 c0895e81 3f76a17e                 1808                  135
09 00000000 00000000                 1958                  150
0d b1f05663 4e0fa99c                 2093                  135
0d 00000000 00000000                 2243                  150
65 46df998d b9206672                 2379                  136
65 00000000 00000000                 2531                  152
01 89375212 76c8aded                 2665                  134
01 00000000 00000000                 2815                  150
76 06d7cd0d f92832f2                 2951                  136
76 00000000 00000000                 3104                  153
6d 1e8dcd3d e17232c2                 3242                  138
6d 00000000 00000000                 3393                  151
79 462df78c b9d20873                 3528                  135
79 00000000 00000000                 3679                  151
45 e33724c6 1cc8db39                 3818                  139
45 00000000 00000000                 3969                  151
65 d513d2aa 2aec2d55                 4102                  133
65 00000000 00000000                 4254                  152
12 bbd27277 442d8d88                 4390                  136
12 00000000 00000000                 4541                  151
72 47ecdb8f b8132470                 4674                  133
72 00000000 00000000                 4827                  153
68 e77696ce 18896931                 4964                  137
