00 12153524 edeacadb                 1124                  124
00 00000000 00000000                 1272                  148
09 c0895e81 3f76a17e                 1771                  129
09 00000000 00000000                 1919                  148
0d b1f05663 4e0fa99c                 2048                  129
0d 00000000 00000000                 2196                  148
65 46df998d b9206672                 2325                  129
65 00000000 00000000                 2475                  150
01 89375212 76c8aded                 2603                  128
01 00000000 00000000                 2752                  149
76 06d7cd0d f92832f2                 2882                  130
76 00000000 00000000                 3032                  150
6d 1e8dcd3d e17232c2                 3164                  132
6d 00000000 00000000                 3313                  149
79 462df78c b9d20873                 3442                  129
79 00000000 00000000                 3591                  149
45 e33724c6 1cc8db39                 3723                  132
45 00000000 00000000                 3872                  149
65 d513d2aa 2aec2d55                 3998                  126
65 00000000 00000000                 4148                  150
12 bbd27277 442d8d88                 4277                  129
12 00000000 00000000                 4426                  149
72 47ecdb8f b8132470                 4553                  127
72 00000000 00000000                 4704                  151
68 e77696ce 18896931                 4834                  130
68 00000000 00000000                 4983                  149
