0a 12153524 edeacadb                13575                12975
00 00000000 00000000                28368                14793
01 80054600 7ffab9ff                72200                12583
00 00000000 00000000                86821                14621
63 8484d609 7b7b29f6                99629                12808
00 00000000 00000000               114104                14475
0d 06b97b0d f94684f2               127151                13047
00 00000000 00000000               141831                14680
12 b2c28465 4d3d7b9a               154498                12667
00 00000000 00000000               169149                14651
0d 00f3e301 ff0c1cfe               182170                13021
00 00000000 00000000               196832                14662
3d 3b23f176 c4dc0e89               209941                13109
00 00000000 00000000               224705                14764
0c 76d457ed 892ba812               237824                13119
00 00000000 00000000               252525                14701
46 7cfde9f9 83021606               265314                12789
00 00000000 00000000               280184                14870
2a e2f784c5 1d087b3a               292980                12796
00 00000000 00000000               307821                14841
77 72aff7e5 8d50081a               320725                12904
