00 12153524 edeacadb                 1144                  144
00 00000000 00000000                 1305                  161
09 c0895e81 3f76a17e                 1878                  148
09 00000000 00000000                 2040                  162
0d b1f05663 4e0fa99c                 2187                  147
0d 00000000 00000000                 2349                  162
65 46df998d b9206672                 2498                  149
65 00000000 00000000                 2662                  164
01 89375212 76c8aded                 2809                  147
01 00000000 00000000                 2971                  162
76 06d7cd0d f92832f2                 3120                  149
76 00000000 00000000                 3285                  165
6d 1e8dcd3d e17232c2                 3436                  151
6d 00000000 00000000                 3600                  164
79 462df78c b9d20873                 3748                  148
79 00000000 00000000                 3912                  164
45 e33724c6 1cc8db39                 4064                  152
45 00000000 00000000                 4228                  164
65 d513d2aa 2aec2d55                 4374                  146
65 00000000 00000000                 4538                  164
12 bbd27277 442d8d88                 4686                  148
12 00000000 00000000                 4850                  164
72 47ecdb8f b8132470                 4996                  146
