00 12153524 edeacadb                 1158                  158
00 00000000 00000000                 1334                  176
09 c0895e81 3f76a17e                 1949                  161
09 00000000 00000000                 2126                  177
0d b1f05663 4e0fa99c                 2287                  161
0d 00000000 00000000                 2464                  177
65 46df998d b9206672                 2626                  162
65 00000000 00000000                 2806                  180
01 89375212 76c8aded                 2967                  161
01 00000000 00000000                 3144                  177
76 06d7cd0d f92832f2                 3306                  162
76 00000000 00000000                 3487                  181
6d 1e8dcd3d e17232c2                 3652                  165
6d 00000000 00000000                 3831                  179
79 462df78c b9d20873                 3992                  161
79 00000000 00000000                 4172                  180
45 e33724c6 1cc8db39                 4338                  166
45 00000000 00000000                 4517                  179
65 d513d2aa 2aec2d55                 4676                  159
65 00000000 00000000                 4855                  179
