7f 00000000 00000000                 1417                  167
00 00000000 00000000                 1591                  174
7f 00000000 00000000                 1591                    0
7f 00000000 00000000                 1758                  167
7f 00000000 00000000                 1939                  181
09 00000000 00000000                 2107                  168
09 00000000 00000000                 2290                  183
1a fffffffe 00000001                 2455                  165
1a 00000000 00000000                 2635                  180
01 fffffffe 76c8aded                 2800                  165
01 00000000 00000000                 2982                  182
76 00000000 00000000                 3150                  168
76 00000000 00000000                 3334                  184
06 00000000 00000000                 3501                  167
06 00000000 00000000                 3682                  181
45 00000000 00000000                 3849                  167
45 00000000 00000000                 4031                  182
6d 00000000 00000000                 4199                  168
6d 00000000 00000000                 4381                  182
0d 00000000 00000000                 4549                  168
0d 00000000 00000000                 4731                  182
68 00000000 00000000                 4899                  168
